--------------------------------------------------------------------------
The library attempted to open the following supporting CUDA libraries,
but each of them failed.  CUDA-aware support is disabled.
libcuda.so.1: cannot open shared object file: No such file or directory
libcuda.dylib: cannot open shared object file: No such file or directory
/usr/lib64/libcuda.so.1: cannot open shared object file: No such file or directory
/usr/lib64/libcuda.dylib: cannot open shared object file: No such file or directory
If you are not interested in CUDA-aware support, then run with
--mca opal_warn_on_missing_libcuda 0 to suppress this message.  If you are interested
in CUDA-aware support, then try setting LD_LIBRARY_PATH to the location
of libcuda.so.1 to get passed this issue.
--------------------------------------------------------------------------
two_panel_sfr.py:621: UserWarning: FixedFormatter should only be used together with FixedLocator
  dens_cbar_ax.set_xticklabels(x_labels)
two_panel_sfr.py:625: UserWarning: FixedFormatter should only be used together with FixedLocator
  lums_cbar_ax.set_xticklabels(x_labels)
> Filter done, but missing some snapshots requested
['/scratch/dt2/lustre/fgarcia4/ramses/dwarf/data/cluster_evolution/fs035_ms10/output_01318']
Reading /scratch/dt2/lustre/fgarcia4/ramses/dwarf/data/cluster_evolution/fs07_refine/output_01142
Reading /scratch/dt2/lustre/fgarcia4/ramses/dwarf/data/cluster_evolution/fs035_ms10/output_01318
Integrating Gas
Integrating Luminosity
>Saved: ../rendering/gas_lum/two_panel_sfr/render_01142_01318_8_379.png
