Loading python/zen2/3.8.12
  Loading requirement: matplotlib/3.4.3/zen2
--------------------------------------------------------------------------
The library attempted to open the following supporting CUDA libraries,
but each of them failed.  CUDA-aware support is disabled.
libcuda.so.1: cannot open shared object file: No such file or directory
libcuda.dylib: cannot open shared object file: No such file or directory
/usr/lib64/libcuda.so.1: cannot open shared object file: No such file or directory
/usr/lib64/libcuda.dylib: cannot open shared object file: No such file or directory
If you are not interested in CUDA-aware support, then run with
--mca opal_warn_on_missing_libcuda 0 to suppress this message.  If you are interested
in CUDA-aware support, then try setting LD_LIBRARY_PATH to the location
of libcuda.so.1 to get passed this issue.
--------------------------------------------------------------------------
=============================================================================
Warning: particle_families are modified at /site-packages/yt/frontends/ramses
=============================================================================
=============================================================================
Warning: particle_families are modified at /site-packages/yt/frontends/ramses
=============================================================================
=============================================================================
Warning: particle_families are modified at /site-packages/yt/frontends/ramses
=============================================================================
=============================================================================
Warning: particle_families are modified at /site-packages/yt/frontends/ramses
=============================================================================
  File "/scratch/zt1/project/ricotti-prj/user/fgarcia4/globclustevo/visuals/high-sfe.py", line 190, in <module>
    snapshots = filter_snapshots(snap_dir, strt, end, 1)
  File "/scratch/zt1/project/ricotti-prj/user/fgarcia4/globclustevo/visuals/../modules/macros.py", line 106, in filter_snapshots
    files = sorted(os.listdir(folder_path))
P000 yt : [ERROR    ] 2023-01-06 20:33:40,294 FileNotFoundError: [Errno 2] No such file or directory: '/scratch/zt1/project/ricotti-prj/user/fgarcia4/sim_data/cluster_evolution/fs07_refine'
P000 yt : [ERROR    ] 2023-01-06 20:33:40,294 Error occurred on rank 0.
  File "/scratch/zt1/project/ricotti-prj/user/fgarcia4/globclustevo/visuals/high-sfe.py", line 190, in <module>
    snapshots = filter_snapshots(snap_dir, strt, end, 1)
  File "/scratch/zt1/project/ricotti-prj/user/fgarcia4/globclustevo/visuals/../modules/macros.py", line 106, in filter_snapshots
    files = sorted(os.listdir(folder_path))
P001 yt : [ERROR    ] 2023-01-06 20:33:40,294 FileNotFoundError: [Errno 2] No such file or directory: '/scratch/zt1/project/ricotti-prj/user/fgarcia4/sim_data/cluster_evolution/fs07_refine'
P001 yt : [ERROR    ] 2023-01-06 20:33:40,294 Error occurred on rank 1.
--------------------------------------------------------------------------
MPI_ABORT was invoked on rank 2 in communicator MPI_COMM_WORLD
with errorcode 1.

NOTE: invoking MPI_ABORT causes Open MPI to kill all MPI processes.
You may or may not see output from other processes, depending on
exactly when Open MPI kills them.
--------------------------------------------------------------------------
  File "/scratch/zt1/project/ricotti-prj/user/fgarcia4/globclustevo/visuals/high-sfe.py", line 190, in <module>
    snapshots = filter_snapshots(snap_dir, strt, end, 1)
  File "/scratch/zt1/project/ricotti-prj/user/fgarcia4/globclustevo/visuals/../modules/macros.py", line 106, in filter_snapshots
    files = sorted(os.listdir(folder_path))
P003 yt : [ERROR    ] 2023-01-06 20:33:40,294 FileNotFoundError: [Errno 2] No such file or directory: '/scratch/zt1/project/ricotti-prj/user/fgarcia4/sim_data/cluster_evolution/fs07_refine'
P003 yt : [ERROR    ] 2023-01-06 20:33:40,294 Error occurred on rank 3.
  File "/scratch/zt1/project/ricotti-prj/user/fgarcia4/globclustevo/visuals/high-sfe.py", line 190, in <module>
    snapshots = filter_snapshots(snap_dir, strt, end, 1)
  File "/scratch/zt1/project/ricotti-prj/user/fgarcia4/globclustevo/visuals/../modules/macros.py", line 106, in filter_snapshots
    files = sorted(os.listdir(folder_path))
P002 yt : [ERROR    ] 2023-01-06 20:33:40,294 FileNotFoundError: [Errno 2] No such file or directory: '/scratch/zt1/project/ricotti-prj/user/fgarcia4/sim_data/cluster_evolution/fs07_refine'
P002 yt : [ERROR    ] 2023-01-06 20:33:40,294 Error occurred on rank 2.
[compute-b6-40.zaratan.umd.edu:2490715] 3 more processes have sent help message help-mpi-common-cuda.txt / dlopen failed
[compute-b6-40.zaratan.umd.edu:2490715] Set MCA parameter "orte_base_help_aggregate" to 0 to see all help / error messages
[compute-b6-40.zaratan.umd.edu:2490715] 3 more processes have sent help message help-mpi-api.txt / mpi-abort
