--------------------------------------------------------------------------
The library attempted to open the following supporting CUDA libraries,
but each of them failed.  CUDA-aware support is disabled.
libcuda.so.1: cannot open shared object file: No such file or directory
libcuda.dylib: cannot open shared object file: No such file or directory
/usr/lib64/libcuda.so.1: cannot open shared object file: No such file or directory
/usr/lib64/libcuda.dylib: cannot open shared object file: No such file or directory
If you are not interested in CUDA-aware support, then run with
--mca mpi_cuda_support 0 to suppress this message.  If you are interested
in CUDA-aware support, then try setting LD_LIBRARY_PATH to the location
of libcuda.so.1 to get passed this issue.
--------------------------------------------------------------------------
=============================================================================
Warning: particle_families are modified at /site-packages/yt/frontends/ramses
=============================================================================
/lustre/fgarcia4/glob_clust_evo/visuals/movie_lum_projection.py:94: UserWarning: loadtxt: Empty input file: "../halo_data/fs035_ms10/fof_best/info_00154/field_stars.txt"
  field_stars = np.loadtxt(os.path.join(ds, "field_stars.txt"))
Traceback (most recent call last):
  File "/lustre/fgarcia4/glob_clust_evo/visuals/movie_lum_projection.py", line 96, in <module>
    stars = np.vstack((field_stars, bound_stars))
  File "<__array_function__ internals>", line 6, in vstack
  File "/software/spack-software/2020.05.14/linux-rhel8-ivybridge/gcc-8.4.0/python-3.7.7-zgcjuclie3fiis4ljkrfp4c4j6fkoa62/lib/python3.7/site-packages/numpy/core/shape_base.py", line 283, in vstack
    return _nx.concatenate(arrs, 0)
  File "<__array_function__ internals>", line 6, in concatenate
ValueError: all the input array dimensions for the concatenation axis must match exactly, but along dimension 1, the array at index 0 has size 0 and the array at index 1 has size 8
--------------------------------------------------------------------------
Primary job  terminated normally, but 1 process returned
a non-zero exit code. Per user-direction, the job has been aborted.
--------------------------------------------------------------------------
--------------------------------------------------------------------------
mpirun detected that one or more processes exited with non-zero status, thus causing
the job to be terminated. The first process to do so was:

  Process name: [[38482,1],0]
  Exit code:    1
--------------------------------------------------------------------------
