--------------------------------------------------------------------------
The library attempted to open the following supporting CUDA libraries,
but each of them failed.  CUDA-aware support is disabled.
libcuda.so.1: cannot open shared object file: No such file or directory
libcuda.dylib: cannot open shared object file: No such file or directory
/usr/lib64/libcuda.so.1: cannot open shared object file: No such file or directory
/usr/lib64/libcuda.dylib: cannot open shared object file: No such file or directory
If you are not interested in CUDA-aware support, then run with
--mca mpi_cuda_support 0 to suppress this message.  If you are interested
in CUDA-aware support, then try setting LD_LIBRARY_PATH to the location
of libcuda.so.1 to get passed this issue.
--------------------------------------------------------------------------
=============================================================================
Warning: particle_families are modified at
/home/fabg/cosmology/lib/python3.8/site-packages/yt/frontends/ramses
=============================================================================
=============================================================================
Warning: particle_families are modified at
/home/fabg/cosmology/lib/python3.8/site-packages/yt/frontends/ramses
=============================================================================
=============================================================================
Warning: particle_families are modified at
/home/fabg/cosmology/lib/python3.8/site-packages/yt/frontends/ramses
=============================================================================
=============================================================================
Warning: particle_families are modified at
/home/fabg/cosmology/lib/python3.8/site-packages/yt/frontends/ramses
=============================================================================
yt : [INFO     ] 2022-05-24 15:46:43,878 Global parallel computation enabled: 3 / 4
yt : [INFO     ] 2022-05-24 15:46:43,878 Global parallel computation enabled: 0 / 4
yt : [INFO     ] 2022-05-24 15:46:43,878 Global parallel computation enabled: 1 / 4
yt : [INFO     ] 2022-05-24 15:46:43,878 Global parallel computation enabled: 2 / 4
Reading /lustre/fgarcia4/ramses/dwarf/data/cluster_evolution/fs07_refine/output_00250/info_00250.txt
Reading /lustre/fgarcia4/ramses/dwarf/data/cluster_evolution/fs07_refine/output_00250/info_00250.txt
Reading /lustre/fgarcia4/ramses/dwarf/data/cluster_evolution/fs07_refine/output_00250/info_00250.txt
Reading /lustre/fgarcia4/ramses/dwarf/data/cluster_evolution/fs07_refine/output_00250/info_00250.txt
[compute-a20-31.deepthought2.umd.edu:452091] 3 more processes have sent help message help-mpi-common-cuda.txt / dlopen failed
[compute-a20-31.deepthought2.umd.edu:452091] Set MCA parameter "orte_base_help_aggregate" to 0 to see all help / error messages
