--------------------------------------------------------------------------
The library attempted to open the following supporting CUDA libraries,
but each of them failed.  CUDA-aware support is disabled.
libcuda.so.1: cannot open shared object file: No such file or directory
libcuda.dylib: cannot open shared object file: No such file or directory
/usr/lib64/libcuda.so.1: cannot open shared object file: No such file or directory
/usr/lib64/libcuda.dylib: cannot open shared object file: No such file or directory
If you are not interested in CUDA-aware support, then run with
--mca mpi_cuda_support 0 to suppress this message.  If you are interested
in CUDA-aware support, then try setting LD_LIBRARY_PATH to the location
of libcuda.so.1 to get passed this issue.
--------------------------------------------------------------------------
=============================================================================
Warning: particle_families are modified at
/home/fabg/cosmology/lib/python3.8/site-packages/yt/frontends/ramses
=============================================================================
> Reading /lustre/fgarcia4/ramses/dwarf/data/cluster_evolution/fs035_ms10/output_00154
Link length is 0.000001
Filling in 94 particles
Number of initial groups:1
Number of groups:1
FOF CPU TIME: 0.000020 secs
> Reading /lustre/fgarcia4/ramses/dwarf/data/cluster_evolution/fs035_ms10/output_00155
Link length is 0.000001
Filling in 94 particles
Number of initial groups:1
Number of groups:1
FOF CPU TIME: 0.000033 secs
> Reading /lustre/fgarcia4/ramses/dwarf/data/cluster_evolution/fs035_ms10/output_00156
Link length is 0.000001
Filling in 94 particles
Number of initial groups:1
Number of groups:1
FOF CPU TIME: 0.000076 secs
> Reading /lustre/fgarcia4/ramses/dwarf/data/cluster_evolution/fs035_ms10/output_00157
Link length is 0.000001
Filling in 94 particles
Number of initial groups:1
Number of groups:1
FOF CPU TIME: 0.000028 secs
> Reading /lustre/fgarcia4/ramses/dwarf/data/cluster_evolution/fs035_ms10/output_00158
Link length is 0.000001
Filling in 94 particles
Number of initial groups:2
Number of groups:1
FOF CPU TIME: 0.000034 secs
> Reading /lustre/fgarcia4/ramses/dwarf/data/cluster_evolution/fs035_ms10/output_00159
Link length is 0.000001
Filling in 94 particles
Number of initial groups:3
Number of groups:1
FOF CPU TIME: 0.000028 secs
> Reading /lustre/fgarcia4/ramses/dwarf/data/cluster_evolution/fs035_ms10/output_00160
Link length is 0.000001
Filling in 94 particles
Number of initial groups:2
Number of groups:1
FOF CPU TIME: 0.000029 secs
> Reading /lustre/fgarcia4/ramses/dwarf/data/cluster_evolution/fs035_ms10/output_00161
Link length is 0.000001
Filling in 94 particles
Number of initial groups:2
Number of groups:1
FOF CPU TIME: 0.000027 secs
> Reading /lustre/fgarcia4/ramses/dwarf/data/cluster_evolution/fs035_ms10/output_00162
Link length is 0.000001
Filling in 94 particles
Number of initial groups:2
Number of groups:1
FOF CPU TIME: 0.000030 secs
> Reading /lustre/fgarcia4/ramses/dwarf/data/cluster_evolution/fs035_ms10/output_00163
Link length is 0.000001
Filling in 94 particles
Number of initial groups:3
Number of groups:1
FOF CPU TIME: 0.000032 secs
> Reading /lustre/fgarcia4/ramses/dwarf/data/cluster_evolution/fs035_ms10/output_00164
Link length is 0.000001
Filling in 94 particles
Number of initial groups:2
Number of groups:1
FOF CPU TIME: 0.000027 secs
> Reading /lustre/fgarcia4/ramses/dwarf/data/cluster_evolution/fs035_ms10/output_00165
Link length is 0.000001
Filling in 94 particles
Number of initial groups:5
Number of groups:1
FOF CPU TIME: 0.000027 secs
> Reading /lustre/fgarcia4/ramses/dwarf/data/cluster_evolution/fs035_ms10/output_00166
Link length is 0.000001
Filling in 94 particles
Number of initial groups:6
Number of groups:1
FOF CPU TIME: 0.000027 secs
> Reading /lustre/fgarcia4/ramses/dwarf/data/cluster_evolution/fs035_ms10/output_00167
Link length is 0.000001
Filling in 94 particles
Number of initial groups:4
Number of groups:1
FOF CPU TIME: 0.000022 secs
> Reading /lustre/fgarcia4/ramses/dwarf/data/cluster_evolution/fs035_ms10/output_00168
Link length is 0.000001
Filling in 94 particles
Number of initial groups:17
Number of groups:3
FOF CPU TIME: 0.000022 secs
> Reading /lustre/fgarcia4/ramses/dwarf/data/cluster_evolution/fs035_ms10/output_00169
Link length is 0.000001
Filling in 94 particles
Number of initial groups:20
Number of groups:2
FOF CPU TIME: 0.000021 secs
> Reading /lustre/fgarcia4/ramses/dwarf/data/cluster_evolution/fs035_ms10/output_00170
Link length is 0.000001
Filling in 94 particles
Number of initial groups:29
Number of groups:2
FOF CPU TIME: 0.000023 secs
> Reading /lustre/fgarcia4/ramses/dwarf/data/cluster_evolution/fs035_ms10/output_00171
Link length is 0.000001
Filling in 94 particles
Number of initial groups:26
Number of groups:2
FOF CPU TIME: 0.000024 secs
> Reading /lustre/fgarcia4/ramses/dwarf/data/cluster_evolution/fs035_ms10/output_00172
Link length is 0.000001
Filling in 94 particles
Number of initial groups:21
Number of groups:2
FOF CPU TIME: 0.000022 secs
> Reading /lustre/fgarcia4/ramses/dwarf/data/cluster_evolution/fs035_ms10/output_00173
Link length is 0.000000
Filling in 302 particles
Number of initial groups:36
Number of groups:5
FOF CPU TIME: 0.000161 secs
> Reading /lustre/fgarcia4/ramses/dwarf/data/cluster_evolution/fs035_ms10/output_00174
Link length is 0.000000
Filling in 482 particles
Number of initial groups:41
Number of groups:6
FOF CPU TIME: 0.000169 secs
> Reading /lustre/fgarcia4/ramses/dwarf/data/cluster_evolution/fs035_ms10/output_00175
Link length is 0.000000
Filling in 482 particles
Number of initial groups:40
Number of groups:8
FOF CPU TIME: 0.001266 secs
> Reading /lustre/fgarcia4/ramses/dwarf/data/cluster_evolution/fs035_ms10/output_00176
Link length is 0.000000
Filling in 589 particles
Number of initial groups:113
Number of groups:11
FOF CPU TIME: 0.000513 secs
> Reading /lustre/fgarcia4/ramses/dwarf/data/cluster_evolution/fs035_ms10/output_00177
Link length is 0.000000
Filling in 589 particles
Number of initial groups:171
Number of groups:8
FOF CPU TIME: 0.001068 secs
> Reading /lustre/fgarcia4/ramses/dwarf/data/cluster_evolution/fs035_ms10/output_00178
Link length is 0.000000
Filling in 589 particles
Number of initial groups:188
Number of groups:8
FOF CPU TIME: 0.001106 secs
> Reading /lustre/fgarcia4/ramses/dwarf/data/cluster_evolution/fs035_ms10/output_00179
Link length is 0.000000
Filling in 589 particles
Number of initial groups:216
Number of groups:7
FOF CPU TIME: 0.000639 secs
> Reading /lustre/fgarcia4/ramses/dwarf/data/cluster_evolution/fs035_ms10/output_00180
Link length is 0.000000
Filling in 589 particles
Number of initial groups:221
Number of groups:5
FOF CPU TIME: 0.000199 secs
> Reading /lustre/fgarcia4/ramses/dwarf/data/cluster_evolution/fs035_ms10/output_00181
Link length is 0.000000
Filling in 589 particles
Number of initial groups:225
Number of groups:5
FOF CPU TIME: 0.001378 secs
> Reading /lustre/fgarcia4/ramses/dwarf/data/cluster_evolution/fs035_ms10/output_00182
Link length is 0.000000
Filling in 589 particles
Number of initial groups:233
Number of groups:5
FOF CPU TIME: 0.000696 secs
> Reading /lustre/fgarcia4/ramses/dwarf/data/cluster_evolution/fs035_ms10/output_00183
Link length is 0.000000
Filling in 589 particles
Number of initial groups:232
Number of groups:4
FOF CPU TIME: 0.000553 secs
> Reading /lustre/fgarcia4/ramses/dwarf/data/cluster_evolution/fs035_ms10/output_00184
Link length is 0.000000
Filling in 589 particles
Number of initial groups:235
Number of groups:5
FOF CPU TIME: 0.001409 secs
> Reading /lustre/fgarcia4/ramses/dwarf/data/cluster_evolution/fs035_ms10/output_00185
Link length is 0.000000
Filling in 589 particles
Number of initial groups:215
Number of groups:6
FOF CPU TIME: 0.000238 secs
> Reading /lustre/fgarcia4/ramses/dwarf/data/cluster_evolution/fs035_ms10/output_00186
Link length is 0.000000
Filling in 589 particles
Number of initial groups:211
Number of groups:5
FOF CPU TIME: 0.000731 secs
> Reading /lustre/fgarcia4/ramses/dwarf/data/cluster_evolution/fs035_ms10/output_00187
Link length is 0.000000
Filling in 589 particles
Number of initial groups:213
Number of groups:6
FOF CPU TIME: 0.001464 secs
> Reading /lustre/fgarcia4/ramses/dwarf/data/cluster_evolution/fs035_ms10/output_00188
Link length is 0.000000
Filling in 589 particles
Number of initial groups:237
Number of groups:5
FOF CPU TIME: 0.001247 secs
> Reading /lustre/fgarcia4/ramses/dwarf/data/cluster_evolution/fs035_ms10/output_00189
Link length is 0.000000
Filling in 589 particles
Number of initial groups:249
Number of groups:3
FOF CPU TIME: 0.001215 secs
> Reading /lustre/fgarcia4/ramses/dwarf/data/cluster_evolution/fs035_ms10/output_00190
Link length is 0.000000
Filling in 589 particles
Number of initial groups:263
Number of groups:4
FOF CPU TIME: 0.001305 secs
> Reading /lustre/fgarcia4/ramses/dwarf/data/cluster_evolution/fs035_ms10/output_00191
Link length is 0.000000
Filling in 589 particles
Number of initial groups:261
Number of groups:4
FOF CPU TIME: 0.001489 secs
> Reading /lustre/fgarcia4/ramses/dwarf/data/cluster_evolution/fs035_ms10/output_00192
Link length is 0.000000
Filling in 589 particles
Number of initial groups:271
Number of groups:4
FOF CPU TIME: 0.001153 secs
> Reading /lustre/fgarcia4/ramses/dwarf/data/cluster_evolution/fs035_ms10/output_00193
Link length is 0.000000
Filling in 589 particles
Number of initial groups:266
Number of groups:4
FOF CPU TIME: 0.001372 secs
> Reading /lustre/fgarcia4/ramses/dwarf/data/cluster_evolution/fs035_ms10/output_00194
Link length is 0.000000
Filling in 589 particles
Number of initial groups:273
Number of groups:4
FOF CPU TIME: 0.000528 secs
> Reading /lustre/fgarcia4/ramses/dwarf/data/cluster_evolution/fs035_ms10/output_00195
Link length is 0.000000
Filling in 589 particles
Number of initial groups:280
Number of groups:4
FOF CPU TIME: 0.000620 secs
> Reading /lustre/fgarcia4/ramses/dwarf/data/cluster_evolution/fs035_ms10/output_00196
Link length is 0.000000
Filling in 589 particles
Number of initial groups:294
Number of groups:4
FOF CPU TIME: 0.001527 secs
> Reading /lustre/fgarcia4/ramses/dwarf/data/cluster_evolution/fs035_ms10/output_00197
Link length is 0.000000
Filling in 589 particles
Number of initial groups:295
Number of groups:4
FOF CPU TIME: 0.000791 secs
> Reading /lustre/fgarcia4/ramses/dwarf/data/cluster_evolution/fs035_ms10/output_00198
Link length is 0.000000
Filling in 589 particles
Number of initial groups:291
Number of groups:4
FOF CPU TIME: 0.001585 secs
> Reading /lustre/fgarcia4/ramses/dwarf/data/cluster_evolution/fs035_ms10/output_00199
Link length is 0.000000
Filling in 589 particles
Number of initial groups:296
Number of groups:4
FOF CPU TIME: 0.001285 secs
> Reading /lustre/fgarcia4/ramses/dwarf/data/cluster_evolution/fs035_ms10/output_00200
Link length is 0.000000
Filling in 589 particles
Number of initial groups:300
Number of groups:4
FOF CPU TIME: 0.001332 secs
> Reading /lustre/fgarcia4/ramses/dwarf/data/cluster_evolution/fs035_ms10/output_00201
Link length is 0.000000
Filling in 589 particles
Number of initial groups:282
Number of groups:4
FOF CPU TIME: 0.000948 secs
> Reading /lustre/fgarcia4/ramses/dwarf/data/cluster_evolution/fs035_ms10/output_00202
Link length is 0.000000
Filling in 589 particles
Number of initial groups:288
Number of groups:4
FOF CPU TIME: 0.001305 secs
> Reading /lustre/fgarcia4/ramses/dwarf/data/cluster_evolution/fs035_ms10/output_00203
Link length is 0.000000
Filling in 589 particles
Number of initial groups:292
Number of groups:4
FOF CPU TIME: 0.001044 secs
> Reading /lustre/fgarcia4/ramses/dwarf/data/cluster_evolution/fs035_ms10/output_00204
Link length is 0.000000
Filling in 589 particles
Number of initial groups:294
Number of groups:3
FOF CPU TIME: 0.001115 secs
> Reading /lustre/fgarcia4/ramses/dwarf/data/cluster_evolution/fs035_ms10/output_00205
Link length is 0.000000
Filling in 589 particles
Number of initial groups:290
Number of groups:3
FOF CPU TIME: 0.001314 secs
> Reading /lustre/fgarcia4/ramses/dwarf/data/cluster_evolution/fs035_ms10/output_00206
Link length is 0.000000
Filling in 923 particles
Number of initial groups:305
Number of groups:4
FOF CPU TIME: 0.000341 secs
> Reading /lustre/fgarcia4/ramses/dwarf/data/cluster_evolution/fs035_ms10/output_00207
Link length is 0.000000
Filling in 923 particles
Number of initial groups:319
Number of groups:4
FOF CPU TIME: 0.001928 secs
> Reading /lustre/fgarcia4/ramses/dwarf/data/cluster_evolution/fs035_ms10/output_00208
Link length is 0.000000
Filling in 1240 particles
Number of initial groups:380
Number of groups:8
FOF CPU TIME: 0.001181 secs
> Reading /lustre/fgarcia4/ramses/dwarf/data/cluster_evolution/fs035_ms10/output_00209
Link length is 0.000000
Filling in 1240 particles
Number of initial groups:407
Number of groups:10
FOF CPU TIME: 0.002152 secs
> Reading /lustre/fgarcia4/ramses/dwarf/data/cluster_evolution/fs035_ms10/output_00210
Link length is 0.000000
Filling in 1240 particles
Number of initial groups:440
Number of groups:9
FOF CPU TIME: 0.002095 secs
> Reading /lustre/fgarcia4/ramses/dwarf/data/cluster_evolution/fs035_ms10/output_00211
Link length is 0.000000
Filling in 1240 particles
Number of initial groups:498
Number of groups:11
FOF CPU TIME: 0.002167 secs
> Reading /lustre/fgarcia4/ramses/dwarf/data/cluster_evolution/fs035_ms10/output_00212
Link length is 0.000000
Filling in 1240 particles
Number of initial groups:550
Number of groups:11
FOF CPU TIME: 0.002062 secs
> Reading /lustre/fgarcia4/ramses/dwarf/data/cluster_evolution/fs035_ms10/output_00213
Link length is 0.000000
Filling in 1240 particles
Number of initial groups:583
Number of groups:13
FOF CPU TIME: 0.002070 secs
> Reading /lustre/fgarcia4/ramses/dwarf/data/cluster_evolution/fs035_ms10/output_00214
Link length is 0.000000
Filling in 1240 particles
Number of initial groups:577
Number of groups:12
FOF CPU TIME: 0.002063 secs
> Reading /lustre/fgarcia4/ramses/dwarf/data/cluster_evolution/fs035_ms10/output_00215
Link length is 0.000000
Filling in 1240 particles
Number of initial groups:599
Number of groups:13
FOF CPU TIME: 0.002051 secs
> Reading /lustre/fgarcia4/ramses/dwarf/data/cluster_evolution/fs035_ms10/output_00216
Link length is 0.000000
Filling in 1240 particles
Number of initial groups:599
Number of groups:13
FOF CPU TIME: 0.002049 secs
> Reading /lustre/fgarcia4/ramses/dwarf/data/cluster_evolution/fs035_ms10/output_00217
Link length is 0.000000
Filling in 1240 particles
Number of initial groups:612
Number of groups:11
FOF CPU TIME: 0.002065 secs
> Reading /lustre/fgarcia4/ramses/dwarf/data/cluster_evolution/fs035_ms10/output_00218
Link length is 0.000000
Filling in 1240 particles
Number of initial groups:613
Number of groups:11
FOF CPU TIME: 0.002103 secs
> Reading /lustre/fgarcia4/ramses/dwarf/data/cluster_evolution/fs035_ms10/output_00219
Link length is 0.000000
Filling in 1240 particles
Number of initial groups:629
Number of groups:11
FOF CPU TIME: 0.002047 secs
> Reading /lustre/fgarcia4/ramses/dwarf/data/cluster_evolution/fs035_ms10/output_00220
Link length is 0.000000
Filling in 1240 particles
Number of initial groups:626
Number of groups:9
FOF CPU TIME: 0.002026 secs
> Reading /lustre/fgarcia4/ramses/dwarf/data/cluster_evolution/fs035_ms10/output_00221
Link length is 0.000000
Filling in 1240 particles
Number of initial groups:654
Number of groups:9
FOF CPU TIME: 0.002013 secs
> Reading /lustre/fgarcia4/ramses/dwarf/data/cluster_evolution/fs035_ms10/output_00222
Link length is 0.000000
Filling in 1240 particles
Number of initial groups:658
Number of groups:10
FOF CPU TIME: 0.002018 secs
> Reading /lustre/fgarcia4/ramses/dwarf/data/cluster_evolution/fs035_ms10/output_00223
Link length is 0.000000
Filling in 1240 particles
Number of initial groups:678
Number of groups:9
FOF CPU TIME: 0.002024 secs
> Reading /lustre/fgarcia4/ramses/dwarf/data/cluster_evolution/fs035_ms10/output_00224
Link length is 0.000000
Filling in 1240 particles
Number of initial groups:679
Number of groups:9
FOF CPU TIME: 0.002055 secs
> Reading /lustre/fgarcia4/ramses/dwarf/data/cluster_evolution/fs035_ms10/output_00225
Link length is 0.000000
Filling in 1240 particles
Number of initial groups:699
Number of groups:10
FOF CPU TIME: 0.002025 secs
> Reading /lustre/fgarcia4/ramses/dwarf/data/cluster_evolution/fs035_ms10/output_00226
Link length is 0.000000
Filling in 1240 particles
Number of initial groups:715
Number of groups:8
FOF CPU TIME: 0.002014 secs
> Reading /lustre/fgarcia4/ramses/dwarf/data/cluster_evolution/fs035_ms10/output_00227
Link length is 0.000000
Filling in 1240 particles
Number of initial groups:733
Number of groups:9
FOF CPU TIME: 0.002009 secs
> Reading /lustre/fgarcia4/ramses/dwarf/data/cluster_evolution/fs035_ms10/output_00228
Link length is 0.000000
Filling in 1240 particles
Number of initial groups:745
Number of groups:7
FOF CPU TIME: 0.002049 secs
> Reading /lustre/fgarcia4/ramses/dwarf/data/cluster_evolution/fs035_ms10/output_00229
Link length is 0.000000
Filling in 1240 particles
Number of initial groups:756
Number of groups:10
FOF CPU TIME: 0.002000 secs
> Reading /lustre/fgarcia4/ramses/dwarf/data/cluster_evolution/fs035_ms10/output_00230
Link length is 0.000000
Filling in 1240 particles
Number of initial groups:754
Number of groups:9
FOF CPU TIME: 0.001987 secs
> Reading /lustre/fgarcia4/ramses/dwarf/data/cluster_evolution/fs035_ms10/output_00231
Link length is 0.000000
Filling in 1240 particles
Number of initial groups:746
Number of groups:9
FOF CPU TIME: 0.002007 secs
> Reading /lustre/fgarcia4/ramses/dwarf/data/cluster_evolution/fs035_ms10/output_00232
Link length is 0.000000
Filling in 1240 particles
Number of initial groups:757
Number of groups:9
FOF CPU TIME: 0.002005 secs
> Reading /lustre/fgarcia4/ramses/dwarf/data/cluster_evolution/fs035_ms10/output_00233
Link length is 0.000000
Filling in 1240 particles
Number of initial groups:759
Number of groups:8
FOF CPU TIME: 0.002001 secs
> Reading /lustre/fgarcia4/ramses/dwarf/data/cluster_evolution/fs035_ms10/output_00234
Link length is 0.000000
Filling in 1240 particles
Number of initial groups:770
Number of groups:8
FOF CPU TIME: 0.001997 secs
> Reading /lustre/fgarcia4/ramses/dwarf/data/cluster_evolution/fs035_ms10/output_00235
Link length is 0.000000
Filling in 1240 particles
Number of initial groups:773
Number of groups:9
FOF CPU TIME: 0.002012 secs
> Reading /lustre/fgarcia4/ramses/dwarf/data/cluster_evolution/fs035_ms10/output_00236
Link length is 0.000000
Filling in 1240 particles
Number of initial groups:786
Number of groups:9
FOF CPU TIME: 0.002013 secs
> Reading /lustre/fgarcia4/ramses/dwarf/data/cluster_evolution/fs035_ms10/output_00237
Link length is 0.000000
Filling in 1240 particles
Number of initial groups:788
Number of groups:8
FOF CPU TIME: 0.002024 secs
> Reading /lustre/fgarcia4/ramses/dwarf/data/cluster_evolution/fs035_ms10/output_00238
Link length is 0.000000
Filling in 1240 particles
Number of initial groups:782
Number of groups:8
FOF CPU TIME: 0.002023 secs
> Reading /lustre/fgarcia4/ramses/dwarf/data/cluster_evolution/fs035_ms10/output_00239
Link length is 0.000000
Filling in 1240 particles
Number of initial groups:778
Number of groups:8
FOF CPU TIME: 0.002027 secs
> Reading /lustre/fgarcia4/ramses/dwarf/data/cluster_evolution/fs035_ms10/output_00240
Link length is 0.000000
Filling in 1240 particles
Number of initial groups:783
Number of groups:7
FOF CPU TIME: 0.002027 secs
> Reading /lustre/fgarcia4/ramses/dwarf/data/cluster_evolution/fs035_ms10/output_00241
Link length is 0.000000
Filling in 1240 particles
Number of initial groups:788
Number of groups:7
FOF CPU TIME: 0.002028 secs
> Reading /lustre/fgarcia4/ramses/dwarf/data/cluster_evolution/fs035_ms10/output_00242
Link length is 0.000000
Filling in 1240 particles
Number of initial groups:785
Number of groups:8
FOF CPU TIME: 0.002022 secs
> Reading /lustre/fgarcia4/ramses/dwarf/data/cluster_evolution/fs035_ms10/output_00243
Link length is 0.000000
Filling in 1240 particles
Number of initial groups:784
Number of groups:8
FOF CPU TIME: 0.002029 secs
> Reading /lustre/fgarcia4/ramses/dwarf/data/cluster_evolution/fs035_ms10/output_00244
Link length is 0.000000
Filling in 1240 particles
Number of initial groups:790
Number of groups:8
FOF CPU TIME: 0.002039 secs
> Reading /lustre/fgarcia4/ramses/dwarf/data/cluster_evolution/fs035_ms10/output_00245
Link length is 0.000000
Filling in 1240 particles
Number of initial groups:792
Number of groups:8
FOF CPU TIME: 0.002153 secs
> Reading /lustre/fgarcia4/ramses/dwarf/data/cluster_evolution/fs035_ms10/output_00246
Link length is 0.000000
Filling in 1240 particles
Number of initial groups:782
Number of groups:7
FOF CPU TIME: 0.002035 secs
> Reading /lustre/fgarcia4/ramses/dwarf/data/cluster_evolution/fs035_ms10/output_00247
Link length is 0.000000
Filling in 1240 particles
Number of initial groups:783
Number of groups:9
FOF CPU TIME: 0.002048 secs
> Reading /lustre/fgarcia4/ramses/dwarf/data/cluster_evolution/fs035_ms10/output_00248
Link length is 0.000000
Filling in 1240 particles
Number of initial groups:783
Number of groups:6
FOF CPU TIME: 0.002048 secs
> Reading /lustre/fgarcia4/ramses/dwarf/data/cluster_evolution/fs035_ms10/output_00249
Link length is 0.000000
Filling in 1240 particles
Number of initial groups:783
Number of groups:8
FOF CPU TIME: 0.002075 secs
> Reading /lustre/fgarcia4/ramses/dwarf/data/cluster_evolution/fs035_ms10/output_00250
Link length is 0.000000
Filling in 1240 particles
Number of initial groups:784
Number of groups:9
FOF CPU TIME: 0.002044 secs
> Reading /lustre/fgarcia4/ramses/dwarf/data/cluster_evolution/fs035_ms10/output_00251
Link length is 0.000000
Filling in 1240 particles
Number of initial groups:797
Number of groups:10
FOF CPU TIME: 0.002048 secs
> Reading /lustre/fgarcia4/ramses/dwarf/data/cluster_evolution/fs035_ms10/output_00252
Link length is 0.000000
Filling in 1240 particles
Number of initial groups:792
Number of groups:9
FOF CPU TIME: 0.002046 secs
> Reading /lustre/fgarcia4/ramses/dwarf/data/cluster_evolution/fs035_ms10/output_00253
Link length is 0.000000
Filling in 1240 particles
Number of initial groups:802
Number of groups:9
FOF CPU TIME: 0.002053 secs
> Reading /lustre/fgarcia4/ramses/dwarf/data/cluster_evolution/fs035_ms10/output_00254
Link length is 0.000000
Filling in 1240 particles
Number of initial groups:804
Number of groups:9
FOF CPU TIME: 0.002046 secs
> Reading /lustre/fgarcia4/ramses/dwarf/data/cluster_evolution/fs035_ms10/output_00255
Link length is 0.000000
Filling in 1240 particles
Number of initial groups:807
Number of groups:8
FOF CPU TIME: 0.002050 secs
> Reading /lustre/fgarcia4/ramses/dwarf/data/cluster_evolution/fs035_ms10/output_00256
Link length is 0.000000
Filling in 1240 particles
Number of initial groups:812
Number of groups:8
FOF CPU TIME: 0.002064 secs
> Reading /lustre/fgarcia4/ramses/dwarf/data/cluster_evolution/fs035_ms10/output_00257
Link length is 0.000000
Filling in 1240 particles
Number of initial groups:819
Number of groups:8
FOF CPU TIME: 0.002140 secs
> Reading /lustre/fgarcia4/ramses/dwarf/data/cluster_evolution/fs035_ms10/output_00258
Link length is 0.000000
Filling in 1240 particles
Number of initial groups:825
Number of groups:8
FOF CPU TIME: 0.002087 secs
> Reading /lustre/fgarcia4/ramses/dwarf/data/cluster_evolution/fs035_ms10/output_00259
Link length is 0.000000
Filling in 1240 particles
Number of initial groups:833
Number of groups:6
FOF CPU TIME: 0.002152 secs
> Reading /lustre/fgarcia4/ramses/dwarf/data/cluster_evolution/fs035_ms10/output_00260
Link length is 0.000000
Filling in 1240 particles
Number of initial groups:836
Number of groups:6
FOF CPU TIME: 0.002347 secs
> Reading /lustre/fgarcia4/ramses/dwarf/data/cluster_evolution/fs035_ms10/output_00261
Link length is 0.000000
Filling in 1240 particles
Number of initial groups:843
Number of groups:6
FOF CPU TIME: 0.002073 secs
> Reading /lustre/fgarcia4/ramses/dwarf/data/cluster_evolution/fs035_ms10/output_00262
Link length is 0.000000
Filling in 1240 particles
Number of initial groups:847
Number of groups:6
FOF CPU TIME: 0.002123 secs
> Reading /lustre/fgarcia4/ramses/dwarf/data/cluster_evolution/fs035_ms10/output_00263
Link length is 0.000000
Filling in 1240 particles
Number of initial groups:847
Number of groups:6
FOF CPU TIME: 0.002071 secs
> Reading /lustre/fgarcia4/ramses/dwarf/data/cluster_evolution/fs035_ms10/output_00264
Link length is 0.000000
Filling in 1240 particles
Number of initial groups:850
Number of groups:6
FOF CPU TIME: 0.002074 secs
> Reading /lustre/fgarcia4/ramses/dwarf/data/cluster_evolution/fs035_ms10/output_00265
Link length is 0.000000
Filling in 1240 particles
Number of initial groups:842
Number of groups:6
FOF CPU TIME: 0.002196 secs
> Reading /lustre/fgarcia4/ramses/dwarf/data/cluster_evolution/fs035_ms10/output_00266
Link length is 0.000000
Filling in 1240 particles
Number of initial groups:855
Number of groups:6
FOF CPU TIME: 0.002066 secs
> Reading /lustre/fgarcia4/ramses/dwarf/data/cluster_evolution/fs035_ms10/output_00267
Link length is 0.000000
Filling in 1240 particles
Number of initial groups:856
Number of groups:6
FOF CPU TIME: 0.002074 secs
> Reading /lustre/fgarcia4/ramses/dwarf/data/cluster_evolution/fs035_ms10/output_00268
Link length is 0.000000
Filling in 1240 particles
Number of initial groups:858
Number of groups:6
FOF CPU TIME: 0.002210 secs
> Reading /lustre/fgarcia4/ramses/dwarf/data/cluster_evolution/fs035_ms10/output_00269
Link length is 0.000000
Filling in 1240 particles
Number of initial groups:864
Number of groups:7
FOF CPU TIME: 0.002151 secs
> Reading /lustre/fgarcia4/ramses/dwarf/data/cluster_evolution/fs035_ms10/output_00270
Link length is 0.000000
Filling in 1240 particles
Number of initial groups:865
Number of groups:7
FOF CPU TIME: 0.002134 secs
> Reading /lustre/fgarcia4/ramses/dwarf/data/cluster_evolution/fs035_ms10/output_00271
Link length is 0.000000
Filling in 1240 particles
Number of initial groups:863
Number of groups:7
FOF CPU TIME: 0.002124 secs
> Reading /lustre/fgarcia4/ramses/dwarf/data/cluster_evolution/fs035_ms10/output_00272
Link length is 0.000000
Filling in 1240 particles
Number of initial groups:851
Number of groups:7
FOF CPU TIME: 0.002068 secs
> Reading /lustre/fgarcia4/ramses/dwarf/data/cluster_evolution/fs035_ms10/output_00273
Link length is 0.000000
Filling in 1240 particles
Number of initial groups:848
Number of groups:7
FOF CPU TIME: 0.002063 secs
> Reading /lustre/fgarcia4/ramses/dwarf/data/cluster_evolution/fs035_ms10/output_00274
Link length is 0.000000
Filling in 1240 particles
Number of initial groups:848
Number of groups:7
FOF CPU TIME: 0.002052 secs
> Reading /lustre/fgarcia4/ramses/dwarf/data/cluster_evolution/fs035_ms10/output_00275
Link length is 0.000000
Filling in 1240 particles
Number of initial groups:853
Number of groups:7
FOF CPU TIME: 0.002049 secs
> Reading /lustre/fgarcia4/ramses/dwarf/data/cluster_evolution/fs035_ms10/output_00276
Link length is 0.000000
Filling in 1240 particles
Number of initial groups:852
Number of groups:7
FOF CPU TIME: 0.002070 secs
> Reading /lustre/fgarcia4/ramses/dwarf/data/cluster_evolution/fs035_ms10/output_00277
Link length is 0.000000
Filling in 1240 particles
Number of initial groups:861
Number of groups:6
FOF CPU TIME: 0.002097 secs
> Reading /lustre/fgarcia4/ramses/dwarf/data/cluster_evolution/fs035_ms10/output_00278
Link length is 0.000000
Filling in 1240 particles
Number of initial groups:863
Number of groups:6
FOF CPU TIME: 0.001592 secs
> Reading /lustre/fgarcia4/ramses/dwarf/data/cluster_evolution/fs035_ms10/output_00279
Link length is 0.000000
Filling in 1240 particles
Number of initial groups:861
Number of groups:6
FOF CPU TIME: 0.002062 secs
> Reading /lustre/fgarcia4/ramses/dwarf/data/cluster_evolution/fs035_ms10/output_00280
Link length is 0.000000
Filling in 1457 particles
Number of initial groups:876
Number of groups:7
FOF CPU TIME: 0.002247 secs
> Reading /lustre/fgarcia4/ramses/dwarf/data/cluster_evolution/fs035_ms10/output_00281
Link length is 0.000000
Filling in 1457 particles
Number of initial groups:879
Number of groups:7
FOF CPU TIME: 0.002172 secs
> Reading /lustre/fgarcia4/ramses/dwarf/data/cluster_evolution/fs035_ms10/output_00282
Link length is 0.000000
Filling in 1457 particles
Number of initial groups:871
Number of groups:7
FOF CPU TIME: 0.002166 secs
> Reading /lustre/fgarcia4/ramses/dwarf/data/cluster_evolution/fs035_ms10/output_00283
Link length is 0.000000
Filling in 1457 particles
Number of initial groups:877
Number of groups:7
FOF CPU TIME: 0.002133 secs
> Reading /lustre/fgarcia4/ramses/dwarf/data/cluster_evolution/fs035_ms10/output_00284
Link length is 0.000000
Filling in 1457 particles
Number of initial groups:882
Number of groups:8
FOF CPU TIME: 0.002127 secs
> Reading /lustre/fgarcia4/ramses/dwarf/data/cluster_evolution/fs035_ms10/output_00285
Link length is 0.000000
Filling in 1457 particles
Number of initial groups:905
Number of groups:11
FOF CPU TIME: 0.002244 secs
> Reading /lustre/fgarcia4/ramses/dwarf/data/cluster_evolution/fs035_ms10/output_00286
Link length is 0.000000
Filling in 1457 particles
Number of initial groups:915
Number of groups:11
FOF CPU TIME: 0.002124 secs
> Reading /lustre/fgarcia4/ramses/dwarf/data/cluster_evolution/fs035_ms10/output_00287
Link length is 0.000000
Filling in 1457 particles
Number of initial groups:926
Number of groups:8
FOF CPU TIME: 0.002242 secs
> Reading /lustre/fgarcia4/ramses/dwarf/data/cluster_evolution/fs035_ms10/output_00288
Link length is 0.000000
Filling in 1457 particles
Number of initial groups:935
Number of groups:8
FOF CPU TIME: 0.002119 secs
> Reading /lustre/fgarcia4/ramses/dwarf/data/cluster_evolution/fs035_ms10/output_00289
Link length is 0.000000
Filling in 1457 particles
Number of initial groups:931
Number of groups:8
FOF CPU TIME: 0.002117 secs
> Reading /lustre/fgarcia4/ramses/dwarf/data/cluster_evolution/fs035_ms10/output_00290
Link length is 0.000000
Filling in 1457 particles
Number of initial groups:935
Number of groups:8
FOF CPU TIME: 0.002128 secs
> Reading /lustre/fgarcia4/ramses/dwarf/data/cluster_evolution/fs035_ms10/output_00291
Link length is 0.000000
Filling in 1457 particles
Number of initial groups:934
Number of groups:8
FOF CPU TIME: 0.002128 secs
> Reading /lustre/fgarcia4/ramses/dwarf/data/cluster_evolution/fs035_ms10/output_00292
Link length is 0.000000
Filling in 1457 particles
Number of initial groups:927
Number of groups:8
FOF CPU TIME: 0.002146 secs
> Reading /lustre/fgarcia4/ramses/dwarf/data/cluster_evolution/fs035_ms10/output_00293
Link length is 0.000000
Filling in 1457 particles
Number of initial groups:925
Number of groups:8
FOF CPU TIME: 0.002131 secs
> Reading /lustre/fgarcia4/ramses/dwarf/data/cluster_evolution/fs035_ms10/output_00294
Link length is 0.000000
Filling in 1457 particles
Number of initial groups:937
Number of groups:8
FOF CPU TIME: 0.002112 secs
> Reading /lustre/fgarcia4/ramses/dwarf/data/cluster_evolution/fs035_ms10/output_00295
Link length is 0.000000
Filling in 1457 particles
Number of initial groups:927
Number of groups:7
FOF CPU TIME: 0.002285 secs
> Reading /lustre/fgarcia4/ramses/dwarf/data/cluster_evolution/fs035_ms10/output_00296
Link length is 0.000000
Filling in 1457 particles
Number of initial groups:922
Number of groups:7
FOF CPU TIME: 0.002118 secs
> Reading /lustre/fgarcia4/ramses/dwarf/data/cluster_evolution/fs035_ms10/output_00297
Link length is 0.000000
Filling in 1457 particles
Number of initial groups:953
Number of groups:6
FOF CPU TIME: 0.002306 secs
> Reading /lustre/fgarcia4/ramses/dwarf/data/cluster_evolution/fs035_ms10/output_00298
Link length is 0.000000
Filling in 1457 particles
Number of initial groups:959
Number of groups:6
FOF CPU TIME: 0.002132 secs
> Reading /lustre/fgarcia4/ramses/dwarf/data/cluster_evolution/fs035_ms10/output_00299
Link length is 0.000000
Filling in 1457 particles
Number of initial groups:959
Number of groups:7
FOF CPU TIME: 0.002160 secs
> Reading /lustre/fgarcia4/ramses/dwarf/data/cluster_evolution/fs035_ms10/output_00300
Link length is 0.000000
Filling in 1457 particles
Number of initial groups:949
Number of groups:7
FOF CPU TIME: 0.002324 secs
> Reading /lustre/fgarcia4/ramses/dwarf/data/cluster_evolution/fs035_ms10/output_00301
Link length is 0.000000
Filling in 1457 particles
Number of initial groups:970
Number of groups:8
FOF CPU TIME: 0.002137 secs
> Reading /lustre/fgarcia4/ramses/dwarf/data/cluster_evolution/fs035_ms10/output_00302
Link length is 0.000000
Filling in 1457 particles
Number of initial groups:960
Number of groups:7
FOF CPU TIME: 0.002320 secs
> Reading /lustre/fgarcia4/ramses/dwarf/data/cluster_evolution/fs035_ms10/output_00303
Link length is 0.000000
Filling in 1457 particles
Number of initial groups:955
Number of groups:8
FOF CPU TIME: 0.002140 secs
> Reading /lustre/fgarcia4/ramses/dwarf/data/cluster_evolution/fs035_ms10/output_00304
Link length is 0.000000
Filling in 1457 particles
Number of initial groups:962
Number of groups:8
FOF CPU TIME: 0.002152 secs
> Reading /lustre/fgarcia4/ramses/dwarf/data/cluster_evolution/fs035_ms10/output_00305
Link length is 0.000000
Filling in 1457 particles
Number of initial groups:959
Number of groups:7
FOF CPU TIME: 0.002154 secs
> Reading /lustre/fgarcia4/ramses/dwarf/data/cluster_evolution/fs035_ms10/output_00306
Link length is 0.000000
Filling in 1760 particles
Number of initial groups:981
Number of groups:8
FOF CPU TIME: 0.002616 secs
> Reading /lustre/fgarcia4/ramses/dwarf/data/cluster_evolution/fs035_ms10/output_00307
Link length is 0.000000
Filling in 1760 particles
Number of initial groups:984
Number of groups:8
FOF CPU TIME: 0.002318 secs
> Reading /lustre/fgarcia4/ramses/dwarf/data/cluster_evolution/fs035_ms10/output_00308
Link length is 0.000000
Filling in 1760 particles
Number of initial groups:992
Number of groups:8
FOF CPU TIME: 0.002579 secs
> Reading /lustre/fgarcia4/ramses/dwarf/data/cluster_evolution/fs035_ms10/output_00309
Link length is 0.000000
Filling in 1760 particles
Number of initial groups:994
Number of groups:8
FOF CPU TIME: 0.002644 secs
> Reading /lustre/fgarcia4/ramses/dwarf/data/cluster_evolution/fs035_ms10/output_00310
Link length is 0.000000
Filling in 1760 particles
Number of initial groups:1009
Number of groups:8
FOF CPU TIME: 0.002255 secs
> Reading /lustre/fgarcia4/ramses/dwarf/data/cluster_evolution/fs035_ms10/output_00311
Link length is 0.000000
Filling in 1760 particles
Number of initial groups:1033
Number of groups:10
FOF CPU TIME: 0.002489 secs
> Reading /lustre/fgarcia4/ramses/dwarf/data/cluster_evolution/fs035_ms10/output_00312
Link length is 0.000000
Filling in 1760 particles
Number of initial groups:1050
Number of groups:11
FOF CPU TIME: 0.002256 secs
> Reading /lustre/fgarcia4/ramses/dwarf/data/cluster_evolution/fs035_ms10/output_00313
Link length is 0.000000
Filling in 1760 particles
Number of initial groups:1080
Number of groups:11
FOF CPU TIME: 0.002259 secs
> Reading /lustre/fgarcia4/ramses/dwarf/data/cluster_evolution/fs035_ms10/output_00314
Link length is 0.000000
Filling in 1760 particles
Number of initial groups:1087
Number of groups:11
FOF CPU TIME: 0.002248 secs
> Reading /lustre/fgarcia4/ramses/dwarf/data/cluster_evolution/fs035_ms10/output_00315
Link length is 0.000000
Filling in 1760 particles
Number of initial groups:1091
Number of groups:8
FOF CPU TIME: 0.002545 secs
> Reading /lustre/fgarcia4/ramses/dwarf/data/cluster_evolution/fs035_ms10/output_00316
Link length is 0.000000
Filling in 1760 particles
Number of initial groups:1106
Number of groups:8
FOF CPU TIME: 0.002524 secs
> Reading /lustre/fgarcia4/ramses/dwarf/data/cluster_evolution/fs035_ms10/output_00317
Link length is 0.000000
Filling in 1760 particles
Number of initial groups:1100
Number of groups:8
FOF CPU TIME: 0.002513 secs
> Reading /lustre/fgarcia4/ramses/dwarf/data/cluster_evolution/fs035_ms10/output_00318
Link length is 0.000000
Filling in 1760 particles
Number of initial groups:1113
Number of groups:8
FOF CPU TIME: 0.002241 secs
> Reading /lustre/fgarcia4/ramses/dwarf/data/cluster_evolution/fs035_ms10/output_00319
Link length is 0.000000
Filling in 1760 particles
Number of initial groups:1119
Number of groups:7
FOF CPU TIME: 0.002470 secs
> Reading /lustre/fgarcia4/ramses/dwarf/data/cluster_evolution/fs035_ms10/output_00320
Link length is 0.000000
Filling in 1760 particles
Number of initial groups:1130
Number of groups:7
FOF CPU TIME: 0.002515 secs
> Reading /lustre/fgarcia4/ramses/dwarf/data/cluster_evolution/fs035_ms10/output_00321
Link length is 0.000000
Filling in 1760 particles
Number of initial groups:1148
Number of groups:7
FOF CPU TIME: 0.002573 secs
> Reading /lustre/fgarcia4/ramses/dwarf/data/cluster_evolution/fs035_ms10/output_00322
Link length is 0.000000
Filling in 1760 particles
Number of initial groups:1142
Number of groups:7
FOF CPU TIME: 0.002568 secs
> Reading /lustre/fgarcia4/ramses/dwarf/data/cluster_evolution/fs035_ms10/output_00323
Link length is 0.000000
Filling in 1760 particles
Number of initial groups:1141
Number of groups:7
FOF CPU TIME: 0.002219 secs
> Reading /lustre/fgarcia4/ramses/dwarf/data/cluster_evolution/fs035_ms10/output_00324
Link length is 0.000000
Filling in 1760 particles
Number of initial groups:1155
Number of groups:7
FOF CPU TIME: 0.002218 secs
> Reading /lustre/fgarcia4/ramses/dwarf/data/cluster_evolution/fs035_ms10/output_00325
Link length is 0.000000
Filling in 1760 particles
Number of initial groups:1159
Number of groups:7
FOF CPU TIME: 0.002476 secs
> Reading /lustre/fgarcia4/ramses/dwarf/data/cluster_evolution/fs035_ms10/output_00326
Link length is 0.000000
Filling in 1760 particles
Number of initial groups:1163
Number of groups:7
FOF CPU TIME: 0.002219 secs
> Reading /lustre/fgarcia4/ramses/dwarf/data/cluster_evolution/fs035_ms10/output_00327
Link length is 0.000000
Filling in 1760 particles
Number of initial groups:1164
Number of groups:7
FOF CPU TIME: 0.002217 secs
> Reading /lustre/fgarcia4/ramses/dwarf/data/cluster_evolution/fs035_ms10/output_00328
Link length is 0.000000
Filling in 1760 particles
Number of initial groups:1152
Number of groups:7
FOF CPU TIME: 0.002542 secs
> Reading /lustre/fgarcia4/ramses/dwarf/data/cluster_evolution/fs035_ms10/output_00329
Link length is 0.000000
Filling in 1760 particles
Number of initial groups:1155
Number of groups:8
FOF CPU TIME: 0.002223 secs
> Reading /lustre/fgarcia4/ramses/dwarf/data/cluster_evolution/fs035_ms10/output_00330
Link length is 0.000000
Filling in 1760 particles
Number of initial groups:1163
Number of groups:7
FOF CPU TIME: 0.002494 secs
> Reading /lustre/fgarcia4/ramses/dwarf/data/cluster_evolution/fs035_ms10/output_00331
Link length is 0.000000
Filling in 1760 particles
Number of initial groups:1159
Number of groups:7
FOF CPU TIME: 0.002244 secs
> Reading /lustre/fgarcia4/ramses/dwarf/data/cluster_evolution/fs035_ms10/output_00332
Link length is 0.000000
Filling in 1760 particles
Number of initial groups:1161
Number of groups:8
FOF CPU TIME: 0.002850 secs
> Reading /lustre/fgarcia4/ramses/dwarf/data/cluster_evolution/fs035_ms10/output_00333
Link length is 0.000000
Filling in 1760 particles
Number of initial groups:1162
Number of groups:9
FOF CPU TIME: 0.002252 secs
> Reading /lustre/fgarcia4/ramses/dwarf/data/cluster_evolution/fs035_ms10/output_00334
Link length is 0.000000
Filling in 1760 particles
Number of initial groups:1174
Number of groups:9
FOF CPU TIME: 0.002255 secs
> Reading /lustre/fgarcia4/ramses/dwarf/data/cluster_evolution/fs035_ms10/output_00335
Link length is 0.000000
Filling in 1760 particles
Number of initial groups:1178
Number of groups:8
FOF CPU TIME: 0.002533 secs
> Reading /lustre/fgarcia4/ramses/dwarf/data/cluster_evolution/fs035_ms10/output_00336
Link length is 0.000000
Filling in 1760 particles
Number of initial groups:1178
Number of groups:9
FOF CPU TIME: 0.002640 secs
> Reading /lustre/fgarcia4/ramses/dwarf/data/cluster_evolution/fs035_ms10/output_00337
Link length is 0.000000
Filling in 1760 particles
Number of initial groups:1170
Number of groups:9
FOF CPU TIME: 0.002251 secs
> Reading /lustre/fgarcia4/ramses/dwarf/data/cluster_evolution/fs035_ms10/output_00338
Link length is 0.000000
Filling in 1760 particles
Number of initial groups:1176
Number of groups:8
FOF CPU TIME: 0.002244 secs
> Reading /lustre/fgarcia4/ramses/dwarf/data/cluster_evolution/fs035_ms10/output_00339
Link length is 0.000000
Filling in 1760 particles
Number of initial groups:1182
Number of groups:7
FOF CPU TIME: 0.002253 secs
> Reading /lustre/fgarcia4/ramses/dwarf/data/cluster_evolution/fs035_ms10/output_00340
Link length is 0.000000
Filling in 1760 particles
Number of initial groups:1181
Number of groups:8
FOF CPU TIME: 0.002262 secs
> Reading /lustre/fgarcia4/ramses/dwarf/data/cluster_evolution/fs035_ms10/output_00341
Link length is 0.000000
Filling in 1760 particles
Number of initial groups:1185
Number of groups:8
FOF CPU TIME: 0.002240 secs
> Reading /lustre/fgarcia4/ramses/dwarf/data/cluster_evolution/fs035_ms10/output_00342
Link length is 0.000000
Filling in 1760 particles
Number of initial groups:1198
Number of groups:8
FOF CPU TIME: 0.002242 secs
> Reading /lustre/fgarcia4/ramses/dwarf/data/cluster_evolution/fs035_ms10/output_00343
Link length is 0.000000
Filling in 1760 particles
Number of initial groups:1182
Number of groups:8
FOF CPU TIME: 0.002252 secs
> Reading /lustre/fgarcia4/ramses/dwarf/data/cluster_evolution/fs035_ms10/output_00344
Link length is 0.000000
Filling in 1760 particles
Number of initial groups:1185
Number of groups:8
FOF CPU TIME: 0.002514 secs
