--------------------------------------------------------------------------
The library attempted to open the following supporting CUDA libraries,
but each of them failed.  CUDA-aware support is disabled.
libcuda.so.1: cannot open shared object file: No such file or directory
libcuda.dylib: cannot open shared object file: No such file or directory
/usr/lib64/libcuda.so.1: cannot open shared object file: No such file or directory
/usr/lib64/libcuda.dylib: cannot open shared object file: No such file or directory
If you are not interested in CUDA-aware support, then run with
--mca mpi_cuda_support 0 to suppress this message.  If you are interested
in CUDA-aware support, then try setting LD_LIBRARY_PATH to the location
of libcuda.so.1 to get passed this issue.
--------------------------------------------------------------------------
=============================================================================
Warning: particle_families are modified at
/home/fabg/cosmology/lib/python3.8/site-packages/yt/frontends/ramses
=============================================================================
=============================================================================
Warning: particle_families are modified at
/home/fabg/cosmology/lib/python3.8/site-packages/yt/frontends/ramses
=============================================================================
=============================================================================
Warning: particle_families are modified at
/home/fabg/cosmology/lib/python3.8/site-packages/yt/frontends/ramses
=============================================================================
[compute-b24-47.deepthought2.umd.edu:1706095] 2 more processes have sent help message help-mpi-common-cuda.txt / dlopen failed
[compute-b24-47.deepthought2.umd.edu:1706095] Set MCA parameter "orte_base_help_aggregate" to 0 to see all help / error messages
[     0s] Accepting connections...
[     1s] Accepted all reader / writer connections.
[     1s] Verified all reader / writer connections.
[     1s] Transmitted all client connection info.
[     2s] Reading 1 blocks for snapshot 0...
  File "/homes/fgarcia4/py-virtual-envs/clean-install/lib/python3.7/site-packages/yt/data_objects/data_containers.py", line 252, in __getitem__
    f = self._determine_fields([key])[0]
  File "/homes/fgarcia4/py-virtual-envs/clean-install/lib/python3.7/site-packages/yt/data_objects/data_containers.py", line 1452, in _determine_fields
    finfo = self.ds._get_field_info(ftype, fname)
  File "/homes/fgarcia4/py-virtual-envs/clean-install/lib/python3.7/site-packages/yt/data_objects/static_output.py", line 826, in _get_field_info
    field_info, is_ambiguous = self._get_field_info_helper(ftype, fname)
  File "/homes/fgarcia4/py-virtual-envs/clean-install/lib/python3.7/site-packages/yt/data_objects/static_output.py", line 904, in _get_field_info_helper
    raise YTFieldNotFound(field=INPUT, ds=self)
P001 yt : [ERROR    ] 2022-07-01 16:57:06,860 YTFieldNotFound: Could not find field ('all', 'particle_index') in info_00500.
Did you mean:
	('io', 'particle_index')
--------------------------------------------------------------------------
MPI_ABORT was invoked on rank 1 in communicator MPI_COMM_WORLD
with errorcode 1.

NOTE: invoking MPI_ABORT causes Open MPI to kill all MPI processes.
You may or may not see output from other processes, depending on
exactly when Open MPI kills them.
--------------------------------------------------------------------------
