--------------------------------------------------------------------------
The library attempted to open the following supporting CUDA libraries,
but each of them failed.  CUDA-aware support is disabled.
libcuda.so.1: cannot open shared object file: No such file or directory
libcuda.dylib: cannot open shared object file: No such file or directory
/usr/lib64/libcuda.so.1: cannot open shared object file: No such file or directory
/usr/lib64/libcuda.dylib: cannot open shared object file: No such file or directory
If you are not interested in CUDA-aware support, then run with
--mca mpi_cuda_support 0 to suppress this message.  If you are interested
in CUDA-aware support, then try setting LD_LIBRARY_PATH to the location
of libcuda.so.1 to get passed this issue.
--------------------------------------------------------------------------
=============================================================================
Warning: particle_families are modified at
/home/fabg/cosmology/lib/python3.8/site-packages/yt/frontends/ramses
=============================================================================
=============================================================================
Warning: particle_families are modified at
/home/fabg/cosmology/lib/python3.8/site-packages/yt/frontends/ramses
=============================================================================
=============================================================================
Warning: particle_families are modified at
/home/fabg/cosmology/lib/python3.8/site-packages/yt/frontends/ramses
=============================================================================
[compute-b22-35.deepthought2.umd.edu:182676] 2 more processes have sent help message help-mpi-common-cuda.txt / dlopen failed
[compute-b22-35.deepthought2.umd.edu:182676] Set MCA parameter "orte_base_help_aggregate" to 0 to see all help / error messages
  File "/lustre/fgarcia4/glob_clust_evo/halo_data/rockstar_halo_finder.py", line 88, in <module>
    hc.create()
  File "/homes/fgarcia4/yt_astro_analysis/yt_astro_analysis/halo_analysis/halo_catalog/halo_catalog.py", line 345, in create
    self._run(save_halos, save_output, njobs=njobs, dynamic=dynamic)
  File "/homes/fgarcia4/py-virtual-envs/clean-install/lib/python3.7/site-packages/yt/utilities/parallel_tools/parallel_analysis_interface.py", line 310, in barrierize
    retval = func(*args, **kwargs)
  File "/homes/fgarcia4/yt_astro_analysis/yt_astro_analysis/halo_analysis/halo_catalog/halo_catalog.py", line 241, in _run
    self.finder_method(self)
  File "/homes/fgarcia4/yt_astro_analysis/yt_astro_analysis/halo_analysis/halo_catalog/halo_finding_methods.py", line 40, in __call__
    return self.function(hc, *self.args, **self.kwargs)
  File "/homes/fgarcia4/yt_astro_analysis/yt_astro_analysis/halo_analysis/halo_catalog/halo_finding_methods.py", line 92, in _rockstar_method
    rh = RockstarHaloFinder(ds, **finder_kwargs)
  File "/homes/fgarcia4/yt_astro_analysis/yt_astro_analysis/halo_analysis/halo_finding/rockstar/rockstar.py", line 294, in __init__
    self.handler = rockstar_interface.RockstarInterface(self.ts)
P001 yt : [ERROR    ] 2022-06-19 22:05:21,493 AttributeError: 'NoneType' object has no attribute 'RockstarInterface'
--------------------------------------------------------------------------
MPI_ABORT was invoked on rank 1 in communicator MPI_COMM_WORLD
with errorcode 1.

NOTE: invoking MPI_ABORT causes Open MPI to kill all MPI processes.
You may or may not see output from other processes, depending on
exactly when Open MPI kills them.
--------------------------------------------------------------------------
  File "/lustre/fgarcia4/glob_clust_evo/halo_data/rockstar_halo_finder.py", line 88, in <module>
    hc.create()
  File "/homes/fgarcia4/yt_astro_analysis/yt_astro_analysis/halo_analysis/halo_catalog/halo_catalog.py", line 345, in create
    self._run(save_halos, save_output, njobs=njobs, dynamic=dynamic)
  File "/homes/fgarcia4/py-virtual-envs/clean-install/lib/python3.7/site-packages/yt/utilities/parallel_tools/parallel_analysis_interface.py", line 310, in barrierize
    retval = func(*args, **kwargs)
  File "/homes/fgarcia4/yt_astro_analysis/yt_astro_analysis/halo_analysis/halo_catalog/halo_catalog.py", line 241, in _run
    self.finder_method(self)
  File "/homes/fgarcia4/yt_astro_analysis/yt_astro_analysis/halo_analysis/halo_catalog/halo_finding_methods.py", line 40, in __call__
    return self.function(hc, *self.args, **self.kwargs)
  File "/homes/fgarcia4/yt_astro_analysis/yt_astro_analysis/halo_analysis/halo_catalog/halo_finding_methods.py", line 92, in _rockstar_method
    rh = RockstarHaloFinder(ds, **finder_kwargs)
  File "/homes/fgarcia4/yt_astro_analysis/yt_astro_analysis/halo_analysis/halo_finding/rockstar/rockstar.py", line 294, in __init__
    self.handler = rockstar_interface.RockstarInterface(self.ts)
P002 yt : [ERROR    ] 2022-06-19 22:05:21,494 AttributeError: 'NoneType' object has no attribute 'RockstarInterface'
  File "/lustre/fgarcia4/glob_clust_evo/halo_data/rockstar_halo_finder.py", line 88, in <module>
    hc.create()
  File "/homes/fgarcia4/yt_astro_analysis/yt_astro_analysis/halo_analysis/halo_catalog/halo_catalog.py", line 345, in create
    self._run(save_halos, save_output, njobs=njobs, dynamic=dynamic)
  File "/homes/fgarcia4/py-virtual-envs/clean-install/lib/python3.7/site-packages/yt/utilities/parallel_tools/parallel_analysis_interface.py", line 310, in barrierize
    retval = func(*args, **kwargs)
  File "/homes/fgarcia4/yt_astro_analysis/yt_astro_analysis/halo_analysis/halo_catalog/halo_catalog.py", line 241, in _run
    self.finder_method(self)
  File "/homes/fgarcia4/yt_astro_analysis/yt_astro_analysis/halo_analysis/halo_catalog/halo_finding_methods.py", line 40, in __call__
    return self.function(hc, *self.args, **self.kwargs)
  File "/homes/fgarcia4/yt_astro_analysis/yt_astro_analysis/halo_analysis/halo_catalog/halo_finding_methods.py", line 92, in _rockstar_method
    rh = RockstarHaloFinder(ds, **finder_kwargs)
  File "/homes/fgarcia4/yt_astro_analysis/yt_astro_analysis/halo_analysis/halo_finding/rockstar/rockstar.py", line 294, in __init__
    self.handler = rockstar_interface.RockstarInterface(self.ts)
P000 yt : [ERROR    ] 2022-06-19 22:05:21,493 AttributeError: 'NoneType' object has no attribute 'RockstarInterface'
[compute-b22-35.deepthought2.umd.edu:182676] 2 more processes have sent help message help-mpi-api.txt / mpi-abort
