--------------------------------------------------------------------------
The library attempted to open the following supporting CUDA libraries,
but each of them failed.  CUDA-aware support is disabled.
libcuda.so.1: cannot open shared object file: No such file or directory
libcuda.dylib: cannot open shared object file: No such file or directory
/usr/lib64/libcuda.so.1: cannot open shared object file: No such file or directory
/usr/lib64/libcuda.dylib: cannot open shared object file: No such file or directory
If you are not interested in CUDA-aware support, then run with
--mca mpi_cuda_support 0 to suppress this message.  If you are interested
in CUDA-aware support, then try setting LD_LIBRARY_PATH to the location
of libcuda.so.1 to get passed this issue.
--------------------------------------------------------------------------
=============================================================================
Warning: particle_families are modified at
/home/fabg/cosmology/lib/python3.8/site-packages/yt/frontends/ramses
=============================================================================
> Reading /lustre/fgarcia4/ramses/dwarf/data/cluster_evolution/fs07_refine/output_00520
Link length is 0.000000
Filling in 42037 particles
Number of initial groups:14234
Number of groups:100
FOF CPU TIME: 0.071598 secs
> Reading /lustre/fgarcia4/ramses/dwarf/data/cluster_evolution/fs07_refine/output_00521
Link length is 0.000000
Filling in 42037 particles
Number of initial groups:14198
Number of groups:103
FOF CPU TIME: 0.071848 secs
> Reading /lustre/fgarcia4/ramses/dwarf/data/cluster_evolution/fs07_refine/output_00522
Link length is 0.000000
Filling in 42037 particles
Number of initial groups:14233
Number of groups:99
FOF CPU TIME: 0.071528 secs
> Reading /lustre/fgarcia4/ramses/dwarf/data/cluster_evolution/fs07_refine/output_00523
Link length is 0.000000
Filling in 42037 particles
Number of initial groups:14279
Number of groups:97
FOF CPU TIME: 0.071923 secs
> Reading /lustre/fgarcia4/ramses/dwarf/data/cluster_evolution/fs07_refine/output_00524
Link length is 0.000000
Filling in 42037 particles
Number of initial groups:14289
Number of groups:96
FOF CPU TIME: 0.072918 secs
> Reading /lustre/fgarcia4/ramses/dwarf/data/cluster_evolution/fs07_refine/output_00525
Link length is 0.000000
Filling in 42037 particles
Number of initial groups:14326
Number of groups:105
FOF CPU TIME: 0.073549 secs
> Reading /lustre/fgarcia4/ramses/dwarf/data/cluster_evolution/fs07_refine/output_00526
Link length is 0.000000
Filling in 42037 particles
Number of initial groups:14311
Number of groups:93
FOF CPU TIME: 0.072891 secs
> Reading /lustre/fgarcia4/ramses/dwarf/data/cluster_evolution/fs07_refine/output_00527
Link length is 0.000000
Filling in 42037 particles
Number of initial groups:14425
Number of groups:99
FOF CPU TIME: 0.072410 secs
> Reading /lustre/fgarcia4/ramses/dwarf/data/cluster_evolution/fs07_refine/output_00528
Link length is 0.000000
Filling in 42037 particles
Number of initial groups:14394
Number of groups:94
FOF CPU TIME: 0.073115 secs
> Reading /lustre/fgarcia4/ramses/dwarf/data/cluster_evolution/fs07_refine/output_00529
Link length is 0.000000
Filling in 42037 particles
Number of initial groups:14487
Number of groups:103
FOF CPU TIME: 0.072330 secs
> Reading /lustre/fgarcia4/ramses/dwarf/data/cluster_evolution/fs07_refine/output_00530
Link length is 0.000000
Filling in 42037 particles
Number of initial groups:14460
Number of groups:95
FOF CPU TIME: 0.073714 secs
> Reading /lustre/fgarcia4/ramses/dwarf/data/cluster_evolution/fs07_refine/output_00531
Link length is 0.000000
Filling in 42037 particles
Number of initial groups:14415
Number of groups:98
FOF CPU TIME: 0.072280 secs
> Reading /lustre/fgarcia4/ramses/dwarf/data/cluster_evolution/fs07_refine/output_00532
Link length is 0.000000
Filling in 42037 particles
Number of initial groups:14465
Number of groups:103
FOF CPU TIME: 0.072878 secs
> Reading /lustre/fgarcia4/ramses/dwarf/data/cluster_evolution/fs07_refine/output_00533
Link length is 0.000000
Filling in 42037 particles
Number of initial groups:14509
Number of groups:107
FOF CPU TIME: 0.072873 secs
> Reading /lustre/fgarcia4/ramses/dwarf/data/cluster_evolution/fs07_refine/output_00534
Link length is 0.000000
Filling in 42037 particles
Number of initial groups:14539
Number of groups:85
FOF CPU TIME: 0.072173 secs
> Reading /lustre/fgarcia4/ramses/dwarf/data/cluster_evolution/fs07_refine/output_00535
Link length is 0.000000
Filling in 42037 particles
Number of initial groups:14512
Number of groups:99
FOF CPU TIME: 0.071818 secs
> Reading /lustre/fgarcia4/ramses/dwarf/data/cluster_evolution/fs07_refine/output_00536
Link length is 0.000000
Filling in 42037 particles
Number of initial groups:14600
Number of groups:99
FOF CPU TIME: 0.072142 secs
> Reading /lustre/fgarcia4/ramses/dwarf/data/cluster_evolution/fs07_refine/output_00537
Link length is 0.000000
Filling in 42037 particles
Number of initial groups:14629
Number of groups:98
FOF CPU TIME: 0.072651 secs
> Reading /lustre/fgarcia4/ramses/dwarf/data/cluster_evolution/fs07_refine/output_00538
Link length is 0.000000
Filling in 42037 particles
Number of initial groups:14612
Number of groups:106
FOF CPU TIME: 0.073043 secs
> Reading /lustre/fgarcia4/ramses/dwarf/data/cluster_evolution/fs07_refine/output_00539
Link length is 0.000000
Filling in 42037 particles
Number of initial groups:14570
Number of groups:100
FOF CPU TIME: 0.072200 secs
> Reading /lustre/fgarcia4/ramses/dwarf/data/cluster_evolution/fs07_refine/output_00540
Link length is 0.000000
Filling in 42037 particles
Number of initial groups:14600
Number of groups:107
FOF CPU TIME: 0.073109 secs
> Reading /lustre/fgarcia4/ramses/dwarf/data/cluster_evolution/fs07_refine/output_00541
Link length is 0.000000
Filling in 42037 particles
Number of initial groups:14589
Number of groups:93
FOF CPU TIME: 0.073170 secs
> Reading /lustre/fgarcia4/ramses/dwarf/data/cluster_evolution/fs07_refine/output_00542
Link length is 0.000000
Filling in 42037 particles
Number of initial groups:14486
Number of groups:95
FOF CPU TIME: 0.073841 secs
> Reading /lustre/fgarcia4/ramses/dwarf/data/cluster_evolution/fs07_refine/output_00543
Link length is 0.000000
Filling in 42037 particles
Number of initial groups:14399
Number of groups:97
FOF CPU TIME: 0.073010 secs
> Reading /lustre/fgarcia4/ramses/dwarf/data/cluster_evolution/fs07_refine/output_00544
Link length is 0.000000
Filling in 42037 particles
Number of initial groups:14480
Number of groups:103
FOF CPU TIME: 0.072848 secs
> Reading /lustre/fgarcia4/ramses/dwarf/data/cluster_evolution/fs07_refine/output_00545
Link length is 0.000000
Filling in 42037 particles
Number of initial groups:14585
Number of groups:102
FOF CPU TIME: 0.072158 secs
> Reading /lustre/fgarcia4/ramses/dwarf/data/cluster_evolution/fs07_refine/output_00546
Link length is 0.000000
Filling in 42037 particles
Number of initial groups:14526
Number of groups:112
FOF CPU TIME: 0.072387 secs
> Reading /lustre/fgarcia4/ramses/dwarf/data/cluster_evolution/fs07_refine/output_00547
Link length is 0.000000
Filling in 42037 particles
Number of initial groups:14533
Number of groups:99
FOF CPU TIME: 0.072672 secs
> Reading /lustre/fgarcia4/ramses/dwarf/data/cluster_evolution/fs07_refine/output_00548
Link length is 0.000000
Filling in 42037 particles
Number of initial groups:14529
Number of groups:104
FOF CPU TIME: 0.072171 secs
> Reading /lustre/fgarcia4/ramses/dwarf/data/cluster_evolution/fs07_refine/output_00549
Link length is 0.000000
Filling in 42037 particles
Number of initial groups:14504
Number of groups:107
FOF CPU TIME: 0.071468 secs
> Reading /lustre/fgarcia4/ramses/dwarf/data/cluster_evolution/fs07_refine/output_00550
Link length is 0.000000
Filling in 42037 particles
Number of initial groups:14568
Number of groups:108
FOF CPU TIME: 0.072024 secs
> Reading /lustre/fgarcia4/ramses/dwarf/data/cluster_evolution/fs07_refine/output_00551
Link length is 0.000000
Filling in 42037 particles
Number of initial groups:14493
Number of groups:110
FOF CPU TIME: 0.071252 secs
> Reading /lustre/fgarcia4/ramses/dwarf/data/cluster_evolution/fs07_refine/output_00552
Link length is 0.000000
Filling in 42037 particles
Number of initial groups:14493
Number of groups:107
FOF CPU TIME: 0.071903 secs
> Reading /lustre/fgarcia4/ramses/dwarf/data/cluster_evolution/fs07_refine/output_00553
Link length is 0.000000
Filling in 42037 particles
Number of initial groups:14421
Number of groups:113
FOF CPU TIME: 0.071873 secs
> Reading /lustre/fgarcia4/ramses/dwarf/data/cluster_evolution/fs07_refine/output_00554
Link length is 0.000000
Filling in 42037 particles
Number of initial groups:14378
Number of groups:112
FOF CPU TIME: 0.073252 secs
> Reading /lustre/fgarcia4/ramses/dwarf/data/cluster_evolution/fs07_refine/output_00555
Link length is 0.000000
Filling in 42037 particles
Number of initial groups:14372
Number of groups:100
FOF CPU TIME: 0.072935 secs
> Reading /lustre/fgarcia4/ramses/dwarf/data/cluster_evolution/fs07_refine/output_00556
Link length is 0.000000
Filling in 42037 particles
Number of initial groups:14429
Number of groups:101
FOF CPU TIME: 0.072677 secs
> Reading /lustre/fgarcia4/ramses/dwarf/data/cluster_evolution/fs07_refine/output_00557
Link length is 0.000000
Filling in 42037 particles
Number of initial groups:14369
Number of groups:105
FOF CPU TIME: 0.072487 secs
> Reading /lustre/fgarcia4/ramses/dwarf/data/cluster_evolution/fs07_refine/output_00558
Link length is 0.000000
Filling in 42037 particles
Number of initial groups:14341
Number of groups:105
FOF CPU TIME: 0.072242 secs
> Reading /lustre/fgarcia4/ramses/dwarf/data/cluster_evolution/fs07_refine/output_00559
Link length is 0.000000
Filling in 42037 particles
Number of initial groups:14333
Number of groups:102
FOF CPU TIME: 0.072311 secs
> Reading /lustre/fgarcia4/ramses/dwarf/data/cluster_evolution/fs07_refine/output_00560
Link length is 0.000000
Filling in 42037 particles
Number of initial groups:14372
Number of groups:100
FOF CPU TIME: 0.072673 secs
> Reading /lustre/fgarcia4/ramses/dwarf/data/cluster_evolution/fs07_refine/output_00561
Link length is 0.000000
Filling in 42037 particles
Number of initial groups:14461
Number of groups:100
FOF CPU TIME: 0.072000 secs
> Reading /lustre/fgarcia4/ramses/dwarf/data/cluster_evolution/fs07_refine/output_00562
Link length is 0.000000
Filling in 42037 particles
Number of initial groups:14317
Number of groups:99
FOF CPU TIME: 0.071516 secs
> Reading /lustre/fgarcia4/ramses/dwarf/data/cluster_evolution/fs07_refine/output_00563
Link length is 0.000000
Filling in 42037 particles
Number of initial groups:14347
Number of groups:117
FOF CPU TIME: 0.071363 secs
> Reading /lustre/fgarcia4/ramses/dwarf/data/cluster_evolution/fs07_refine/output_00564
Link length is 0.000000
Filling in 42037 particles
Number of initial groups:14485
Number of groups:98
FOF CPU TIME: 0.071399 secs
> Reading /lustre/fgarcia4/ramses/dwarf/data/cluster_evolution/fs07_refine/output_00565
Link length is 0.000000
Filling in 42037 particles
Number of initial groups:14503
Number of groups:107
FOF CPU TIME: 0.072181 secs
> Reading /lustre/fgarcia4/ramses/dwarf/data/cluster_evolution/fs07_refine/output_00566
Link length is 0.000000
Filling in 42037 particles
Number of initial groups:14571
Number of groups:117
FOF CPU TIME: 0.071149 secs
> Reading /lustre/fgarcia4/ramses/dwarf/data/cluster_evolution/fs07_refine/output_00567
Link length is 0.000000
Filling in 42037 particles
Number of initial groups:14584
Number of groups:110
FOF CPU TIME: 0.070906 secs
> Reading /lustre/fgarcia4/ramses/dwarf/data/cluster_evolution/fs07_refine/output_00568
Link length is 0.000000
Filling in 42037 particles
Number of initial groups:14661
Number of groups:121
FOF CPU TIME: 0.070489 secs
> Reading /lustre/fgarcia4/ramses/dwarf/data/cluster_evolution/fs07_refine/output_00569
Link length is 0.000000
Filling in 42037 particles
Number of initial groups:14754
Number of groups:117
FOF CPU TIME: 0.069555 secs
> Reading /lustre/fgarcia4/ramses/dwarf/data/cluster_evolution/fs07_refine/output_00570
Link length is 0.000000
Filling in 42037 particles
Number of initial groups:14836
Number of groups:104
FOF CPU TIME: 0.070483 secs
> Reading /lustre/fgarcia4/ramses/dwarf/data/cluster_evolution/fs07_refine/output_00571
Link length is 0.000000
Filling in 42037 particles
Number of initial groups:14762
Number of groups:100
FOF CPU TIME: 0.070197 secs
> Reading /lustre/fgarcia4/ramses/dwarf/data/cluster_evolution/fs07_refine/output_00572
Link length is 0.000000
Filling in 42037 particles
Number of initial groups:14961
Number of groups:104
FOF CPU TIME: 0.069997 secs
> Reading /lustre/fgarcia4/ramses/dwarf/data/cluster_evolution/fs07_refine/output_00573
Link length is 0.000000
Filling in 42037 particles
Number of initial groups:15121
Number of groups:110
FOF CPU TIME: 0.070744 secs
> Reading /lustre/fgarcia4/ramses/dwarf/data/cluster_evolution/fs07_refine/output_00574
Link length is 0.000000
Filling in 42037 particles
Number of initial groups:15138
Number of groups:112
FOF CPU TIME: 0.070808 secs
> Reading /lustre/fgarcia4/ramses/dwarf/data/cluster_evolution/fs07_refine/output_00575
Link length is 0.000000
Filling in 42037 particles
Number of initial groups:15192
Number of groups:109
FOF CPU TIME: 0.070268 secs
> Reading /lustre/fgarcia4/ramses/dwarf/data/cluster_evolution/fs07_refine/output_00576
Link length is 0.000000
Filling in 42037 particles
Number of initial groups:15252
Number of groups:101
FOF CPU TIME: 0.070628 secs
> Reading /lustre/fgarcia4/ramses/dwarf/data/cluster_evolution/fs07_refine/output_00577
Link length is 0.000000
Filling in 42037 particles
Number of initial groups:15345
Number of groups:105
FOF CPU TIME: 0.069936 secs
> Reading /lustre/fgarcia4/ramses/dwarf/data/cluster_evolution/fs07_refine/output_00578
Link length is 0.000000
Filling in 42037 particles
Number of initial groups:15345
Number of groups:97
FOF CPU TIME: 0.070339 secs
> Reading /lustre/fgarcia4/ramses/dwarf/data/cluster_evolution/fs07_refine/output_00579
Link length is 0.000000
Filling in 42037 particles
Number of initial groups:15419
Number of groups:93
FOF CPU TIME: 0.070628 secs
> Reading /lustre/fgarcia4/ramses/dwarf/data/cluster_evolution/fs07_refine/output_00580
Link length is 0.000000
Filling in 42037 particles
Number of initial groups:15561
Number of groups:99
FOF CPU TIME: 0.070510 secs
> Reading /lustre/fgarcia4/ramses/dwarf/data/cluster_evolution/fs07_refine/output_00581
Link length is 0.000000
Filling in 42037 particles
Number of initial groups:15609
Number of groups:100
FOF CPU TIME: 0.069747 secs
> Reading /lustre/fgarcia4/ramses/dwarf/data/cluster_evolution/fs07_refine/output_00582
Link length is 0.000000
Filling in 42037 particles
Number of initial groups:15612
Number of groups:95
FOF CPU TIME: 0.069586 secs
> Reading /lustre/fgarcia4/ramses/dwarf/data/cluster_evolution/fs07_refine/output_00583
Link length is 0.000000
Filling in 42037 particles
Number of initial groups:15695
Number of groups:103
FOF CPU TIME: 0.069978 secs
> Reading /lustre/fgarcia4/ramses/dwarf/data/cluster_evolution/fs07_refine/output_00584
Link length is 0.000000
Filling in 42037 particles
Number of initial groups:15766
Number of groups:110
FOF CPU TIME: 0.069172 secs
> Reading /lustre/fgarcia4/ramses/dwarf/data/cluster_evolution/fs07_refine/output_00585
Link length is 0.000000
Filling in 42037 particles
Number of initial groups:15784
Number of groups:104
FOF CPU TIME: 0.069637 secs
> Reading /lustre/fgarcia4/ramses/dwarf/data/cluster_evolution/fs07_refine/output_00586
Link length is 0.000000
Filling in 42037 particles
Number of initial groups:15821
Number of groups:100
FOF CPU TIME: 0.070141 secs
> Reading /lustre/fgarcia4/ramses/dwarf/data/cluster_evolution/fs07_refine/output_00587
Link length is 0.000000
Filling in 42037 particles
Number of initial groups:15856
Number of groups:105
FOF CPU TIME: 0.069254 secs
> Reading /lustre/fgarcia4/ramses/dwarf/data/cluster_evolution/fs07_refine/output_00588
Link length is 0.000000
Filling in 42037 particles
Number of initial groups:15960
Number of groups:106
FOF CPU TIME: 0.068631 secs
> Reading /lustre/fgarcia4/ramses/dwarf/data/cluster_evolution/fs07_refine/output_00589
Link length is 0.000000
Filling in 42037 particles
Number of initial groups:15941
Number of groups:104
FOF CPU TIME: 0.067694 secs
> Reading /lustre/fgarcia4/ramses/dwarf/data/cluster_evolution/fs07_refine/output_00590
Link length is 0.000000
Filling in 42037 particles
Number of initial groups:16003
Number of groups:93
FOF CPU TIME: 0.068154 secs
> Reading /lustre/fgarcia4/ramses/dwarf/data/cluster_evolution/fs07_refine/output_00591
Link length is 0.000000
Filling in 42037 particles
Number of initial groups:16085
Number of groups:104
FOF CPU TIME: 0.068562 secs
> Reading /lustre/fgarcia4/ramses/dwarf/data/cluster_evolution/fs07_refine/output_00592
Link length is 0.000000
Filling in 42037 particles
Number of initial groups:16054
Number of groups:104
FOF CPU TIME: 0.068929 secs
> Reading /lustre/fgarcia4/ramses/dwarf/data/cluster_evolution/fs07_refine/output_00593
Link length is 0.000000
Filling in 42037 particles
Number of initial groups:16042
Number of groups:95
FOF CPU TIME: 0.068037 secs
> Reading /lustre/fgarcia4/ramses/dwarf/data/cluster_evolution/fs07_refine/output_00594
Link length is 0.000000
Filling in 42037 particles
Number of initial groups:15938
Number of groups:97
FOF CPU TIME: 0.067996 secs
> Reading /lustre/fgarcia4/ramses/dwarf/data/cluster_evolution/fs07_refine/output_00595
Link length is 0.000000
Filling in 42037 particles
Number of initial groups:15963
Number of groups:102
FOF CPU TIME: 0.067315 secs
> Reading /lustre/fgarcia4/ramses/dwarf/data/cluster_evolution/fs07_refine/output_00596
Link length is 0.000000
Filling in 42037 particles
Number of initial groups:16012
Number of groups:93
FOF CPU TIME: 0.068806 secs
> Reading /lustre/fgarcia4/ramses/dwarf/data/cluster_evolution/fs07_refine/output_00597
Link length is 0.000000
Filling in 42037 particles
Number of initial groups:16000
Number of groups:97
FOF CPU TIME: 0.068294 secs
> Reading /lustre/fgarcia4/ramses/dwarf/data/cluster_evolution/fs07_refine/output_00598
Link length is 0.000000
Filling in 42037 particles
Number of initial groups:15967
Number of groups:104
FOF CPU TIME: 0.068370 secs
> Reading /lustre/fgarcia4/ramses/dwarf/data/cluster_evolution/fs07_refine/output_00599
Link length is 0.000000
Filling in 42037 particles
Number of initial groups:16044
Number of groups:93
FOF CPU TIME: 0.068222 secs
> Reading /lustre/fgarcia4/ramses/dwarf/data/cluster_evolution/fs07_refine/output_00600
Link length is 0.000000
Filling in 42037 particles
Number of initial groups:16073
Number of groups:112
FOF CPU TIME: 0.068342 secs
> Reading /lustre/fgarcia4/ramses/dwarf/data/cluster_evolution/fs07_refine/output_00601
Link length is 0.000000
Filling in 42037 particles
Number of initial groups:16072
Number of groups:108
FOF CPU TIME: 0.067689 secs
> Reading /lustre/fgarcia4/ramses/dwarf/data/cluster_evolution/fs07_refine/output_00602
Link length is 0.000000
Filling in 42037 particles
Number of initial groups:16060
Number of groups:105
FOF CPU TIME: 0.067903 secs
> Reading /lustre/fgarcia4/ramses/dwarf/data/cluster_evolution/fs07_refine/output_00603
Link length is 0.000000
Filling in 42037 particles
Number of initial groups:16079
Number of groups:104
FOF CPU TIME: 0.067904 secs
> Reading /lustre/fgarcia4/ramses/dwarf/data/cluster_evolution/fs07_refine/output_00604
Link length is 0.000000
Filling in 42037 particles
Number of initial groups:16148
Number of groups:98
FOF CPU TIME: 0.067684 secs
> Reading /lustre/fgarcia4/ramses/dwarf/data/cluster_evolution/fs07_refine/output_00605
Link length is 0.000000
Filling in 42037 particles
Number of initial groups:16166
Number of groups:101
FOF CPU TIME: 0.067397 secs
> Reading /lustre/fgarcia4/ramses/dwarf/data/cluster_evolution/fs07_refine/output_00606
Link length is 0.000000
Filling in 42037 particles
Number of initial groups:16201
Number of groups:103
FOF CPU TIME: 0.067656 secs
> Reading /lustre/fgarcia4/ramses/dwarf/data/cluster_evolution/fs07_refine/output_00607
Link length is 0.000000
Filling in 42037 particles
Number of initial groups:16253
Number of groups:101
FOF CPU TIME: 0.066858 secs
> Reading /lustre/fgarcia4/ramses/dwarf/data/cluster_evolution/fs07_refine/output_00608
Link length is 0.000000
Filling in 42037 particles
Number of initial groups:16418
Number of groups:107
FOF CPU TIME: 0.066799 secs
> Reading /lustre/fgarcia4/ramses/dwarf/data/cluster_evolution/fs07_refine/output_00609
Link length is 0.000000
Filling in 42037 particles
Number of initial groups:16405
Number of groups:105
FOF CPU TIME: 0.066578 secs
> Reading /lustre/fgarcia4/ramses/dwarf/data/cluster_evolution/fs07_refine/output_00610
Link length is 0.000000
Filling in 42037 particles
Number of initial groups:16581
Number of groups:92
FOF CPU TIME: 0.066146 secs
> Reading /lustre/fgarcia4/ramses/dwarf/data/cluster_evolution/fs07_refine/output_00611
Link length is 0.000000
Filling in 42037 particles
Number of initial groups:16515
Number of groups:105
FOF CPU TIME: 0.066232 secs
> Reading /lustre/fgarcia4/ramses/dwarf/data/cluster_evolution/fs07_refine/output_00612
Link length is 0.000000
Filling in 42037 particles
Number of initial groups:16445
Number of groups:101
FOF CPU TIME: 0.066909 secs
> Reading /lustre/fgarcia4/ramses/dwarf/data/cluster_evolution/fs07_refine/output_00613
Link length is 0.000000
Filling in 42037 particles
Number of initial groups:16474
Number of groups:100
FOF CPU TIME: 0.067159 secs
> Reading /lustre/fgarcia4/ramses/dwarf/data/cluster_evolution/fs07_refine/output_00614
Link length is 0.000000
Filling in 42037 particles
Number of initial groups:16408
Number of groups:104
FOF CPU TIME: 0.066489 secs
> Reading /lustre/fgarcia4/ramses/dwarf/data/cluster_evolution/fs07_refine/output_00615
Link length is 0.000000
Filling in 42037 particles
Number of initial groups:16331
Number of groups:104
FOF CPU TIME: 0.067232 secs
> Reading /lustre/fgarcia4/ramses/dwarf/data/cluster_evolution/fs07_refine/output_00616
Link length is 0.000000
Filling in 42037 particles
Number of initial groups:16233
Number of groups:97
FOF CPU TIME: 0.067622 secs
> Reading /lustre/fgarcia4/ramses/dwarf/data/cluster_evolution/fs07_refine/output_00617
Link length is 0.000000
Filling in 42037 particles
Number of initial groups:16212
Number of groups:95
FOF CPU TIME: 0.068305 secs
> Reading /lustre/fgarcia4/ramses/dwarf/data/cluster_evolution/fs07_refine/output_00618
Link length is 0.000000
Filling in 42037 particles
Number of initial groups:16170
Number of groups:94
FOF CPU TIME: 0.067271 secs
> Reading /lustre/fgarcia4/ramses/dwarf/data/cluster_evolution/fs07_refine/output_00619
Link length is 0.000000
Filling in 42037 particles
Number of initial groups:16014
Number of groups:94
FOF CPU TIME: 0.068888 secs
> Reading /lustre/fgarcia4/ramses/dwarf/data/cluster_evolution/fs07_refine/output_00620
Link length is 0.000000
Filling in 42037 particles
Number of initial groups:16040
Number of groups:108
FOF CPU TIME: 0.069173 secs
> Reading /lustre/fgarcia4/ramses/dwarf/data/cluster_evolution/fs07_refine/output_00621
Link length is 0.000000
Filling in 42037 particles
Number of initial groups:16039
Number of groups:114
FOF CPU TIME: 0.068785 secs
> Reading /lustre/fgarcia4/ramses/dwarf/data/cluster_evolution/fs07_refine/output_00622
Link length is 0.000000
Filling in 42037 particles
Number of initial groups:15976
Number of groups:116
FOF CPU TIME: 0.068538 secs
> Reading /lustre/fgarcia4/ramses/dwarf/data/cluster_evolution/fs07_refine/output_00623
Link length is 0.000000
Filling in 42037 particles
Number of initial groups:15872
Number of groups:107
FOF CPU TIME: 0.068056 secs
> Reading /lustre/fgarcia4/ramses/dwarf/data/cluster_evolution/fs07_refine/output_00624
Link length is 0.000000
Filling in 42037 particles
Number of initial groups:15785
Number of groups:106
FOF CPU TIME: 0.069087 secs
> Reading /lustre/fgarcia4/ramses/dwarf/data/cluster_evolution/fs07_refine/output_00625
Link length is 0.000000
Filling in 42037 particles
Number of initial groups:15828
Number of groups:107
FOF CPU TIME: 0.069790 secs
> Reading /lustre/fgarcia4/ramses/dwarf/data/cluster_evolution/fs07_refine/output_00626
Link length is 0.000000
Filling in 42037 particles
Number of initial groups:15753
Number of groups:101
FOF CPU TIME: 0.069797 secs
> Reading /lustre/fgarcia4/ramses/dwarf/data/cluster_evolution/fs07_refine/output_00627
Link length is 0.000000
Filling in 42037 particles
Number of initial groups:15738
Number of groups:109
FOF CPU TIME: 0.070084 secs
> Reading /lustre/fgarcia4/ramses/dwarf/data/cluster_evolution/fs07_refine/output_00628
Link length is 0.000000
Filling in 42037 particles
Number of initial groups:15793
Number of groups:99
FOF CPU TIME: 0.068908 secs
> Reading /lustre/fgarcia4/ramses/dwarf/data/cluster_evolution/fs07_refine/output_00629
Link length is 0.000000
Filling in 42037 particles
Number of initial groups:15832
Number of groups:102
FOF CPU TIME: 0.068466 secs
> Reading /lustre/fgarcia4/ramses/dwarf/data/cluster_evolution/fs07_refine/output_00630
Link length is 0.000000
Filling in 42037 particles
Number of initial groups:15827
Number of groups:112
FOF CPU TIME: 0.067258 secs
> Reading /lustre/fgarcia4/ramses/dwarf/data/cluster_evolution/fs07_refine/output_00631
Link length is 0.000000
Filling in 42037 particles
Number of initial groups:15878
Number of groups:109
FOF CPU TIME: 0.067961 secs
> Reading /lustre/fgarcia4/ramses/dwarf/data/cluster_evolution/fs07_refine/output_00632
Link length is 0.000000
Filling in 42037 particles
Number of initial groups:15874
Number of groups:110
FOF CPU TIME: 0.067655 secs
> Reading /lustre/fgarcia4/ramses/dwarf/data/cluster_evolution/fs07_refine/output_00633
Link length is 0.000000
Filling in 42037 particles
Number of initial groups:15950
Number of groups:109
FOF CPU TIME: 0.067689 secs
> Reading /lustre/fgarcia4/ramses/dwarf/data/cluster_evolution/fs07_refine/output_00634
Link length is 0.000000
Filling in 42037 particles
Number of initial groups:15951
Number of groups:107
FOF CPU TIME: 0.066960 secs
> Reading /lustre/fgarcia4/ramses/dwarf/data/cluster_evolution/fs07_refine/output_00635
Link length is 0.000000
Filling in 42037 particles
Number of initial groups:16019
Number of groups:110
FOF CPU TIME: 0.067128 secs
> Reading /lustre/fgarcia4/ramses/dwarf/data/cluster_evolution/fs07_refine/output_00636
Link length is 0.000000
Filling in 42037 particles
Number of initial groups:16061
Number of groups:106
FOF CPU TIME: 0.066940 secs
> Reading /lustre/fgarcia4/ramses/dwarf/data/cluster_evolution/fs07_refine/output_00637
Link length is 0.000000
Filling in 42037 particles
Number of initial groups:16221
Number of groups:135
FOF CPU TIME: 0.066935 secs
> Reading /lustre/fgarcia4/ramses/dwarf/data/cluster_evolution/fs07_refine/output_00638
Link length is 0.000000
Filling in 42037 particles
Number of initial groups:16439
Number of groups:126
FOF CPU TIME: 0.065633 secs
> Reading /lustre/fgarcia4/ramses/dwarf/data/cluster_evolution/fs07_refine/output_00639
Link length is 0.000000
Filling in 42037 particles
Number of initial groups:16556
Number of groups:105
FOF CPU TIME: 0.064712 secs
> Reading /lustre/fgarcia4/ramses/dwarf/data/cluster_evolution/fs07_refine/output_00640
Link length is 0.000000
Filling in 42037 particles
Number of initial groups:16638
Number of groups:120
FOF CPU TIME: 0.064687 secs
> Reading /lustre/fgarcia4/ramses/dwarf/data/cluster_evolution/fs07_refine/output_00641
Link length is 0.000000
Filling in 42037 particles
Number of initial groups:16679
Number of groups:100
FOF CPU TIME: 0.064745 secs
> Reading /lustre/fgarcia4/ramses/dwarf/data/cluster_evolution/fs07_refine/output_00642
Link length is 0.000000
Filling in 42037 particles
Number of initial groups:16796
Number of groups:100
FOF CPU TIME: 0.064981 secs
> Reading /lustre/fgarcia4/ramses/dwarf/data/cluster_evolution/fs07_refine/output_00643
Link length is 0.000000
Filling in 42037 particles
Number of initial groups:16759
Number of groups:102
FOF CPU TIME: 0.065054 secs
> Reading /lustre/fgarcia4/ramses/dwarf/data/cluster_evolution/fs07_refine/output_00644
Link length is 0.000000
Filling in 42037 particles
Number of initial groups:16848
Number of groups:108
FOF CPU TIME: 0.065994 secs
> Reading /lustre/fgarcia4/ramses/dwarf/data/cluster_evolution/fs07_refine/output_00645
Link length is 0.000000
Filling in 42037 particles
Number of initial groups:16978
Number of groups:110
FOF CPU TIME: 0.065183 secs
> Reading /lustre/fgarcia4/ramses/dwarf/data/cluster_evolution/fs07_refine/output_00646
Link length is 0.000000
Filling in 42037 particles
Number of initial groups:17088
Number of groups:95
FOF CPU TIME: 0.064973 secs
> Reading /lustre/fgarcia4/ramses/dwarf/data/cluster_evolution/fs07_refine/output_00647
Link length is 0.000000
Filling in 42037 particles
Number of initial groups:17043
Number of groups:95
FOF CPU TIME: 0.065631 secs
> Reading /lustre/fgarcia4/ramses/dwarf/data/cluster_evolution/fs07_refine/output_00648
Link length is 0.000000
Filling in 42037 particles
Number of initial groups:17131
Number of groups:97
FOF CPU TIME: 0.064830 secs
> Reading /lustre/fgarcia4/ramses/dwarf/data/cluster_evolution/fs07_refine/output_00649
Link length is 0.000000
Filling in 42037 particles
Number of initial groups:17312
Number of groups:99
FOF CPU TIME: 0.064451 secs
> Reading /lustre/fgarcia4/ramses/dwarf/data/cluster_evolution/fs07_refine/output_00650
Link length is 0.000000
Filling in 42037 particles
Number of initial groups:17379
Number of groups:101
FOF CPU TIME: 0.065551 secs
> Reading /lustre/fgarcia4/ramses/dwarf/data/cluster_evolution/fs07_refine/output_00651
Link length is 0.000000
Filling in 42037 particles
Number of initial groups:17327
Number of groups:95
FOF CPU TIME: 0.064826 secs
> Reading /lustre/fgarcia4/ramses/dwarf/data/cluster_evolution/fs07_refine/output_00652
Link length is 0.000000
Filling in 42037 particles
Number of initial groups:17441
Number of groups:92
FOF CPU TIME: 0.064907 secs
> Reading /lustre/fgarcia4/ramses/dwarf/data/cluster_evolution/fs07_refine/output_00653
Link length is 0.000000
Filling in 42037 particles
Number of initial groups:17511
Number of groups:99
FOF CPU TIME: 0.064684 secs
> Reading /lustre/fgarcia4/ramses/dwarf/data/cluster_evolution/fs07_refine/output_00654
Link length is 0.000000
Filling in 42037 particles
Number of initial groups:17542
Number of groups:93
FOF CPU TIME: 0.064108 secs
> Reading /lustre/fgarcia4/ramses/dwarf/data/cluster_evolution/fs07_refine/output_00655
Link length is 0.000000
Filling in 42037 particles
Number of initial groups:17654
Number of groups:91
FOF CPU TIME: 0.065070 secs
> Reading /lustre/fgarcia4/ramses/dwarf/data/cluster_evolution/fs07_refine/output_00656
Link length is 0.000000
Filling in 42037 particles
Number of initial groups:17518
Number of groups:90
FOF CPU TIME: 0.064064 secs
> Reading /lustre/fgarcia4/ramses/dwarf/data/cluster_evolution/fs07_refine/output_00657
Link length is 0.000000
Filling in 42037 particles
Number of initial groups:17531
Number of groups:91
FOF CPU TIME: 0.063525 secs
> Reading /lustre/fgarcia4/ramses/dwarf/data/cluster_evolution/fs07_refine/output_00658
Link length is 0.000000
Filling in 42037 particles
Number of initial groups:17432
Number of groups:92
FOF CPU TIME: 0.063907 secs
> Reading /lustre/fgarcia4/ramses/dwarf/data/cluster_evolution/fs07_refine/output_00659
Link length is 0.000000
Filling in 42037 particles
Number of initial groups:17302
Number of groups:90
FOF CPU TIME: 0.063301 secs
> Reading /lustre/fgarcia4/ramses/dwarf/data/cluster_evolution/fs07_refine/output_00660
Link length is 0.000000
Filling in 42037 particles
Number of initial groups:17308
Number of groups:105
FOF CPU TIME: 0.064117 secs
> Reading /lustre/fgarcia4/ramses/dwarf/data/cluster_evolution/fs07_refine/output_00661
Link length is 0.000000
Filling in 42037 particles
Number of initial groups:17371
Number of groups:101
FOF CPU TIME: 0.064393 secs
> Reading /lustre/fgarcia4/ramses/dwarf/data/cluster_evolution/fs07_refine/output_00662
Link length is 0.000000
Filling in 42037 particles
Number of initial groups:17237
Number of groups:92
FOF CPU TIME: 0.064004 secs
> Reading /lustre/fgarcia4/ramses/dwarf/data/cluster_evolution/fs07_refine/output_00663
Link length is 0.000000
Filling in 42037 particles
Number of initial groups:17168
Number of groups:96
FOF CPU TIME: 0.064577 secs
> Reading /lustre/fgarcia4/ramses/dwarf/data/cluster_evolution/fs07_refine/output_00664
Link length is 0.000000
Filling in 42037 particles
Number of initial groups:17226
Number of groups:90
FOF CPU TIME: 0.063993 secs
> Reading /lustre/fgarcia4/ramses/dwarf/data/cluster_evolution/fs07_refine/output_00665
Link length is 0.000000
Filling in 42037 particles
Number of initial groups:17200
Number of groups:106
FOF CPU TIME: 0.063385 secs
> Reading /lustre/fgarcia4/ramses/dwarf/data/cluster_evolution/fs07_refine/output_00666
Link length is 0.000000
Filling in 42037 particles
Number of initial groups:17254
Number of groups:102
FOF CPU TIME: 0.063556 secs
> Reading /lustre/fgarcia4/ramses/dwarf/data/cluster_evolution/fs07_refine/output_00667
Link length is 0.000000
Filling in 42037 particles
Number of initial groups:17227
Number of groups:94
FOF CPU TIME: 0.064650 secs
> Reading /lustre/fgarcia4/ramses/dwarf/data/cluster_evolution/fs07_refine/output_00668
Link length is 0.000000
Filling in 42037 particles
Number of initial groups:17196
Number of groups:98
FOF CPU TIME: 0.064895 secs
> Reading /lustre/fgarcia4/ramses/dwarf/data/cluster_evolution/fs07_refine/output_00669
Link length is 0.000000
Filling in 42037 particles
Number of initial groups:17213
Number of groups:106
FOF CPU TIME: 0.062826 secs
> Reading /lustre/fgarcia4/ramses/dwarf/data/cluster_evolution/fs07_refine/output_00670
Link length is 0.000000
Filling in 42037 particles
Number of initial groups:17269
Number of groups:110
FOF CPU TIME: 0.062910 secs
> Reading /lustre/fgarcia4/ramses/dwarf/data/cluster_evolution/fs07_refine/output_00671
Link length is 0.000000
Filling in 42037 particles
Number of initial groups:17220
Number of groups:114
FOF CPU TIME: 0.061482 secs
> Reading /lustre/fgarcia4/ramses/dwarf/data/cluster_evolution/fs07_refine/output_00672
Link length is 0.000000
Filling in 42037 particles
Number of initial groups:17259
Number of groups:106
FOF CPU TIME: 0.062190 secs
> Reading /lustre/fgarcia4/ramses/dwarf/data/cluster_evolution/fs07_refine/output_00673
Link length is 0.000000
Filling in 42037 particles
Number of initial groups:17334
Number of groups:107
FOF CPU TIME: 0.062964 secs
> Reading /lustre/fgarcia4/ramses/dwarf/data/cluster_evolution/fs07_refine/output_00674
Link length is 0.000000
Filling in 42037 particles
Number of initial groups:17271
Number of groups:111
FOF CPU TIME: 0.063329 secs
> Reading /lustre/fgarcia4/ramses/dwarf/data/cluster_evolution/fs07_refine/output_00675
Link length is 0.000000
Filling in 42037 particles
Number of initial groups:17390
Number of groups:114
FOF CPU TIME: 0.063376 secs
> Reading /lustre/fgarcia4/ramses/dwarf/data/cluster_evolution/fs07_refine/output_00676
Link length is 0.000000
Filling in 42037 particles
Number of initial groups:17330
Number of groups:107
FOF CPU TIME: 0.062777 secs
> Reading /lustre/fgarcia4/ramses/dwarf/data/cluster_evolution/fs07_refine/output_00677
Link length is 0.000000
Filling in 42037 particles
Number of initial groups:17336
Number of groups:117
FOF CPU TIME: 0.062372 secs
> Reading /lustre/fgarcia4/ramses/dwarf/data/cluster_evolution/fs07_refine/output_00678
Link length is 0.000000
Filling in 42037 particles
Number of initial groups:17357
Number of groups:109
FOF CPU TIME: 0.062910 secs
> Reading /lustre/fgarcia4/ramses/dwarf/data/cluster_evolution/fs07_refine/output_00679
Link length is 0.000000
Filling in 42037 particles
Number of initial groups:17401
Number of groups:122
FOF CPU TIME: 0.061979 secs
> Reading /lustre/fgarcia4/ramses/dwarf/data/cluster_evolution/fs07_refine/output_00680
Link length is 0.000000
Filling in 42037 particles
Number of initial groups:17475
Number of groups:114
FOF CPU TIME: 0.063234 secs
> Reading /lustre/fgarcia4/ramses/dwarf/data/cluster_evolution/fs07_refine/output_00681
Link length is 0.000000
Filling in 42037 particles
Number of initial groups:17623
Number of groups:113
FOF CPU TIME: 0.062091 secs
> Reading /lustre/fgarcia4/ramses/dwarf/data/cluster_evolution/fs07_refine/output_00682
Link length is 0.000000
Filling in 42037 particles
Number of initial groups:17678
Number of groups:104
FOF CPU TIME: 0.061290 secs
> Reading /lustre/fgarcia4/ramses/dwarf/data/cluster_evolution/fs07_refine/output_00683
Link length is 0.000000
Filling in 42037 particles
Number of initial groups:17751
Number of groups:102
FOF CPU TIME: 0.061472 secs
> Reading /lustre/fgarcia4/ramses/dwarf/data/cluster_evolution/fs07_refine/output_00684
Link length is 0.000000
Filling in 42037 particles
Number of initial groups:17776
Number of groups:103
FOF CPU TIME: 0.061145 secs
> Reading /lustre/fgarcia4/ramses/dwarf/data/cluster_evolution/fs07_refine/output_00685
Link length is 0.000000
Filling in 42037 particles
Number of initial groups:17799
Number of groups:99
FOF CPU TIME: 0.061952 secs
> Reading /lustre/fgarcia4/ramses/dwarf/data/cluster_evolution/fs07_refine/output_00686
Link length is 0.000000
Filling in 42037 particles
Number of initial groups:17850
Number of groups:103
FOF CPU TIME: 0.061553 secs
> Reading /lustre/fgarcia4/ramses/dwarf/data/cluster_evolution/fs07_refine/output_00687
Link length is 0.000000
Filling in 42037 particles
Number of initial groups:17902
Number of groups:98
FOF CPU TIME: 0.060281 secs
> Reading /lustre/fgarcia4/ramses/dwarf/data/cluster_evolution/fs07_refine/output_00688
Link length is 0.000000
Filling in 42037 particles
Number of initial groups:17943
Number of groups:98
FOF CPU TIME: 0.060443 secs
> Reading /lustre/fgarcia4/ramses/dwarf/data/cluster_evolution/fs07_refine/output_00689
Link length is 0.000000
Filling in 42037 particles
Number of initial groups:18021
Number of groups:89
FOF CPU TIME: 0.060565 secs
> Reading /lustre/fgarcia4/ramses/dwarf/data/cluster_evolution/fs07_refine/output_00690
Link length is 0.000000
Filling in 42037 particles
Number of initial groups:18067
Number of groups:91
FOF CPU TIME: 0.060998 secs
> Reading /lustre/fgarcia4/ramses/dwarf/data/cluster_evolution/fs07_refine/output_00691
Link length is 0.000000
Filling in 42037 particles
Number of initial groups:18143
Number of groups:89
FOF CPU TIME: 0.060989 secs
> Reading /lustre/fgarcia4/ramses/dwarf/data/cluster_evolution/fs07_refine/output_00692
Link length is 0.000000
Filling in 42037 particles
Number of initial groups:18205
Number of groups:91
FOF CPU TIME: 0.060905 secs
> Reading /lustre/fgarcia4/ramses/dwarf/data/cluster_evolution/fs07_refine/output_00693
Link length is 0.000000
Filling in 42037 particles
Number of initial groups:18279
Number of groups:85
FOF CPU TIME: 0.061801 secs
> Reading /lustre/fgarcia4/ramses/dwarf/data/cluster_evolution/fs07_refine/output_00694
Link length is 0.000000
Filling in 42037 particles
Number of initial groups:18286
Number of groups:100
FOF CPU TIME: 0.061718 secs
> Reading /lustre/fgarcia4/ramses/dwarf/data/cluster_evolution/fs07_refine/output_00695
Link length is 0.000000
Filling in 42037 particles
Number of initial groups:18189
Number of groups:95
FOF CPU TIME: 0.061654 secs
> Reading /lustre/fgarcia4/ramses/dwarf/data/cluster_evolution/fs07_refine/output_00696
Link length is 0.000000
Filling in 42037 particles
Number of initial groups:18236
Number of groups:96
FOF CPU TIME: 0.061367 secs
> Reading /lustre/fgarcia4/ramses/dwarf/data/cluster_evolution/fs07_refine/output_00697
Link length is 0.000000
Filling in 42037 particles
Number of initial groups:18214
Number of groups:88
FOF CPU TIME: 0.061290 secs
> Reading /lustre/fgarcia4/ramses/dwarf/data/cluster_evolution/fs07_refine/output_00698
Link length is 0.000000
Filling in 42037 particles
Number of initial groups:18309
Number of groups:101
FOF CPU TIME: 0.060942 secs
> Reading /lustre/fgarcia4/ramses/dwarf/data/cluster_evolution/fs07_refine/output_00699
Link length is 0.000000
Filling in 42037 particles
Number of initial groups:18426
Number of groups:85
FOF CPU TIME: 0.061279 secs
> Reading /lustre/fgarcia4/ramses/dwarf/data/cluster_evolution/fs07_refine/output_00700
Link length is 0.000000
Filling in 42037 particles
Number of initial groups:18355
Number of groups:87
FOF CPU TIME: 0.061304 secs
> Reading /lustre/fgarcia4/ramses/dwarf/data/cluster_evolution/fs07_refine/output_00701
Link length is 0.000000
Filling in 42037 particles
Number of initial groups:18357
Number of groups:84
FOF CPU TIME: 0.061218 secs
> Reading /lustre/fgarcia4/ramses/dwarf/data/cluster_evolution/fs07_refine/output_00702
Link length is 0.000000
Filling in 42037 particles
Number of initial groups:18423
Number of groups:86
FOF CPU TIME: 0.061093 secs
> Reading /lustre/fgarcia4/ramses/dwarf/data/cluster_evolution/fs07_refine/output_00703
Link length is 0.000000
Filling in 42037 particles
Number of initial groups:18516
Number of groups:81
FOF CPU TIME: 0.060271 secs
> Reading /lustre/fgarcia4/ramses/dwarf/data/cluster_evolution/fs07_refine/output_00704
Link length is 0.000000
Filling in 42037 particles
Number of initial groups:18436
Number of groups:94
FOF CPU TIME: 0.059894 secs
> Reading /lustre/fgarcia4/ramses/dwarf/data/cluster_evolution/fs07_refine/output_00705
Link length is 0.000000
Filling in 42037 particles
Number of initial groups:18407
Number of groups:103
FOF CPU TIME: 0.059294 secs
> Reading /lustre/fgarcia4/ramses/dwarf/data/cluster_evolution/fs07_refine/output_00706
Link length is 0.000000
Filling in 42037 particles
Number of initial groups:18421
Number of groups:93
FOF CPU TIME: 0.060271 secs
> Reading /lustre/fgarcia4/ramses/dwarf/data/cluster_evolution/fs07_refine/output_00707
Link length is 0.000000
Filling in 42037 particles
Number of initial groups:18386
Number of groups:98
FOF CPU TIME: 0.060324 secs
> Reading /lustre/fgarcia4/ramses/dwarf/data/cluster_evolution/fs07_refine/output_00708
Link length is 0.000000
Filling in 42037 particles
Number of initial groups:18389
Number of groups:95
FOF CPU TIME: 0.060875 secs
> Reading /lustre/fgarcia4/ramses/dwarf/data/cluster_evolution/fs07_refine/output_00709
Link length is 0.000000
Filling in 42037 particles
Number of initial groups:18257
Number of groups:108
FOF CPU TIME: 0.061477 secs
> Reading /lustre/fgarcia4/ramses/dwarf/data/cluster_evolution/fs07_refine/output_00710
Link length is 0.000000
Filling in 42037 particles
Number of initial groups:18321
Number of groups:100
FOF CPU TIME: 0.060364 secs
> Reading /lustre/fgarcia4/ramses/dwarf/data/cluster_evolution/fs07_refine/output_00711
Link length is 0.000000
Filling in 42037 particles
Number of initial groups:18355
Number of groups:101
FOF CPU TIME: 0.060734 secs
> Reading /lustre/fgarcia4/ramses/dwarf/data/cluster_evolution/fs07_refine/output_00712
Link length is 0.000000
Filling in 42037 particles
Number of initial groups:18290
Number of groups:102
FOF CPU TIME: 0.060997 secs
> Reading /lustre/fgarcia4/ramses/dwarf/data/cluster_evolution/fs07_refine/output_00713
Link length is 0.000000
Filling in 42037 particles
Number of initial groups:18210
Number of groups:109
FOF CPU TIME: 0.060915 secs
> Reading /lustre/fgarcia4/ramses/dwarf/data/cluster_evolution/fs07_refine/output_00714
Link length is 0.000000
Filling in 42037 particles
Number of initial groups:18137
Number of groups:96
FOF CPU TIME: 0.061207 secs
> Reading /lustre/fgarcia4/ramses/dwarf/data/cluster_evolution/fs07_refine/output_00715
Link length is 0.000000
Filling in 42037 particles
Number of initial groups:18239
Number of groups:93
FOF CPU TIME: 0.061359 secs
> Reading /lustre/fgarcia4/ramses/dwarf/data/cluster_evolution/fs07_refine/output_00716
Link length is 0.000000
Filling in 42037 particles
Number of initial groups:18186
Number of groups:98
FOF CPU TIME: 0.060984 secs
> Reading /lustre/fgarcia4/ramses/dwarf/data/cluster_evolution/fs07_refine/output_00717
Link length is 0.000000
Filling in 42037 particles
Number of initial groups:18144
Number of groups:110
FOF CPU TIME: 0.060907 secs
> Reading /lustre/fgarcia4/ramses/dwarf/data/cluster_evolution/fs07_refine/output_00718
Link length is 0.000000
Filling in 42037 particles
Number of initial groups:18096
Number of groups:107
FOF CPU TIME: 0.061806 secs
> Reading /lustre/fgarcia4/ramses/dwarf/data/cluster_evolution/fs07_refine/output_00719
Link length is 0.000000
Filling in 42037 particles
Number of initial groups:18133
Number of groups:101
FOF CPU TIME: 0.060804 secs
> Reading /lustre/fgarcia4/ramses/dwarf/data/cluster_evolution/fs07_refine/output_00720
Link length is 0.000000
Filling in 42037 particles
Number of initial groups:18020
Number of groups:103
FOF CPU TIME: 0.060482 secs
> Reading /lustre/fgarcia4/ramses/dwarf/data/cluster_evolution/fs07_refine/output_00721
Link length is 0.000000
Filling in 42037 particles
Number of initial groups:18021
Number of groups:106
FOF CPU TIME: 0.061095 secs
> Reading /lustre/fgarcia4/ramses/dwarf/data/cluster_evolution/fs07_refine/output_00722
Link length is 0.000000
Filling in 42037 particles
Number of initial groups:18098
Number of groups:99
FOF CPU TIME: 0.060061 secs
> Reading /lustre/fgarcia4/ramses/dwarf/data/cluster_evolution/fs07_refine/output_00723
Link length is 0.000000
Filling in 42037 particles
Number of initial groups:18101
Number of groups:107
FOF CPU TIME: 0.060488 secs
> Reading /lustre/fgarcia4/ramses/dwarf/data/cluster_evolution/fs07_refine/output_00724
Link length is 0.000000
Filling in 42037 particles
Number of initial groups:18115
Number of groups:106
FOF CPU TIME: 0.060921 secs
> Reading /lustre/fgarcia4/ramses/dwarf/data/cluster_evolution/fs07_refine/output_00725
Link length is 0.000000
Filling in 42037 particles
Number of initial groups:18094
Number of groups:107
FOF CPU TIME: 0.061535 secs
> Reading /lustre/fgarcia4/ramses/dwarf/data/cluster_evolution/fs07_refine/output_00726
Link length is 0.000000
Filling in 42037 particles
Number of initial groups:18116
Number of groups:111
FOF CPU TIME: 0.060533 secs
> Reading /lustre/fgarcia4/ramses/dwarf/data/cluster_evolution/fs07_refine/output_00727
Link length is 0.000000
Filling in 42037 particles
Number of initial groups:18184
Number of groups:95
FOF CPU TIME: 0.059378 secs
> Reading /lustre/fgarcia4/ramses/dwarf/data/cluster_evolution/fs07_refine/output_00728
Link length is 0.000000
Filling in 42037 particles
Number of initial groups:18260
Number of groups:106
FOF CPU TIME: 0.059247 secs
> Reading /lustre/fgarcia4/ramses/dwarf/data/cluster_evolution/fs07_refine/output_00729
Link length is 0.000000
Filling in 42037 particles
Number of initial groups:18274
Number of groups:104
FOF CPU TIME: 0.059404 secs
> Reading /lustre/fgarcia4/ramses/dwarf/data/cluster_evolution/fs07_refine/output_00730
Link length is 0.000000
Filling in 42037 particles
Number of initial groups:18390
Number of groups:102
FOF CPU TIME: 0.058469 secs
> Reading /lustre/fgarcia4/ramses/dwarf/data/cluster_evolution/fs07_refine/output_00731
Link length is 0.000000
Filling in 42037 particles
Number of initial groups:18466
Number of groups:103
FOF CPU TIME: 0.058364 secs
> Reading /lustre/fgarcia4/ramses/dwarf/data/cluster_evolution/fs07_refine/output_00732
Link length is 0.000000
Filling in 42037 particles
Number of initial groups:18452
Number of groups:113
FOF CPU TIME: 0.058943 secs
> Reading /lustre/fgarcia4/ramses/dwarf/data/cluster_evolution/fs07_refine/output_00733
Link length is 0.000000
Filling in 42037 particles
Number of initial groups:18538
Number of groups:110
FOF CPU TIME: 0.058096 secs
> Reading /lustre/fgarcia4/ramses/dwarf/data/cluster_evolution/fs07_refine/output_00734
Link length is 0.000000
Filling in 42037 particles
Number of initial groups:18513
Number of groups:113
FOF CPU TIME: 0.058702 secs
> Reading /lustre/fgarcia4/ramses/dwarf/data/cluster_evolution/fs07_refine/output_00735
Link length is 0.000000
Filling in 42037 particles
Number of initial groups:18480
Number of groups:108
FOF CPU TIME: 0.057889 secs
> Reading /lustre/fgarcia4/ramses/dwarf/data/cluster_evolution/fs07_refine/output_00736
Link length is 0.000000
Filling in 42037 particles
Number of initial groups:18494
Number of groups:93
FOF CPU TIME: 0.059250 secs
> Reading /lustre/fgarcia4/ramses/dwarf/data/cluster_evolution/fs07_refine/output_00737
Link length is 0.000000
Filling in 42037 particles
Number of initial groups:18400
Number of groups:109
FOF CPU TIME: 0.059156 secs
> Reading /lustre/fgarcia4/ramses/dwarf/data/cluster_evolution/fs07_refine/output_00738
Link length is 0.000000
Filling in 42037 particles
Number of initial groups:18437
Number of groups:100
FOF CPU TIME: 0.058697 secs
> Reading /lustre/fgarcia4/ramses/dwarf/data/cluster_evolution/fs07_refine/output_00739
Link length is 0.000000
Filling in 42037 particles
Number of initial groups:18414
Number of groups:108
FOF CPU TIME: 0.059120 secs
> Reading /lustre/fgarcia4/ramses/dwarf/data/cluster_evolution/fs07_refine/output_00740
Link length is 0.000000
Filling in 42037 particles
Number of initial groups:18426
Number of groups:113
FOF CPU TIME: 0.060047 secs
> Reading /lustre/fgarcia4/ramses/dwarf/data/cluster_evolution/fs07_refine/output_00741
Link length is 0.000000
Filling in 42037 particles
Number of initial groups:18451
Number of groups:105
FOF CPU TIME: 0.059730 secs
> Reading /lustre/fgarcia4/ramses/dwarf/data/cluster_evolution/fs07_refine/output_00742
Link length is 0.000000
Filling in 42037 particles
Number of initial groups:18494
Number of groups:101
FOF CPU TIME: 0.059626 secs
> Reading /lustre/fgarcia4/ramses/dwarf/data/cluster_evolution/fs07_refine/output_00743
Link length is 0.000000
Filling in 42331 particles
Number of initial groups:18543
Number of groups:107
FOF CPU TIME: 0.060673 secs
> Reading /lustre/fgarcia4/ramses/dwarf/data/cluster_evolution/fs07_refine/output_00744
Link length is 0.000000
Filling in 42331 particles
Number of initial groups:18555
Number of groups:99
FOF CPU TIME: 0.059973 secs
> Reading /lustre/fgarcia4/ramses/dwarf/data/cluster_evolution/fs07_refine/output_00745
Link length is 0.000000
Filling in 42331 particles
Number of initial groups:18473
Number of groups:108
FOF CPU TIME: 0.059869 secs
> Reading /lustre/fgarcia4/ramses/dwarf/data/cluster_evolution/fs07_refine/output_00746
Link length is 0.000000
Filling in 42331 particles
Number of initial groups:18648
Number of groups:114
FOF CPU TIME: 0.058646 secs
> Reading /lustre/fgarcia4/ramses/dwarf/data/cluster_evolution/fs07_refine/output_00747
Link length is 0.000000
Filling in 42331 particles
Number of initial groups:18611
Number of groups:111
FOF CPU TIME: 0.058630 secs
> Reading /lustre/fgarcia4/ramses/dwarf/data/cluster_evolution/fs07_refine/output_00748
Link length is 0.000000
Filling in 42331 particles
Number of initial groups:18633
Number of groups:109
FOF CPU TIME: 0.058891 secs
> Reading /lustre/fgarcia4/ramses/dwarf/data/cluster_evolution/fs07_refine/output_00749
Link length is 0.000000
Filling in 43116 particles
Number of initial groups:18646
Number of groups:99
FOF CPU TIME: 0.061044 secs
> Reading /lustre/fgarcia4/ramses/dwarf/data/cluster_evolution/fs07_refine/output_00750
Link length is 0.000000
Filling in 43499 particles
Number of initial groups:18676
Number of groups:108
FOF CPU TIME: 0.062194 secs
> Reading /lustre/fgarcia4/ramses/dwarf/data/cluster_evolution/fs07_refine/output_00751
Link length is 0.000000
Filling in 43499 particles
Number of initial groups:18600
Number of groups:102
FOF CPU TIME: 0.063565 secs
> Reading /lustre/fgarcia4/ramses/dwarf/data/cluster_evolution/fs07_refine/output_00752
Link length is 0.000000
Filling in 43499 particles
Number of initial groups:18637
Number of groups:112
FOF CPU TIME: 0.061272 secs
> Reading /lustre/fgarcia4/ramses/dwarf/data/cluster_evolution/fs07_refine/output_00753
Link length is 0.000000
Filling in 43499 particles
Number of initial groups:18709
Number of groups:103
FOF CPU TIME: 0.061669 secs
> Reading /lustre/fgarcia4/ramses/dwarf/data/cluster_evolution/fs07_refine/output_00754
Link length is 0.000000
Filling in 43499 particles
Number of initial groups:18711
Number of groups:99
FOF CPU TIME: 0.062392 secs
> Reading /lustre/fgarcia4/ramses/dwarf/data/cluster_evolution/fs07_refine/output_00755
Link length is 0.000000
Filling in 43499 particles
Number of initial groups:18738
Number of groups:105
FOF CPU TIME: 0.061257 secs
> Reading /lustre/fgarcia4/ramses/dwarf/data/cluster_evolution/fs07_refine/output_00756
Link length is 0.000000
Filling in 44036 particles
Number of initial groups:18790
Number of groups:117
FOF CPU TIME: 0.061377 secs
> Reading /lustre/fgarcia4/ramses/dwarf/data/cluster_evolution/fs07_refine/output_00757
Link length is 0.000000
Filling in 44036 particles
Number of initial groups:18841
Number of groups:121
FOF CPU TIME: 0.061324 secs
> Reading /lustre/fgarcia4/ramses/dwarf/data/cluster_evolution/fs07_refine/output_00758
Link length is 0.000000
Filling in 44036 particles
Number of initial groups:18842
Number of groups:117
FOF CPU TIME: 0.059881 secs
> Reading /lustre/fgarcia4/ramses/dwarf/data/cluster_evolution/fs07_refine/output_00759
Link length is 0.000000
Filling in 44036 particles
Number of initial groups:18968
Number of groups:105
FOF CPU TIME: 0.060317 secs
> Reading /lustre/fgarcia4/ramses/dwarf/data/cluster_evolution/fs07_refine/output_00760
Link length is 0.000000
Filling in 44036 particles
Number of initial groups:18958
Number of groups:119
FOF CPU TIME: 0.060010 secs
> Reading /lustre/fgarcia4/ramses/dwarf/data/cluster_evolution/fs07_refine/output_00761
Link length is 0.000000
Filling in 44036 particles
Number of initial groups:19039
Number of groups:124
FOF CPU TIME: 0.059489 secs
> Reading /lustre/fgarcia4/ramses/dwarf/data/cluster_evolution/fs07_refine/output_00762
Link length is 0.000000
Filling in 44036 particles
Number of initial groups:19011
Number of groups:115
FOF CPU TIME: 0.059190 secs
> Reading /lustre/fgarcia4/ramses/dwarf/data/cluster_evolution/fs07_refine/output_00763
Link length is 0.000000
Filling in 44036 particles
Number of initial groups:19050
Number of groups:125
FOF CPU TIME: 0.059946 secs
> Reading /lustre/fgarcia4/ramses/dwarf/data/cluster_evolution/fs07_refine/output_00764
Link length is 0.000000
Filling in 44036 particles
Number of initial groups:19116
Number of groups:122
FOF CPU TIME: 0.060536 secs
> Reading /lustre/fgarcia4/ramses/dwarf/data/cluster_evolution/fs07_refine/output_00765
Link length is 0.000000
Filling in 44322 particles
Number of initial groups:19204
Number of groups:124
FOF CPU TIME: 0.060712 secs
> Reading /lustre/fgarcia4/ramses/dwarf/data/cluster_evolution/fs07_refine/output_00766
Link length is 0.000000
Filling in 44322 particles
Number of initial groups:19264
Number of groups:129
FOF CPU TIME: 0.059019 secs
> Reading /lustre/fgarcia4/ramses/dwarf/data/cluster_evolution/fs07_refine/output_00767
Link length is 0.000000
Filling in 44322 particles
Number of initial groups:19186
Number of groups:108
FOF CPU TIME: 0.060119 secs
> Reading /lustre/fgarcia4/ramses/dwarf/data/cluster_evolution/fs07_refine/output_00768
Link length is 0.000000
Filling in 44322 particles
Number of initial groups:19118
Number of groups:127
FOF CPU TIME: 0.060014 secs
> Reading /lustre/fgarcia4/ramses/dwarf/data/cluster_evolution/fs07_refine/output_00769
Link length is 0.000000
Filling in 44906 particles
Number of initial groups:19130
Number of groups:129
FOF CPU TIME: 0.060749 secs
> Reading /lustre/fgarcia4/ramses/dwarf/data/cluster_evolution/fs07_refine/output_00770
Link length is 0.000000
Filling in 44906 particles
Number of initial groups:19126
Number of groups:124
FOF CPU TIME: 0.061419 secs
> Reading /lustre/fgarcia4/ramses/dwarf/data/cluster_evolution/fs07_refine/output_00771
Link length is 0.000000
Filling in 44906 particles
Number of initial groups:19028
Number of groups:129
FOF CPU TIME: 0.060845 secs
> Reading /lustre/fgarcia4/ramses/dwarf/data/cluster_evolution/fs07_refine/output_00772
Link length is 0.000000
Filling in 44906 particles
Number of initial groups:18851
Number of groups:128
FOF CPU TIME: 0.060497 secs
> Reading /lustre/fgarcia4/ramses/dwarf/data/cluster_evolution/fs07_refine/output_00773
Link length is 0.000000
Filling in 44906 particles
Number of initial groups:18879
Number of groups:127
FOF CPU TIME: 0.061607 secs
> Reading /lustre/fgarcia4/ramses/dwarf/data/cluster_evolution/fs07_refine/output_00774
Link length is 0.000000
Filling in 44906 particles
Number of initial groups:18862
Number of groups:132
FOF CPU TIME: 0.061250 secs
> Reading /lustre/fgarcia4/ramses/dwarf/data/cluster_evolution/fs07_refine/output_00775
Link length is 0.000000
Filling in 44906 particles
Number of initial groups:18852
Number of groups:127
FOF CPU TIME: 0.060968 secs
> Reading /lustre/fgarcia4/ramses/dwarf/data/cluster_evolution/fs07_refine/output_00776
Link length is 0.000000
Filling in 44906 particles
Number of initial groups:18748
Number of groups:132
FOF CPU TIME: 0.061344 secs
> Reading /lustre/fgarcia4/ramses/dwarf/data/cluster_evolution/fs07_refine/output_00777
Link length is 0.000000
Filling in 44906 particles
Number of initial groups:18728
Number of groups:136
FOF CPU TIME: 0.062188 secs
> Reading /lustre/fgarcia4/ramses/dwarf/data/cluster_evolution/fs07_refine/output_00778
Link length is 0.000000
Filling in 44906 particles
Number of initial groups:18720
Number of groups:129
FOF CPU TIME: 0.062587 secs
> Reading /lustre/fgarcia4/ramses/dwarf/data/cluster_evolution/fs07_refine/output_00779
Link length is 0.000000
Filling in 44906 particles
Number of initial groups:18661
Number of groups:145
FOF CPU TIME: 0.063001 secs
> Reading /lustre/fgarcia4/ramses/dwarf/data/cluster_evolution/fs07_refine/output_00780
Link length is 0.000000
Filling in 44906 particles
Number of initial groups:18621
Number of groups:116
FOF CPU TIME: 0.062332 secs
> Reading /lustre/fgarcia4/ramses/dwarf/data/cluster_evolution/fs07_refine/output_00781
Link length is 0.000000
Filling in 46273 particles
Number of initial groups:18789
Number of groups:118
FOF CPU TIME: 0.065590 secs
> Reading /lustre/fgarcia4/ramses/dwarf/data/cluster_evolution/fs07_refine/output_00782
Link length is 0.000000
Filling in 46412 particles
Number of initial groups:18886
Number of groups:133
FOF CPU TIME: 0.065392 secs
> Reading /lustre/fgarcia4/ramses/dwarf/data/cluster_evolution/fs07_refine/output_00783
Link length is 0.000000
Filling in 46412 particles
Number of initial groups:18840
Number of groups:133
FOF CPU TIME: 0.065890 secs
> Reading /lustre/fgarcia4/ramses/dwarf/data/cluster_evolution/fs07_refine/output_00784
Link length is 0.000000
Filling in 46412 particles
Number of initial groups:18928
Number of groups:132
FOF CPU TIME: 0.066309 secs
> Reading /lustre/fgarcia4/ramses/dwarf/data/cluster_evolution/fs07_refine/output_00785
Link length is 0.000000
Filling in 46412 particles
Number of initial groups:19017
Number of groups:131
FOF CPU TIME: 0.066993 secs
> Reading /lustre/fgarcia4/ramses/dwarf/data/cluster_evolution/fs07_refine/output_00786
Link length is 0.000000
Filling in 46412 particles
Number of initial groups:19018
Number of groups:133
FOF CPU TIME: 0.066430 secs
> Reading /lustre/fgarcia4/ramses/dwarf/data/cluster_evolution/fs07_refine/output_00787
Link length is 0.000000
Filling in 46412 particles
Number of initial groups:19119
Number of groups:141
FOF CPU TIME: 0.065520 secs
> Reading /lustre/fgarcia4/ramses/dwarf/data/cluster_evolution/fs07_refine/output_00788
Link length is 0.000000
Filling in 46991 particles
Number of initial groups:19044
Number of groups:135
FOF CPU TIME: 0.065278 secs
> Reading /lustre/fgarcia4/ramses/dwarf/data/cluster_evolution/fs07_refine/output_00789
Link length is 0.000000
Filling in 46991 particles
Number of initial groups:19084
Number of groups:131
FOF CPU TIME: 0.065599 secs
> Reading /lustre/fgarcia4/ramses/dwarf/data/cluster_evolution/fs07_refine/output_00790
Link length is 0.000000
Filling in 46991 particles
Number of initial groups:19169
Number of groups:134
FOF CPU TIME: 0.065991 secs
> Reading /lustre/fgarcia4/ramses/dwarf/data/cluster_evolution/fs07_refine/output_00791
Link length is 0.000000
Filling in 46991 particles
Number of initial groups:19313
Number of groups:125
FOF CPU TIME: 0.063077 secs
> Reading /lustre/fgarcia4/ramses/dwarf/data/cluster_evolution/fs07_refine/output_00792
Link length is 0.000000
Filling in 46991 particles
Number of initial groups:19336
Number of groups:133
FOF CPU TIME: 0.066404 secs
> Reading /lustre/fgarcia4/ramses/dwarf/data/cluster_evolution/fs07_refine/output_00793
Link length is 0.000000
Filling in 46991 particles
Number of initial groups:19406
Number of groups:123
FOF CPU TIME: 0.065593 secs
> Reading /lustre/fgarcia4/ramses/dwarf/data/cluster_evolution/fs07_refine/output_00794
Link length is 0.000000
Filling in 46991 particles
Number of initial groups:19410
Number of groups:135
FOF CPU TIME: 0.065696 secs
> Reading /lustre/fgarcia4/ramses/dwarf/data/cluster_evolution/fs07_refine/output_00795
Link length is 0.000000
Filling in 46991 particles
Number of initial groups:19516
Number of groups:140
FOF CPU TIME: 0.065990 secs
> Reading /lustre/fgarcia4/ramses/dwarf/data/cluster_evolution/fs07_refine/output_00796
Link length is 0.000000
Filling in 46991 particles
Number of initial groups:19658
Number of groups:126
FOF CPU TIME: 0.064343 secs
> Reading /lustre/fgarcia4/ramses/dwarf/data/cluster_evolution/fs07_refine/output_00797
Link length is 0.000000
Filling in 46991 particles
Number of initial groups:19693
Number of groups:151
FOF CPU TIME: 0.065361 secs
> Reading /lustre/fgarcia4/ramses/dwarf/data/cluster_evolution/fs07_refine/output_00798
Link length is 0.000000
Filling in 46991 particles
Number of initial groups:19778
Number of groups:138
FOF CPU TIME: 0.065117 secs
> Reading /lustre/fgarcia4/ramses/dwarf/data/cluster_evolution/fs07_refine/output_00799
Link length is 0.000000
Filling in 46991 particles
Number of initial groups:19718
Number of groups:134
FOF CPU TIME: 0.065405 secs
> Reading /lustre/fgarcia4/ramses/dwarf/data/cluster_evolution/fs07_refine/output_00800
Link length is 0.000000
Filling in 46991 particles
Number of initial groups:19770
Number of groups:131
FOF CPU TIME: 0.064771 secs
> Reading /lustre/fgarcia4/ramses/dwarf/data/cluster_evolution/fs07_refine/output_00801
Link length is 0.000000
Filling in 46991 particles
Number of initial groups:19885
Number of groups:128
FOF CPU TIME: 0.064036 secs
> Reading /lustre/fgarcia4/ramses/dwarf/data/cluster_evolution/fs07_refine/output_00802
Link length is 0.000000
Filling in 46991 particles
Number of initial groups:20048
Number of groups:121
FOF CPU TIME: 0.063807 secs
> Reading /lustre/fgarcia4/ramses/dwarf/data/cluster_evolution/fs07_refine/output_00803
Link length is 0.000000
Filling in 46991 particles
Number of initial groups:20027
Number of groups:132
FOF CPU TIME: 0.064389 secs
> Reading /lustre/fgarcia4/ramses/dwarf/data/cluster_evolution/fs07_refine/output_00804
Link length is 0.000000
Filling in 46991 particles
Number of initial groups:20119
Number of groups:118
FOF CPU TIME: 0.063928 secs
> Reading /lustre/fgarcia4/ramses/dwarf/data/cluster_evolution/fs07_refine/output_00805
Link length is 0.000000
Filling in 46991 particles
Number of initial groups:20224
Number of groups:128
FOF CPU TIME: 0.063437 secs
> Reading /lustre/fgarcia4/ramses/dwarf/data/cluster_evolution/fs07_refine/output_00806
Link length is 0.000000
Filling in 46991 particles
Number of initial groups:20190
Number of groups:144
FOF CPU TIME: 0.063720 secs
> Reading /lustre/fgarcia4/ramses/dwarf/data/cluster_evolution/fs07_refine/output_00807
Link length is 0.000000
Filling in 46991 particles
Number of initial groups:20287
Number of groups:121
FOF CPU TIME: 0.063357 secs
> Reading /lustre/fgarcia4/ramses/dwarf/data/cluster_evolution/fs07_refine/output_00808
Link length is 0.000000
Filling in 46991 particles
Number of initial groups:20385
Number of groups:133
FOF CPU TIME: 0.063764 secs
> Reading /lustre/fgarcia4/ramses/dwarf/data/cluster_evolution/fs07_refine/output_00809
Link length is 0.000000
Filling in 46991 particles
Number of initial groups:20488
Number of groups:117
FOF CPU TIME: 0.063605 secs
> Reading /lustre/fgarcia4/ramses/dwarf/data/cluster_evolution/fs07_refine/output_00810
Link length is 0.000000
Filling in 46991 particles
Number of initial groups:20512
Number of groups:122
FOF CPU TIME: 0.063789 secs
> Reading /lustre/fgarcia4/ramses/dwarf/data/cluster_evolution/fs07_refine/output_00811
Link length is 0.000000
Filling in 46991 particles
Number of initial groups:20595
Number of groups:125
FOF CPU TIME: 0.062793 secs
> Reading /lustre/fgarcia4/ramses/dwarf/data/cluster_evolution/fs07_refine/output_00812
Link length is 0.000000
Filling in 46991 particles
Number of initial groups:20709
Number of groups:127
FOF CPU TIME: 0.062895 secs
> Reading /lustre/fgarcia4/ramses/dwarf/data/cluster_evolution/fs07_refine/output_00813
Link length is 0.000000
Filling in 46991 particles
Number of initial groups:20732
Number of groups:120
FOF CPU TIME: 0.062874 secs
> Reading /lustre/fgarcia4/ramses/dwarf/data/cluster_evolution/fs07_refine/output_00814
Link length is 0.000000
Filling in 46991 particles
Number of initial groups:20795
Number of groups:127
FOF CPU TIME: 0.062731 secs
> Reading /lustre/fgarcia4/ramses/dwarf/data/cluster_evolution/fs07_refine/output_00815
Link length is 0.000000
Filling in 46991 particles
Number of initial groups:20790
Number of groups:123
FOF CPU TIME: 0.062823 secs
> Reading /lustre/fgarcia4/ramses/dwarf/data/cluster_evolution/fs07_refine/output_00816
Link length is 0.000000
Filling in 46991 particles
Number of initial groups:20895
Number of groups:121
FOF CPU TIME: 0.062989 secs
> Reading /lustre/fgarcia4/ramses/dwarf/data/cluster_evolution/fs07_refine/output_00817
Link length is 0.000000
Filling in 46991 particles
Number of initial groups:20965
Number of groups:114
FOF CPU TIME: 0.062868 secs
> Reading /lustre/fgarcia4/ramses/dwarf/data/cluster_evolution/fs07_refine/output_00818
Link length is 0.000000
Filling in 46991 particles
Number of initial groups:20907
Number of groups:121
FOF CPU TIME: 0.062332 secs
> Reading /lustre/fgarcia4/ramses/dwarf/data/cluster_evolution/fs07_refine/output_00819
Link length is 0.000000
Filling in 46991 particles
Number of initial groups:20978
Number of groups:121
FOF CPU TIME: 0.060505 secs
> Reading /lustre/fgarcia4/ramses/dwarf/data/cluster_evolution/fs07_refine/output_00820
Link length is 0.000000
Filling in 46991 particles
Number of initial groups:20914
Number of groups:109
FOF CPU TIME: 0.061192 secs
> Reading /lustre/fgarcia4/ramses/dwarf/data/cluster_evolution/fs07_refine/output_00821
Link length is 0.000000
Filling in 46991 particles
Number of initial groups:20859
Number of groups:118
FOF CPU TIME: 0.061536 secs
> Reading /lustre/fgarcia4/ramses/dwarf/data/cluster_evolution/fs07_refine/output_00822
Link length is 0.000000
Filling in 46991 particles
Number of initial groups:20781
Number of groups:123
FOF CPU TIME: 0.062094 secs
> Reading /lustre/fgarcia4/ramses/dwarf/data/cluster_evolution/fs07_refine/output_00823
Link length is 0.000000
Filling in 46991 particles
Number of initial groups:20789
Number of groups:115
FOF CPU TIME: 0.061577 secs
> Reading /lustre/fgarcia4/ramses/dwarf/data/cluster_evolution/fs07_refine/output_00824
Link length is 0.000000
Filling in 46991 particles
Number of initial groups:20751
Number of groups:128
FOF CPU TIME: 0.062180 secs
> Reading /lustre/fgarcia4/ramses/dwarf/data/cluster_evolution/fs07_refine/output_00825
Link length is 0.000000
Filling in 46991 particles
Number of initial groups:20767
Number of groups:129
FOF CPU TIME: 0.061942 secs
> Reading /lustre/fgarcia4/ramses/dwarf/data/cluster_evolution/fs07_refine/output_00826
Link length is 0.000000
Filling in 46991 particles
Number of initial groups:20732
Number of groups:127
FOF CPU TIME: 0.061623 secs
> Reading /lustre/fgarcia4/ramses/dwarf/data/cluster_evolution/fs07_refine/output_00827
Link length is 0.000000
Filling in 46991 particles
Number of initial groups:20702
Number of groups:129
FOF CPU TIME: 0.062635 secs
> Reading /lustre/fgarcia4/ramses/dwarf/data/cluster_evolution/fs07_refine/output_00828
Link length is 0.000000
Filling in 46991 particles
Number of initial groups:20617
Number of groups:129
FOF CPU TIME: 0.061938 secs
> Reading /lustre/fgarcia4/ramses/dwarf/data/cluster_evolution/fs07_refine/output_00829
Link length is 0.000000
Filling in 46991 particles
Number of initial groups:20653
Number of groups:140
FOF CPU TIME: 0.062352 secs
> Reading /lustre/fgarcia4/ramses/dwarf/data/cluster_evolution/fs07_refine/output_00830
Link length is 0.000000
Filling in 46991 particles
Number of initial groups:20573
Number of groups:129
FOF CPU TIME: 0.062074 secs
> Reading /lustre/fgarcia4/ramses/dwarf/data/cluster_evolution/fs07_refine/output_00831
Link length is 0.000000
Filling in 46991 particles
Number of initial groups:20563
Number of groups:117
FOF CPU TIME: 0.062349 secs
> Reading /lustre/fgarcia4/ramses/dwarf/data/cluster_evolution/fs07_refine/output_00832
Link length is 0.000000
Filling in 46991 particles
Number of initial groups:20498
Number of groups:130
FOF CPU TIME: 0.061983 secs
> Reading /lustre/fgarcia4/ramses/dwarf/data/cluster_evolution/fs07_refine/output_00833
Link length is 0.000000
Filling in 46991 particles
Number of initial groups:20358
Number of groups:128
FOF CPU TIME: 0.062351 secs
> Reading /lustre/fgarcia4/ramses/dwarf/data/cluster_evolution/fs07_refine/output_00834
Link length is 0.000000
Filling in 46991 particles
Number of initial groups:20389
Number of groups:145
FOF CPU TIME: 0.061882 secs
> Reading /lustre/fgarcia4/ramses/dwarf/data/cluster_evolution/fs07_refine/output_00835
Link length is 0.000000
Filling in 46991 particles
Number of initial groups:20337
Number of groups:124
FOF CPU TIME: 0.062326 secs
> Reading /lustre/fgarcia4/ramses/dwarf/data/cluster_evolution/fs07_refine/output_00836
Link length is 0.000000
Filling in 46991 particles
Number of initial groups:20252
Number of groups:136
FOF CPU TIME: 0.063498 secs
> Reading /lustre/fgarcia4/ramses/dwarf/data/cluster_evolution/fs07_refine/output_00837
Link length is 0.000000
Filling in 46991 particles
Number of initial groups:20129
Number of groups:124
FOF CPU TIME: 0.065201 secs
> Reading /lustre/fgarcia4/ramses/dwarf/data/cluster_evolution/fs07_refine/output_00838
Link length is 0.000000
Filling in 46991 particles
Number of initial groups:20004
Number of groups:133
FOF CPU TIME: 0.065820 secs
> Reading /lustre/fgarcia4/ramses/dwarf/data/cluster_evolution/fs07_refine/output_00839
Link length is 0.000000
Filling in 46991 particles
Number of initial groups:19951
Number of groups:147
FOF CPU TIME: 0.065171 secs
> Reading /lustre/fgarcia4/ramses/dwarf/data/cluster_evolution/fs07_refine/output_00840
Link length is 0.000000
Filling in 46991 particles
Number of initial groups:19884
Number of groups:148
FOF CPU TIME: 0.065146 secs
> Reading /lustre/fgarcia4/ramses/dwarf/data/cluster_evolution/fs07_refine/output_00841
Link length is 0.000000
Filling in 46991 particles
Number of initial groups:19880
Number of groups:143
FOF CPU TIME: 0.064110 secs
> Reading /lustre/fgarcia4/ramses/dwarf/data/cluster_evolution/fs07_refine/output_00842
Link length is 0.000000
Filling in 46991 particles
Number of initial groups:19842
Number of groups:147
FOF CPU TIME: 0.063566 secs
> Reading /lustre/fgarcia4/ramses/dwarf/data/cluster_evolution/fs07_refine/output_00843
Link length is 0.000000
Filling in 46991 particles
Number of initial groups:19746
Number of groups:145
FOF CPU TIME: 0.064467 secs
> Reading /lustre/fgarcia4/ramses/dwarf/data/cluster_evolution/fs07_refine/output_00844
Link length is 0.000000
Filling in 46991 particles
Number of initial groups:19784
Number of groups:128
FOF CPU TIME: 0.062710 secs
> Reading /lustre/fgarcia4/ramses/dwarf/data/cluster_evolution/fs07_refine/output_00845
Link length is 0.000000
Filling in 46991 particles
Number of initial groups:19834
Number of groups:139
FOF CPU TIME: 0.062980 secs
> Reading /lustre/fgarcia4/ramses/dwarf/data/cluster_evolution/fs07_refine/output_00846
Link length is 0.000000
Filling in 46991 particles
Number of initial groups:19762
Number of groups:132
FOF CPU TIME: 0.062916 secs
> Reading /lustre/fgarcia4/ramses/dwarf/data/cluster_evolution/fs07_refine/output_00847
Link length is 0.000000
Filling in 46991 particles
Number of initial groups:19699
Number of groups:146
FOF CPU TIME: 0.063055 secs
> Reading /lustre/fgarcia4/ramses/dwarf/data/cluster_evolution/fs07_refine/output_00848
Link length is 0.000000
Filling in 46991 particles
Number of initial groups:19624
Number of groups:151
FOF CPU TIME: 0.062323 secs
> Reading /lustre/fgarcia4/ramses/dwarf/data/cluster_evolution/fs07_refine/output_00849
Link length is 0.000000
Filling in 46991 particles
Number of initial groups:19788
Number of groups:138
FOF CPU TIME: 0.062552 secs
> Reading /lustre/fgarcia4/ramses/dwarf/data/cluster_evolution/fs07_refine/output_00850
Link length is 0.000000
Filling in 46991 particles
Number of initial groups:19878
Number of groups:141
FOF CPU TIME: 0.061677 secs
> Reading /lustre/fgarcia4/ramses/dwarf/data/cluster_evolution/fs07_refine/output_00851
Link length is 0.000000
Filling in 46991 particles
Number of initial groups:19864
Number of groups:130
FOF CPU TIME: 0.061907 secs
> Reading /lustre/fgarcia4/ramses/dwarf/data/cluster_evolution/fs07_refine/output_00852
Link length is 0.000000
Filling in 46991 particles
Number of initial groups:19911
Number of groups:132
FOF CPU TIME: 0.061512 secs
> Reading /lustre/fgarcia4/ramses/dwarf/data/cluster_evolution/fs07_refine/output_00853
Link length is 0.000000
Filling in 46991 particles
Number of initial groups:19980
Number of groups:125
FOF CPU TIME: 0.062417 secs
> Reading /lustre/fgarcia4/ramses/dwarf/data/cluster_evolution/fs07_refine/output_00854
Link length is 0.000000
Filling in 46991 particles
Number of initial groups:20041
Number of groups:133
FOF CPU TIME: 0.061848 secs
> Reading /lustre/fgarcia4/ramses/dwarf/data/cluster_evolution/fs07_refine/output_00855
Link length is 0.000000
Filling in 46991 particles
Number of initial groups:20132
Number of groups:138
FOF CPU TIME: 0.061008 secs
> Reading /lustre/fgarcia4/ramses/dwarf/data/cluster_evolution/fs07_refine/output_00856
Link length is 0.000000
Filling in 46991 particles
Number of initial groups:20294
Number of groups:145
FOF CPU TIME: 0.059997 secs
> Reading /lustre/fgarcia4/ramses/dwarf/data/cluster_evolution/fs07_refine/output_00857
Link length is 0.000000
Filling in 46991 particles
Number of initial groups:20453
Number of groups:141
FOF CPU TIME: 0.059467 secs
> Reading /lustre/fgarcia4/ramses/dwarf/data/cluster_evolution/fs07_refine/output_00858
Link length is 0.000000
Filling in 46991 particles
Number of initial groups:20512
Number of groups:145
FOF CPU TIME: 0.060185 secs
> Reading /lustre/fgarcia4/ramses/dwarf/data/cluster_evolution/fs07_refine/output_00859
Link length is 0.000000
Filling in 46991 particles
Number of initial groups:20691
Number of groups:171
FOF CPU TIME: 0.059077 secs
> Reading /lustre/fgarcia4/ramses/dwarf/data/cluster_evolution/fs07_refine/output_00860
Link length is 0.000000
Filling in 46991 particles
Number of initial groups:20845
Number of groups:168
FOF CPU TIME: 0.058966 secs
> Reading /lustre/fgarcia4/ramses/dwarf/data/cluster_evolution/fs07_refine/output_00861
Link length is 0.000000
Filling in 46991 particles
Number of initial groups:20944
Number of groups:167
FOF CPU TIME: 0.057742 secs
> Reading /lustre/fgarcia4/ramses/dwarf/data/cluster_evolution/fs07_refine/output_00862
Link length is 0.000000
Filling in 46991 particles
Number of initial groups:21068
Number of groups:151
FOF CPU TIME: 0.059317 secs
> Reading /lustre/fgarcia4/ramses/dwarf/data/cluster_evolution/fs07_refine/output_00863
Link length is 0.000000
Filling in 46991 particles
Number of initial groups:21234
Number of groups:143
FOF CPU TIME: 0.059368 secs
> Reading /lustre/fgarcia4/ramses/dwarf/data/cluster_evolution/fs07_refine/output_00864
Link length is 0.000000
Filling in 46991 particles
Number of initial groups:21385
Number of groups:132
FOF CPU TIME: 0.058666 secs
> Reading /lustre/fgarcia4/ramses/dwarf/data/cluster_evolution/fs07_refine/output_00865
Link length is 0.000000
Filling in 46991 particles
Number of initial groups:21582
Number of groups:135
FOF CPU TIME: 0.058939 secs
> Reading /lustre/fgarcia4/ramses/dwarf/data/cluster_evolution/fs07_refine/output_00866
Link length is 0.000000
Filling in 46991 particles
Number of initial groups:21675
Number of groups:128
FOF CPU TIME: 0.059690 secs
> Reading /lustre/fgarcia4/ramses/dwarf/data/cluster_evolution/fs07_refine/output_00867
Link length is 0.000000
Filling in 46991 particles
Number of initial groups:21756
Number of groups:130
FOF CPU TIME: 0.059604 secs
> Reading /lustre/fgarcia4/ramses/dwarf/data/cluster_evolution/fs07_refine/output_00868
Link length is 0.000000
Filling in 46991 particles
Number of initial groups:21837
Number of groups:133
FOF CPU TIME: 0.059519 secs
> Reading /lustre/fgarcia4/ramses/dwarf/data/cluster_evolution/fs07_refine/output_00869
Link length is 0.000000
Filling in 46991 particles
Number of initial groups:21854
Number of groups:128
FOF CPU TIME: 0.059186 secs
> Reading /lustre/fgarcia4/ramses/dwarf/data/cluster_evolution/fs07_refine/output_00870
Link length is 0.000000
Filling in 46991 particles
Number of initial groups:21801
Number of groups:123
FOF CPU TIME: 0.059188 secs
> Reading /lustre/fgarcia4/ramses/dwarf/data/cluster_evolution/fs07_refine/output_00871
Link length is 0.000000
Filling in 46991 particles
Number of initial groups:21936
Number of groups:119
FOF CPU TIME: 0.059066 secs
> Reading /lustre/fgarcia4/ramses/dwarf/data/cluster_evolution/fs07_refine/output_00872
Link length is 0.000000
Filling in 46991 particles
Number of initial groups:22040
Number of groups:106
FOF CPU TIME: 0.059458 secs
> Reading /lustre/fgarcia4/ramses/dwarf/data/cluster_evolution/fs07_refine/output_00873
Link length is 0.000000
Filling in 46991 particles
Number of initial groups:21998
Number of groups:112
FOF CPU TIME: 0.059654 secs
> Reading /lustre/fgarcia4/ramses/dwarf/data/cluster_evolution/fs07_refine/output_00874
Link length is 0.000000
Filling in 46991 particles
Number of initial groups:22138
Number of groups:108
FOF CPU TIME: 0.059335 secs
> Reading /lustre/fgarcia4/ramses/dwarf/data/cluster_evolution/fs07_refine/output_00875
Link length is 0.000000
Filling in 46991 particles
Number of initial groups:22212
Number of groups:105
FOF CPU TIME: 0.057208 secs
> Reading /lustre/fgarcia4/ramses/dwarf/data/cluster_evolution/fs07_refine/output_00876
Link length is 0.000000
Filling in 46991 particles
Number of initial groups:22140
Number of groups:110
FOF CPU TIME: 0.057993 secs
> Reading /lustre/fgarcia4/ramses/dwarf/data/cluster_evolution/fs07_refine/output_00877
Link length is 0.000000
Filling in 46991 particles
Number of initial groups:22150
Number of groups:104
FOF CPU TIME: 0.057891 secs
> Reading /lustre/fgarcia4/ramses/dwarf/data/cluster_evolution/fs07_refine/output_00878
Link length is 0.000000
Filling in 46991 particles
Number of initial groups:22342
Number of groups:114
FOF CPU TIME: 0.058019 secs
> Reading /lustre/fgarcia4/ramses/dwarf/data/cluster_evolution/fs07_refine/output_00879
Link length is 0.000000
Filling in 46991 particles
Number of initial groups:22378
Number of groups:113
FOF CPU TIME: 0.057263 secs
> Reading /lustre/fgarcia4/ramses/dwarf/data/cluster_evolution/fs07_refine/output_00880
Link length is 0.000000
Filling in 46991 particles
Number of initial groups:22444
Number of groups:99
FOF CPU TIME: 0.056467 secs
> Reading /lustre/fgarcia4/ramses/dwarf/data/cluster_evolution/fs07_refine/output_00881
Link length is 0.000000
Filling in 46991 particles
Number of initial groups:22432
Number of groups:93
FOF CPU TIME: 0.057105 secs
> Reading /lustre/fgarcia4/ramses/dwarf/data/cluster_evolution/fs07_refine/output_00882
Link length is 0.000000
Filling in 46991 particles
Number of initial groups:22395
Number of groups:104
FOF CPU TIME: 0.056258 secs
> Reading /lustre/fgarcia4/ramses/dwarf/data/cluster_evolution/fs07_refine/output_00883
Link length is 0.000000
Filling in 46991 particles
Number of initial groups:22517
Number of groups:110
FOF CPU TIME: 0.055797 secs
> Reading /lustre/fgarcia4/ramses/dwarf/data/cluster_evolution/fs07_refine/output_00884
Link length is 0.000000
Filling in 46991 particles
Number of initial groups:22529
Number of groups:105
FOF CPU TIME: 0.055875 secs
> Reading /lustre/fgarcia4/ramses/dwarf/data/cluster_evolution/fs07_refine/output_00885
Link length is 0.000000
Filling in 46991 particles
Number of initial groups:22561
Number of groups:90
FOF CPU TIME: 0.055890 secs
> Reading /lustre/fgarcia4/ramses/dwarf/data/cluster_evolution/fs07_refine/output_00886
Link length is 0.000000
Filling in 46991 particles
Number of initial groups:22594
Number of groups:121
FOF CPU TIME: 0.056129 secs
> Reading /lustre/fgarcia4/ramses/dwarf/data/cluster_evolution/fs07_refine/output_00887
Link length is 0.000000
Filling in 46991 particles
Number of initial groups:22691
Number of groups:89
FOF CPU TIME: 0.056440 secs
> Reading /lustre/fgarcia4/ramses/dwarf/data/cluster_evolution/fs07_refine/output_00888
Link length is 0.000000
Filling in 46991 particles
Number of initial groups:22689
Number of groups:117
FOF CPU TIME: 0.055834 secs
> Reading /lustre/fgarcia4/ramses/dwarf/data/cluster_evolution/fs07_refine/output_00889
Link length is 0.000000
Filling in 46991 particles
Number of initial groups:22762
Number of groups:117
FOF CPU TIME: 0.055563 secs
> Reading /lustre/fgarcia4/ramses/dwarf/data/cluster_evolution/fs07_refine/output_00890
Link length is 0.000000
Filling in 46991 particles
Number of initial groups:22783
Number of groups:110
FOF CPU TIME: 0.055404 secs
> Reading /lustre/fgarcia4/ramses/dwarf/data/cluster_evolution/fs07_refine/output_00891
Link length is 0.000000
Filling in 46991 particles
Number of initial groups:22753
Number of groups:123
FOF CPU TIME: 0.055590 secs
> Reading /lustre/fgarcia4/ramses/dwarf/data/cluster_evolution/fs07_refine/output_00892
Link length is 0.000000
Filling in 46991 particles
Number of initial groups:22866
Number of groups:124
FOF CPU TIME: 0.054958 secs
> Reading /lustre/fgarcia4/ramses/dwarf/data/cluster_evolution/fs07_refine/output_00893
Link length is 0.000000
Filling in 46991 particles
Number of initial groups:22942
Number of groups:129
FOF CPU TIME: 0.054675 secs
> Reading /lustre/fgarcia4/ramses/dwarf/data/cluster_evolution/fs07_refine/output_00894
Link length is 0.000000
Filling in 46991 particles
Number of initial groups:22985
Number of groups:126
FOF CPU TIME: 0.054410 secs
> Reading /lustre/fgarcia4/ramses/dwarf/data/cluster_evolution/fs07_refine/output_00895
Link length is 0.000000
Filling in 46991 particles
Number of initial groups:23019
Number of groups:124
FOF CPU TIME: 0.054146 secs
> Reading /lustre/fgarcia4/ramses/dwarf/data/cluster_evolution/fs07_refine/output_00896
Link length is 0.000000
Filling in 46991 particles
Number of initial groups:22916
Number of groups:129
FOF CPU TIME: 0.054253 secs
> Reading /lustre/fgarcia4/ramses/dwarf/data/cluster_evolution/fs07_refine/output_00897
Link length is 0.000000
Filling in 46991 particles
Number of initial groups:22968
Number of groups:122
FOF CPU TIME: 0.054142 secs
> Reading /lustre/fgarcia4/ramses/dwarf/data/cluster_evolution/fs07_refine/output_00898
Link length is 0.000000
Filling in 46991 particles
Number of initial groups:23134
Number of groups:122
FOF CPU TIME: 0.054885 secs
> Reading /lustre/fgarcia4/ramses/dwarf/data/cluster_evolution/fs07_refine/output_00899
Link length is 0.000000
Filling in 46991 particles
Number of initial groups:23097
Number of groups:114
FOF CPU TIME: 0.053067 secs
> Reading /lustre/fgarcia4/ramses/dwarf/data/cluster_evolution/fs07_refine/output_00900
Link length is 0.000000
Filling in 46991 particles
Number of initial groups:23105
Number of groups:121
FOF CPU TIME: 0.055605 secs
> Reading /lustre/fgarcia4/ramses/dwarf/data/cluster_evolution/fs07_refine/output_00901
Link length is 0.000000
Filling in 46991 particles
Number of initial groups:23139
Number of groups:123
FOF CPU TIME: 0.054374 secs
> Reading /lustre/fgarcia4/ramses/dwarf/data/cluster_evolution/fs07_refine/output_00902
Link length is 0.000000
Filling in 47522 particles
Number of initial groups:23230
Number of groups:121
FOF CPU TIME: 0.056252 secs
> Reading /lustre/fgarcia4/ramses/dwarf/data/cluster_evolution/fs07_refine/output_00903
Link length is 0.000000
Filling in 47522 particles
Number of initial groups:23293
Number of groups:124
FOF CPU TIME: 0.054575 secs
> Reading /lustre/fgarcia4/ramses/dwarf/data/cluster_evolution/fs07_refine/output_00904
Link length is 0.000000
Filling in 47522 particles
Number of initial groups:23308
Number of groups:134
FOF CPU TIME: 0.056181 secs
> Reading /lustre/fgarcia4/ramses/dwarf/data/cluster_evolution/fs07_refine/output_00905
Link length is 0.000000
Filling in 47522 particles
Number of initial groups:23263
Number of groups:117
FOF CPU TIME: 0.055963 secs
> Reading /lustre/fgarcia4/ramses/dwarf/data/cluster_evolution/fs07_refine/output_00906
Link length is 0.000000
Filling in 47522 particles
Number of initial groups:23289
Number of groups:131
FOF CPU TIME: 0.055938 secs
> Reading /lustre/fgarcia4/ramses/dwarf/data/cluster_evolution/fs07_refine/output_00907
Link length is 0.000000
Filling in 47522 particles
Number of initial groups:23300
Number of groups:123
FOF CPU TIME: 0.056100 secs
> Reading /lustre/fgarcia4/ramses/dwarf/data/cluster_evolution/fs07_refine/output_00908
Link length is 0.000000
Filling in 47600 particles
Number of initial groups:23334
Number of groups:124
FOF CPU TIME: 0.056819 secs
> Reading /lustre/fgarcia4/ramses/dwarf/data/cluster_evolution/fs07_refine/output_00909
Link length is 0.000000
Filling in 47600 particles
Number of initial groups:23291
Number of groups:117
FOF CPU TIME: 0.056667 secs
> Reading /lustre/fgarcia4/ramses/dwarf/data/cluster_evolution/fs07_refine/output_00910
Link length is 0.000000
Filling in 47600 particles
Number of initial groups:23208
Number of groups:130
FOF CPU TIME: 0.056593 secs
> Reading /lustre/fgarcia4/ramses/dwarf/data/cluster_evolution/fs07_refine/output_00911
Link length is 0.000000
Filling in 47600 particles
Number of initial groups:23276
Number of groups:132
FOF CPU TIME: 0.055689 secs
> Reading /lustre/fgarcia4/ramses/dwarf/data/cluster_evolution/fs07_refine/output_00912
Link length is 0.000000
Filling in 47600 particles
Number of initial groups:23217
Number of groups:128
FOF CPU TIME: 0.055636 secs
> Reading /lustre/fgarcia4/ramses/dwarf/data/cluster_evolution/fs07_refine/output_00913
Link length is 0.000000
Filling in 47600 particles
Number of initial groups:23177
Number of groups:125
FOF CPU TIME: 0.056261 secs
> Reading /lustre/fgarcia4/ramses/dwarf/data/cluster_evolution/fs07_refine/output_00914
Link length is 0.000000
Filling in 47600 particles
Number of initial groups:23176
Number of groups:128
FOF CPU TIME: 0.056110 secs
> Reading /lustre/fgarcia4/ramses/dwarf/data/cluster_evolution/fs07_refine/output_00915
Link length is 0.000000
Filling in 47600 particles
Number of initial groups:23074
Number of groups:125
FOF CPU TIME: 0.055903 secs
> Reading /lustre/fgarcia4/ramses/dwarf/data/cluster_evolution/fs07_refine/output_00916
Link length is 0.000000
Filling in 47600 particles
Number of initial groups:23005
Number of groups:127
FOF CPU TIME: 0.056321 secs
> Reading /lustre/fgarcia4/ramses/dwarf/data/cluster_evolution/fs07_refine/output_00917
Link length is 0.000000
Filling in 47600 particles
Number of initial groups:22981
Number of groups:120
FOF CPU TIME: 0.056612 secs
> Reading /lustre/fgarcia4/ramses/dwarf/data/cluster_evolution/fs07_refine/output_00918
Link length is 0.000000
Filling in 47600 particles
Number of initial groups:22902
Number of groups:118
FOF CPU TIME: 0.056547 secs
