/homes/fgarcia4/py-virtual-envs/master/bin/activate.csh: line 6: alias: deactivate: not found
/homes/fgarcia4/py-virtual-envs/master/bin/activate.csh: line 6: alias: `test $?_OLD_VIRTUAL_PATH !': invalid alias name
/homes/fgarcia4/py-virtual-envs/master/bin/activate.csh: line 9: deactivate: command not found
/homes/fgarcia4/py-virtual-envs/master/bin/activate.csh: line 11: setenv: command not found
/homes/fgarcia4/py-virtual-envs/master/bin/activate.csh: line 14: setenv: command not found
/homes/fgarcia4/py-virtual-envs/master/bin/activate.csh: line 38: syntax error: unexpected end of file
--------------------------------------------------------------------------
The library attempted to open the following supporting CUDA libraries,
but each of them failed.  CUDA-aware support is disabled.
libcuda.so.1: cannot open shared object file: No such file or directory
libcuda.dylib: cannot open shared object file: No such file or directory
/usr/lib64/libcuda.so.1: cannot open shared object file: No such file or directory
/usr/lib64/libcuda.dylib: cannot open shared object file: No such file or directory
If you are not interested in CUDA-aware support, then run with
--mca mpi_cuda_support 0 to suppress this message.  If you are interested
in CUDA-aware support, then try setting LD_LIBRARY_PATH to the location
of libcuda.so.1 to get passed this issue.
--------------------------------------------------------------------------
=============================================================================
Warning: particle_families are modified at
/home/fabg/cosmology/lib/python3.8/site-packages/yt/frontends/ramses
=============================================================================
Traceback (most recent call last):
  File "/lustre/fgarcia4/glob_clust_evo/halo_data/fof_halo_finder.py", line 17, in <module>
    from yt.extensions.astro_analysis.halo_analysis import HaloCatalog
  File "/homes/fgarcia4/py-virtual-envs/clean-install/lib/python3.7/site-packages/yt/exthook.py", line 88, in load_module
    raise ImportError(f"No module named {fullname}")
ImportError: No module named yt.extensions.astro_analysis
--------------------------------------------------------------------------
Primary job  terminated normally, but 1 process returned
a non-zero exit code. Per user-direction, the job has been aborted.
--------------------------------------------------------------------------
--------------------------------------------------------------------------
mpirun detected that one or more processes exited with non-zero status, thus causing
the job to be terminated. The first process to do so was:

  Process name: [[58031,1],0]
  Exit code:    1
--------------------------------------------------------------------------
