--------------------------------------------------------------------------
The library attempted to open the following supporting CUDA libraries,
but each of them failed.  CUDA-aware support is disabled.
libcuda.so.1: cannot open shared object file: No such file or directory
libcuda.dylib: cannot open shared object file: No such file or directory
/usr/lib64/libcuda.so.1: cannot open shared object file: No such file or directory
/usr/lib64/libcuda.dylib: cannot open shared object file: No such file or directory
If you are not interested in CUDA-aware support, then run with
--mca mpi_cuda_support 0 to suppress this message.  If you are interested
in CUDA-aware support, then try setting LD_LIBRARY_PATH to the location
of libcuda.so.1 to get passed this issue.
--------------------------------------------------------------------------
=============================================================================
Warning: particle_families are modified at /site-packages/yt/frontends/ramses
=============================================================================
=============================================================================
RUNING DM HALO FINDER
=============================================================================
> Reading /lustre/fgarcia4/ramses/dwarf/data/cluster_evolution/fs07_refine/output_00113
Copying arrays for 2842260 particles
Calling hop... 2842260 1.600e+02
nSmooth = 65 kd->nActive = 2842260
Building Tree...
Finding Densities...
Finding Densest Neighbors...
Grouping...
Merging Groups...
Writing Output...
Calling regroup...
No minimum group size specified.  Assuming 10 particles.
ngroups = 8194
All Done![[1.13000000e+02 3.40187857e+02 1.30355252e+01 4.16063048e+07
  1.81572653e+03 1.65048472e+03]]
> Reading /lustre/fgarcia4/ramses/dwarf/data/cluster_evolution/fs07_refine/output_00115
Copying arrays for 2842260 particles
Calling hop... 2842260 1.600e+02
nSmooth = 65 kd->nActive = 2842260
Building Tree...
Finding Densities...
Finding Densest Neighbors...
Grouping...
Merging Groups...
Writing Output...
Calling regroup...
No minimum group size specified.  Assuming 10 particles.
ngroups = 8182
All Done![[1.13000000e+02 3.40187857e+02 1.30355252e+01 4.16063048e+07
  1.81572653e+03 1.65048472e+03]
 [1.15000000e+02 3.41495061e+02 1.29997865e+01 4.24698586e+07
  1.79640890e+03 1.65048472e+03]]
> Reading /lustre/fgarcia4/ramses/dwarf/data/cluster_evolution/fs07_refine/output_00117
Copying arrays for 2842260 particles
Calling hop... 2842260 1.600e+02
nSmooth = 65 kd->nActive = 2842260
Building Tree...
Finding Densities...
Finding Densest Neighbors...
Grouping...
Merging Groups...
Writing Output...
Calling regroup...
No minimum group size specified.  Assuming 10 particles.
ngroups = 8180
All Done![[1.13000000e+02 3.40187857e+02 1.30355252e+01 4.16063048e+07
  1.81572653e+03 1.65048472e+03]
 [1.15000000e+02 3.41495061e+02 1.29997865e+01 4.24698586e+07
  1.79640890e+03 1.65048472e+03]
 [1.17000000e+02 3.43498411e+02 1.29453744e+01 3.71977669e+07
  1.19974832e+03 1.64948443e+03]]
> Reading /lustre/fgarcia4/ramses/dwarf/data/cluster_evolution/fs07_refine/output_00119
Copying arrays for 2842260 particles
Calling hop... 2842260 1.600e+02
nSmooth = 65 kd->nActive = 2842260
Building Tree...
Finding Densities...
Finding Densest Neighbors...
Grouping...
Merging Groups...
Writing Output...
Calling regroup...
No minimum group size specified.  Assuming 10 particles.
ngroups = 8197
All Done![[1.13000000e+02 3.40187857e+02 1.30355252e+01 4.16063048e+07
  1.81572653e+03 1.65048472e+03]
 [1.15000000e+02 3.41495061e+02 1.29997865e+01 4.24698586e+07
  1.79640890e+03 1.65048472e+03]
 [1.17000000e+02 3.43498411e+02 1.29453744e+01 3.71977669e+07
  1.19974832e+03 1.64948443e+03]
 [1.19000000e+02 3.45560016e+02 1.28899124e+01 4.75953876e+07
  2.05124711e+03 1.64348267e+03]]
> Reading /lustre/fgarcia4/ramses/dwarf/data/cluster_evolution/fs07_refine/output_00121
Copying arrays for 2842260 particles
Calling hop... 2842260 1.600e+02
nSmooth = 65 kd->nActive = 2842260
Building Tree...
Finding Densities...
Finding Densest Neighbors...
Grouping...
Merging Groups...
Writing Output...
Calling regroup...
No minimum group size specified.  Assuming 10 particles.
ngroups = 8214
All Done![[1.13000000e+02 3.40187857e+02 1.30355252e+01 4.16063048e+07
  1.81572653e+03 1.65048472e+03]
 [1.15000000e+02 3.41495061e+02 1.29997865e+01 4.24698586e+07
  1.79640890e+03 1.65048472e+03]
 [1.17000000e+02 3.43498411e+02 1.29453744e+01 3.71977669e+07
  1.19974832e+03 1.64948443e+03]
 [1.19000000e+02 3.45560016e+02 1.28899124e+01 4.75953876e+07
  2.05124711e+03 1.64348267e+03]
 [1.21000000e+02 3.47612188e+02 1.28352368e+01 4.23382853e+07
  1.47075050e+03 1.63448002e+03]]
> Reading /lustre/fgarcia4/ramses/dwarf/data/cluster_evolution/fs07_refine/output_00123
Copying arrays for 2842260 particles
Calling hop... 2842260 1.600e+02
nSmooth = 65 kd->nActive = 2842260
Building Tree...
Finding Densities...
Finding Densest Neighbors...
Grouping...
Merging Groups...
Writing Output...
Calling regroup...
No minimum group size specified.  Assuming 10 particles.
ngroups = 8208
All Done![[1.13000000e+02 3.40187857e+02 1.30355252e+01 4.16063048e+07
  1.81572653e+03 1.65048472e+03]
 [1.15000000e+02 3.41495061e+02 1.29997865e+01 4.24698586e+07
  1.79640890e+03 1.65048472e+03]
 [1.17000000e+02 3.43498411e+02 1.29453744e+01 3.71977669e+07
  1.19974832e+03 1.64948443e+03]
 [1.19000000e+02 3.45560016e+02 1.28899124e+01 4.75953876e+07
  2.05124711e+03 1.64348267e+03]
 [1.21000000e+02 3.47612188e+02 1.28352368e+01 4.23382853e+07
  1.47075050e+03 1.63448002e+03]
 [1.23000000e+02 3.49647684e+02 1.27815657e+01 4.91068149e+07
  1.85277305e+03 1.62347679e+03]]
> Reading /lustre/fgarcia4/ramses/dwarf/data/cluster_evolution/fs07_refine/output_00125
Copying arrays for 2842260 particles
Calling hop... 2842260 1.600e+02
nSmooth = 65 kd->nActive = 2842260
Building Tree...
Finding Densities...
Finding Densest Neighbors...
Grouping...
Merging Groups...
Writing Output...
Calling regroup...
No minimum group size specified.  Assuming 10 particles.
ngroups = 8268
All Done![[1.13000000e+02 3.40187857e+02 1.30355252e+01 4.16063048e+07
  1.81572653e+03 1.65048472e+03]
 [1.15000000e+02 3.41495061e+02 1.29997865e+01 4.24698586e+07
  1.79640890e+03 1.65048472e+03]
 [1.17000000e+02 3.43498411e+02 1.29453744e+01 3.71977669e+07
  1.19974832e+03 1.64948443e+03]
 [1.19000000e+02 3.45560016e+02 1.28899124e+01 4.75953876e+07
  2.05124711e+03 1.64348267e+03]
 [1.21000000e+02 3.47612188e+02 1.28352368e+01 4.23382853e+07
  1.47075050e+03 1.63448002e+03]
 [1.23000000e+02 3.49647684e+02 1.27815657e+01 4.91068149e+07
  1.85277305e+03 1.62347679e+03]
 [1.25000000e+02 3.51684195e+02 1.27284199e+01 4.57566925e+07
  1.71115974e+03 1.61747503e+03]]
> Reading /lustre/fgarcia4/ramses/dwarf/data/cluster_evolution/fs07_refine/output_00127
Copying arrays for 2842260 particles
Calling hop... 2842260 1.600e+02
nSmooth = 65 kd->nActive = 2842260
Building Tree...
Finding Densities...
Finding Densest Neighbors...
Grouping...
Merging Groups...
Writing Output...
Calling regroup...
No minimum group size specified.  Assuming 10 particles.
ngroups = 8258
All Done![[1.13000000e+02 3.40187857e+02 1.30355252e+01 4.16063048e+07
  1.81572653e+03 1.65048472e+03]
 [1.15000000e+02 3.41495061e+02 1.29997865e+01 4.24698586e+07
  1.79640890e+03 1.65048472e+03]
 [1.17000000e+02 3.43498411e+02 1.29453744e+01 3.71977669e+07
  1.19974832e+03 1.64948443e+03]
 [1.19000000e+02 3.45560016e+02 1.28899124e+01 4.75953876e+07
  2.05124711e+03 1.64348267e+03]
 [1.21000000e+02 3.47612188e+02 1.28352368e+01 4.23382853e+07
  1.47075050e+03 1.63448002e+03]
 [1.23000000e+02 3.49647684e+02 1.27815657e+01 4.91068149e+07
  1.85277305e+03 1.62347679e+03]
 [1.25000000e+02 3.51684195e+02 1.27284199e+01 4.57566925e+07
  1.71115974e+03 1.61747503e+03]
 [1.27000000e+02 3.53733196e+02 1.26754240e+01 4.55893113e+07
  1.40302598e+03 1.61047297e+03]]
> Reading /lustre/fgarcia4/ramses/dwarf/data/cluster_evolution/fs07_refine/output_00129
Copying arrays for 2842260 particles
Calling hop... 2842260 1.600e+02
nSmooth = 65 kd->nActive = 2842260
Building Tree...
Finding Densities...
Finding Densest Neighbors...
Grouping...
Merging Groups...
Writing Output...
Calling regroup...
No minimum group size specified.  Assuming 10 particles.
ngroups = 8255
All Done![[1.13000000e+02 3.40187857e+02 1.30355252e+01 4.16063048e+07
  1.81572653e+03 1.65048472e+03]
 [1.15000000e+02 3.41495061e+02 1.29997865e+01 4.24698586e+07
  1.79640890e+03 1.65048472e+03]
 [1.17000000e+02 3.43498411e+02 1.29453744e+01 3.71977669e+07
  1.19974832e+03 1.64948443e+03]
 [1.19000000e+02 3.45560016e+02 1.28899124e+01 4.75953876e+07
  2.05124711e+03 1.64348267e+03]
 [1.21000000e+02 3.47612188e+02 1.28352368e+01 4.23382853e+07
  1.47075050e+03 1.63448002e+03]
 [1.23000000e+02 3.49647684e+02 1.27815657e+01 4.91068149e+07
  1.85277305e+03 1.62347679e+03]
 [1.25000000e+02 3.51684195e+02 1.27284199e+01 4.57566925e+07
  1.71115974e+03 1.61747503e+03]
 [1.27000000e+02 3.53733196e+02 1.26754240e+01 4.55893113e+07
  1.40302598e+03 1.61047297e+03]
 [1.29000000e+02 3.55820573e+02 1.26219060e+01 5.13144148e+07
  1.85865960e+03 1.59846945e+03]]
> Reading /lustre/fgarcia4/ramses/dwarf/data/cluster_evolution/fs07_refine/output_00131
Copying arrays for 2842260 particles
Calling hop... 2842260 1.600e+02
nSmooth = 65 kd->nActive = 2842260
Building Tree...
Finding Densities...
Finding Densest Neighbors...
Grouping...
Merging Groups...
Writing Output...
Calling regroup...
No minimum group size specified.  Assuming 10 particles.
ngroups = 8236
All Done![[1.13000000e+02 3.40187857e+02 1.30355252e+01 4.16063048e+07
  1.81572653e+03 1.65048472e+03]
 [1.15000000e+02 3.41495061e+02 1.29997865e+01 4.24698586e+07
  1.79640890e+03 1.65048472e+03]
 [1.17000000e+02 3.43498411e+02 1.29453744e+01 3.71977669e+07
  1.19974832e+03 1.64948443e+03]
 [1.19000000e+02 3.45560016e+02 1.28899124e+01 4.75953876e+07
  2.05124711e+03 1.64348267e+03]
 [1.21000000e+02 3.47612188e+02 1.28352368e+01 4.23382853e+07
  1.47075050e+03 1.63448002e+03]
 [1.23000000e+02 3.49647684e+02 1.27815657e+01 4.91068149e+07
  1.85277305e+03 1.62347679e+03]
 [1.25000000e+02 3.51684195e+02 1.27284199e+01 4.57566925e+07
  1.71115974e+03 1.61747503e+03]
 [1.27000000e+02 3.53733196e+02 1.26754240e+01 4.55893113e+07
  1.40302598e+03 1.61047297e+03]
 [1.29000000e+02 3.55820573e+02 1.26219060e+01 5.13144148e+07
  1.85865960e+03 1.59846945e+03]
 [1.31000000e+02 3.57898562e+02 1.25692032e+01 5.88815443e+07
  1.99285004e+03 1.59046710e+03]]
> Reading /lustre/fgarcia4/ramses/dwarf/data/cluster_evolution/fs07_refine/output_00133
Copying arrays for 2842260 particles
Calling hop... 2842260 1.600e+02
nSmooth = 65 kd->nActive = 2842260
Building Tree...
Finding Densities...
Finding Densest Neighbors...
Grouping...
Merging Groups...
Writing Output...
Calling regroup...
No minimum group size specified.  Assuming 10 particles.
ngroups = 8262
All Done![[1.13000000e+02 3.40187857e+02 1.30355252e+01 4.16063048e+07
  1.81572653e+03 1.65048472e+03]
 [1.15000000e+02 3.41495061e+02 1.29997865e+01 4.24698586e+07
  1.79640890e+03 1.65048472e+03]
 [1.17000000e+02 3.43498411e+02 1.29453744e+01 3.71977669e+07
  1.19974832e+03 1.64948443e+03]
 [1.19000000e+02 3.45560016e+02 1.28899124e+01 4.75953876e+07
  2.05124711e+03 1.64348267e+03]
 [1.21000000e+02 3.47612188e+02 1.28352368e+01 4.23382853e+07
  1.47075050e+03 1.63448002e+03]
 [1.23000000e+02 3.49647684e+02 1.27815657e+01 4.91068149e+07
  1.85277305e+03 1.62347679e+03]
 [1.25000000e+02 3.51684195e+02 1.27284199e+01 4.57566925e+07
  1.71115974e+03 1.61747503e+03]
 [1.27000000e+02 3.53733196e+02 1.26754240e+01 4.55893113e+07
  1.40302598e+03 1.61047297e+03]
 [1.29000000e+02 3.55820573e+02 1.26219060e+01 5.13144148e+07
  1.85865960e+03 1.59846945e+03]
 [1.31000000e+02 3.57898562e+02 1.25692032e+01 5.88815443e+07
  1.99285004e+03 1.59046710e+03]
 [1.33000000e+02 3.60015247e+02 1.25160371e+01 6.01040100e+07
  1.96143807e+03 3.77410840e+03]]
> Reading /lustre/fgarcia4/ramses/dwarf/data/cluster_evolution/fs07_refine/output_00135
Copying arrays for 2842260 particles
Calling hop... 2842260 1.600e+02
nSmooth = 65 kd->nActive = 2842260
Building Tree...
Finding Densities...
Finding Densest Neighbors...
Grouping...
Merging Groups...
Writing Output...
Calling regroup...
No minimum group size specified.  Assuming 10 particles.
ngroups = 8251
All Done![[1.13000000e+02 3.40187857e+02 1.30355252e+01 4.16063048e+07
  1.81572653e+03 1.65048472e+03]
 [1.15000000e+02 3.41495061e+02 1.29997865e+01 4.24698586e+07
  1.79640890e+03 1.65048472e+03]
 [1.17000000e+02 3.43498411e+02 1.29453744e+01 3.71977669e+07
  1.19974832e+03 1.64948443e+03]
 [1.19000000e+02 3.45560016e+02 1.28899124e+01 4.75953876e+07
  2.05124711e+03 1.64348267e+03]
 [1.21000000e+02 3.47612188e+02 1.28352368e+01 4.23382853e+07
  1.47075050e+03 1.63448002e+03]
 [1.23000000e+02 3.49647684e+02 1.27815657e+01 4.91068149e+07
  1.85277305e+03 1.62347679e+03]
 [1.25000000e+02 3.51684195e+02 1.27284199e+01 4.57566925e+07
  1.71115974e+03 1.61747503e+03]
 [1.27000000e+02 3.53733196e+02 1.26754240e+01 4.55893113e+07
  1.40302598e+03 1.61047297e+03]
 [1.29000000e+02 3.55820573e+02 1.26219060e+01 5.13144148e+07
  1.85865960e+03 1.59846945e+03]
 [1.31000000e+02 3.57898562e+02 1.25692032e+01 5.88815443e+07
  1.99285004e+03 1.59046710e+03]
 [1.33000000e+02 3.60015247e+02 1.25160371e+01 6.01040100e+07
  1.96143807e+03 3.77410840e+03]
 [1.35000000e+02 3.61121810e+02 1.24884535e+01 5.98425289e+07
  1.94540139e+03 3.77110752e+03]]
> Reading /lustre/fgarcia4/ramses/dwarf/data/cluster_evolution/fs07_refine/output_00137
Copying arrays for 2842260 particles
Calling hop... 2842260 1.600e+02
nSmooth = 65 kd->nActive = 2842260
Building Tree...
Finding Densities...
Finding Densest Neighbors...
Grouping...
Merging Groups...
Writing Output...
All Done!Calling regroup...
No minimum group size specified.  Assuming 10 particles.
ngroups = 8225
[[1.13000000e+02 3.40187857e+02 1.30355252e+01 4.16063048e+07
  1.81572653e+03 1.65048472e+03]
 [1.15000000e+02 3.41495061e+02 1.29997865e+01 4.24698586e+07
  1.79640890e+03 1.65048472e+03]
 [1.17000000e+02 3.43498411e+02 1.29453744e+01 3.71977669e+07
  1.19974832e+03 1.64948443e+03]
 [1.19000000e+02 3.45560016e+02 1.28899124e+01 4.75953876e+07
  2.05124711e+03 1.64348267e+03]
 [1.21000000e+02 3.47612188e+02 1.28352368e+01 4.23382853e+07
  1.47075050e+03 1.63448002e+03]
 [1.23000000e+02 3.49647684e+02 1.27815657e+01 4.91068149e+07
  1.85277305e+03 1.62347679e+03]
 [1.25000000e+02 3.51684195e+02 1.27284199e+01 4.57566925e+07
  1.71115974e+03 1.61747503e+03]
 [1.27000000e+02 3.53733196e+02 1.26754240e+01 4.55893113e+07
  1.40302598e+03 1.61047297e+03]
 [1.29000000e+02 3.55820573e+02 1.26219060e+01 5.13144148e+07
  1.85865960e+03 1.59846945e+03]
 [1.31000000e+02 3.57898562e+02 1.25692032e+01 5.88815443e+07
  1.99285004e+03 1.59046710e+03]
 [1.33000000e+02 3.60015247e+02 1.25160371e+01 6.01040100e+07
  1.96143807e+03 3.77410840e+03]
 [1.35000000e+02 3.61121810e+02 1.24884535e+01 5.98425289e+07
  1.94540139e+03 3.77110752e+03]
 [1.37000000e+02 3.63209755e+02 1.24367609e+01 6.29103517e+07
  1.99750229e+03 3.75510282e+03]]
> Reading /lustre/fgarcia4/ramses/dwarf/data/cluster_evolution/fs07_refine/output_00139
Copying arrays for 2842260 particles
Calling hop... 2842260 1.600e+02
nSmooth = 65 kd->nActive = 2842260
Building Tree...
Finding Densities...
Finding Densest Neighbors...
Grouping...
Merging Groups...
Writing Output...
Calling regroup...
No minimum group size specified.  Assuming 10 particles.
ngroups = 8249
All Done![[1.13000000e+02 3.40187857e+02 1.30355252e+01 4.16063048e+07
  1.81572653e+03 1.65048472e+03]
 [1.15000000e+02 3.41495061e+02 1.29997865e+01 4.24698586e+07
  1.79640890e+03 1.65048472e+03]
 [1.17000000e+02 3.43498411e+02 1.29453744e+01 3.71977669e+07
  1.19974832e+03 1.64948443e+03]
 [1.19000000e+02 3.45560016e+02 1.28899124e+01 4.75953876e+07
  2.05124711e+03 1.64348267e+03]
 [1.21000000e+02 3.47612188e+02 1.28352368e+01 4.23382853e+07
  1.47075050e+03 1.63448002e+03]
 [1.23000000e+02 3.49647684e+02 1.27815657e+01 4.91068149e+07
  1.85277305e+03 1.62347679e+03]
 [1.25000000e+02 3.51684195e+02 1.27284199e+01 4.57566925e+07
  1.71115974e+03 1.61747503e+03]
 [1.27000000e+02 3.53733196e+02 1.26754240e+01 4.55893113e+07
  1.40302598e+03 1.61047297e+03]
 [1.29000000e+02 3.55820573e+02 1.26219060e+01 5.13144148e+07
  1.85865960e+03 1.59846945e+03]
 [1.31000000e+02 3.57898562e+02 1.25692032e+01 5.88815443e+07
  1.99285004e+03 1.59046710e+03]
 [1.33000000e+02 3.60015247e+02 1.25160371e+01 6.01040100e+07
  1.96143807e+03 3.77410840e+03]
 [1.35000000e+02 3.61121810e+02 1.24884535e+01 5.98425289e+07
  1.94540139e+03 3.77110752e+03]
 [1.37000000e+02 3.63209755e+02 1.24367609e+01 6.29103517e+07
  1.99750229e+03 3.75510282e+03]
 [1.39000000e+02 3.65309002e+02 1.23852876e+01 6.34966023e+07
  2.00261283e+03 3.73509694e+03]]
> Reading /lustre/fgarcia4/ramses/dwarf/data/cluster_evolution/fs07_refine/output_00141
Copying arrays for 2842260 particles
Calling hop... 2842260 1.600e+02
nSmooth = 65 kd->nActive = 2842260
Building Tree...
Finding Densities...
Finding Densest Neighbors...
Grouping...
Merging Groups...
Writing Output...
Calling regroup...
No minimum group size specified.  Assuming 10 particles.
ngroups = 8234
All Done![[1.13000000e+02 3.40187857e+02 1.30355252e+01 4.16063048e+07
  1.81572653e+03 1.65048472e+03]
 [1.15000000e+02 3.41495061e+02 1.29997865e+01 4.24698586e+07
  1.79640890e+03 1.65048472e+03]
 [1.17000000e+02 3.43498411e+02 1.29453744e+01 3.71977669e+07
  1.19974832e+03 1.64948443e+03]
 [1.19000000e+02 3.45560016e+02 1.28899124e+01 4.75953876e+07
  2.05124711e+03 1.64348267e+03]
 [1.21000000e+02 3.47612188e+02 1.28352368e+01 4.23382853e+07
  1.47075050e+03 1.63448002e+03]
 [1.23000000e+02 3.49647684e+02 1.27815657e+01 4.91068149e+07
  1.85277305e+03 1.62347679e+03]
 [1.25000000e+02 3.51684195e+02 1.27284199e+01 4.57566925e+07
  1.71115974e+03 1.61747503e+03]
 [1.27000000e+02 3.53733196e+02 1.26754240e+01 4.55893113e+07
  1.40302598e+03 1.61047297e+03]
 [1.29000000e+02 3.55820573e+02 1.26219060e+01 5.13144148e+07
  1.85865960e+03 1.59846945e+03]
 [1.31000000e+02 3.57898562e+02 1.25692032e+01 5.88815443e+07
  1.99285004e+03 1.59046710e+03]
 [1.33000000e+02 3.60015247e+02 1.25160371e+01 6.01040100e+07
  1.96143807e+03 3.77410840e+03]
 [1.35000000e+02 3.61121810e+02 1.24884535e+01 5.98425289e+07
  1.94540139e+03 3.77110752e+03]
 [1.37000000e+02 3.63209755e+02 1.24367609e+01 6.29103517e+07
  1.99750229e+03 3.75510282e+03]
 [1.39000000e+02 3.65309002e+02 1.23852876e+01 6.34966023e+07
  2.00261283e+03 3.73509694e+03]
 [1.41000000e+02 3.67360282e+02 1.23354959e+01 6.48414811e+07
  1.98856726e+03 3.70608842e+03]]
> Reading /lustre/fgarcia4/ramses/dwarf/data/cluster_evolution/fs07_refine/output_00143
Copying arrays for 2842260 particles
Calling hop... 2842260 1.600e+02
nSmooth = 65 kd->nActive = 2842260
Building Tree...
Finding Densities...
Finding Densest Neighbors...
Grouping...
Merging Groups...
Writing Output...
Calling regroup...
No minimum group size specified.  Assuming 10 particles.
ngroups = 8282
All Done![[1.13000000e+02 3.40187857e+02 1.30355252e+01 4.16063048e+07
  1.81572653e+03 1.65048472e+03]
 [1.15000000e+02 3.41495061e+02 1.29997865e+01 4.24698586e+07
  1.79640890e+03 1.65048472e+03]
 [1.17000000e+02 3.43498411e+02 1.29453744e+01 3.71977669e+07
  1.19974832e+03 1.64948443e+03]
 [1.19000000e+02 3.45560016e+02 1.28899124e+01 4.75953876e+07
  2.05124711e+03 1.64348267e+03]
 [1.21000000e+02 3.47612188e+02 1.28352368e+01 4.23382853e+07
  1.47075050e+03 1.63448002e+03]
 [1.23000000e+02 3.49647684e+02 1.27815657e+01 4.91068149e+07
  1.85277305e+03 1.62347679e+03]
 [1.25000000e+02 3.51684195e+02 1.27284199e+01 4.57566925e+07
  1.71115974e+03 1.61747503e+03]
 [1.27000000e+02 3.53733196e+02 1.26754240e+01 4.55893113e+07
  1.40302598e+03 1.61047297e+03]
 [1.29000000e+02 3.55820573e+02 1.26219060e+01 5.13144148e+07
  1.85865960e+03 1.59846945e+03]
 [1.31000000e+02 3.57898562e+02 1.25692032e+01 5.88815443e+07
  1.99285004e+03 1.59046710e+03]
 [1.33000000e+02 3.60015247e+02 1.25160371e+01 6.01040100e+07
  1.96143807e+03 3.77410840e+03]
 [1.35000000e+02 3.61121810e+02 1.24884535e+01 5.98425289e+07
  1.94540139e+03 3.77110752e+03]
 [1.37000000e+02 3.63209755e+02 1.24367609e+01 6.29103517e+07
  1.99750229e+03 3.75510282e+03]
 [1.39000000e+02 3.65309002e+02 1.23852876e+01 6.34966023e+07
  2.00261283e+03 3.73509694e+03]
 [1.41000000e+02 3.67360282e+02 1.23354959e+01 6.48414811e+07
  1.98856726e+03 3.70608842e+03]
 [1.43000000e+02 3.69394451e+02 1.22865632e+01 6.65028021e+07
  2.09641723e+03 3.68408196e+03]]
> Reading /lustre/fgarcia4/ramses/dwarf/data/cluster_evolution/fs07_refine/output_00145
Copying arrays for 2842260 particles
Calling hop... 2842260 1.600e+02
nSmooth = 65 kd->nActive = 2842260
Building Tree...
Finding Densities...
Finding Densest Neighbors...
Grouping...
Merging Groups...
Writing Output...
Calling regroup...
No minimum group size specified.  Assuming 10 particles.
ngroups = 8289
All Done![[1.13000000e+02 3.40187857e+02 1.30355252e+01 4.16063048e+07
  1.81572653e+03 1.65048472e+03]
 [1.15000000e+02 3.41495061e+02 1.29997865e+01 4.24698586e+07
  1.79640890e+03 1.65048472e+03]
 [1.17000000e+02 3.43498411e+02 1.29453744e+01 3.71977669e+07
  1.19974832e+03 1.64948443e+03]
 [1.19000000e+02 3.45560016e+02 1.28899124e+01 4.75953876e+07
  2.05124711e+03 1.64348267e+03]
 [1.21000000e+02 3.47612188e+02 1.28352368e+01 4.23382853e+07
  1.47075050e+03 1.63448002e+03]
 [1.23000000e+02 3.49647684e+02 1.27815657e+01 4.91068149e+07
  1.85277305e+03 1.62347679e+03]
 [1.25000000e+02 3.51684195e+02 1.27284199e+01 4.57566925e+07
  1.71115974e+03 1.61747503e+03]
 [1.27000000e+02 3.53733196e+02 1.26754240e+01 4.55893113e+07
  1.40302598e+03 1.61047297e+03]
 [1.29000000e+02 3.55820573e+02 1.26219060e+01 5.13144148e+07
  1.85865960e+03 1.59846945e+03]
 [1.31000000e+02 3.57898562e+02 1.25692032e+01 5.88815443e+07
  1.99285004e+03 1.59046710e+03]
 [1.33000000e+02 3.60015247e+02 1.25160371e+01 6.01040100e+07
  1.96143807e+03 3.77410840e+03]
 [1.35000000e+02 3.61121810e+02 1.24884535e+01 5.98425289e+07
  1.94540139e+03 3.77110752e+03]
 [1.37000000e+02 3.63209755e+02 1.24367609e+01 6.29103517e+07
  1.99750229e+03 3.75510282e+03]
 [1.39000000e+02 3.65309002e+02 1.23852876e+01 6.34966023e+07
  2.00261283e+03 3.73509694e+03]
 [1.41000000e+02 3.67360282e+02 1.23354959e+01 6.48414811e+07
  1.98856726e+03 3.70608842e+03]
 [1.43000000e+02 3.69394451e+02 1.22865632e+01 6.65028021e+07
  2.09641723e+03 3.68408196e+03]
 [1.45000000e+02 3.71203292e+02 1.22433865e+01 6.72797506e+07
  2.00585004e+03 3.66107520e+03]]
> Reading /lustre/fgarcia4/ramses/dwarf/data/cluster_evolution/fs07_refine/output_00147
Copying arrays for 2842260 particles
Calling hop... 2842260 1.600e+02
nSmooth = 65 kd->nActive = 2842260
Building Tree...
Finding Densities...
Finding Densest Neighbors...
Grouping...
Merging Groups...
Writing Output...
Calling regroup...
No minimum group size specified.  Assuming 10 particles.
ngroups = 8304
All Done![[1.13000000e+02 3.40187857e+02 1.30355252e+01 4.16063048e+07
  1.81572653e+03 1.65048472e+03]
 [1.15000000e+02 3.41495061e+02 1.29997865e+01 4.24698586e+07
  1.79640890e+03 1.65048472e+03]
 [1.17000000e+02 3.43498411e+02 1.29453744e+01 3.71977669e+07
  1.19974832e+03 1.64948443e+03]
 [1.19000000e+02 3.45560016e+02 1.28899124e+01 4.75953876e+07
  2.05124711e+03 1.64348267e+03]
 [1.21000000e+02 3.47612188e+02 1.28352368e+01 4.23382853e+07
  1.47075050e+03 1.63448002e+03]
 [1.23000000e+02 3.49647684e+02 1.27815657e+01 4.91068149e+07
  1.85277305e+03 1.62347679e+03]
 [1.25000000e+02 3.51684195e+02 1.27284199e+01 4.57566925e+07
  1.71115974e+03 1.61747503e+03]
 [1.27000000e+02 3.53733196e+02 1.26754240e+01 4.55893113e+07
  1.40302598e+03 1.61047297e+03]
 [1.29000000e+02 3.55820573e+02 1.26219060e+01 5.13144148e+07
  1.85865960e+03 1.59846945e+03]
 [1.31000000e+02 3.57898562e+02 1.25692032e+01 5.88815443e+07
  1.99285004e+03 1.59046710e+03]
 [1.33000000e+02 3.60015247e+02 1.25160371e+01 6.01040100e+07
  1.96143807e+03 3.77410840e+03]
 [1.35000000e+02 3.61121810e+02 1.24884535e+01 5.98425289e+07
  1.94540139e+03 3.77110752e+03]
 [1.37000000e+02 3.63209755e+02 1.24367609e+01 6.29103517e+07
  1.99750229e+03 3.75510282e+03]
 [1.39000000e+02 3.65309002e+02 1.23852876e+01 6.34966023e+07
  2.00261283e+03 3.73509694e+03]
 [1.41000000e+02 3.67360282e+02 1.23354959e+01 6.48414811e+07
  1.98856726e+03 3.70608842e+03]
 [1.43000000e+02 3.69394451e+02 1.22865632e+01 6.65028021e+07
  2.09641723e+03 3.68408196e+03]
 [1.45000000e+02 3.71203292e+02 1.22433865e+01 6.72797506e+07
  2.00585004e+03 3.66107520e+03]
 [1.47000000e+02 3.73289455e+02 1.21940655e+01 6.62762961e+07
  1.92376483e+03 3.64006903e+03]]
> Reading /lustre/fgarcia4/ramses/dwarf/data/cluster_evolution/fs07_refine/output_00149
Copying arrays for 2842260 particles
Calling hop... 2842260 1.600e+02
nSmooth = 65 kd->nActive = 2842260
Building Tree...
Finding Densities...
Finding Densest Neighbors...
Grouping...
Merging Groups...
Writing Output...
Calling regroup...
No minimum group size specified.  Assuming 10 particles.
ngroups = 8332
All Done![[1.13000000e+02 3.40187857e+02 1.30355252e+01 4.16063048e+07
  1.81572653e+03 1.65048472e+03]
 [1.15000000e+02 3.41495061e+02 1.29997865e+01 4.24698586e+07
  1.79640890e+03 1.65048472e+03]
 [1.17000000e+02 3.43498411e+02 1.29453744e+01 3.71977669e+07
  1.19974832e+03 1.64948443e+03]
 [1.19000000e+02 3.45560016e+02 1.28899124e+01 4.75953876e+07
  2.05124711e+03 1.64348267e+03]
 [1.21000000e+02 3.47612188e+02 1.28352368e+01 4.23382853e+07
  1.47075050e+03 1.63448002e+03]
 [1.23000000e+02 3.49647684e+02 1.27815657e+01 4.91068149e+07
  1.85277305e+03 1.62347679e+03]
 [1.25000000e+02 3.51684195e+02 1.27284199e+01 4.57566925e+07
  1.71115974e+03 1.61747503e+03]
 [1.27000000e+02 3.53733196e+02 1.26754240e+01 4.55893113e+07
  1.40302598e+03 1.61047297e+03]
 [1.29000000e+02 3.55820573e+02 1.26219060e+01 5.13144148e+07
  1.85865960e+03 1.59846945e+03]
 [1.31000000e+02 3.57898562e+02 1.25692032e+01 5.88815443e+07
  1.99285004e+03 1.59046710e+03]
 [1.33000000e+02 3.60015247e+02 1.25160371e+01 6.01040100e+07
  1.96143807e+03 3.77410840e+03]
 [1.35000000e+02 3.61121810e+02 1.24884535e+01 5.98425289e+07
  1.94540139e+03 3.77110752e+03]
 [1.37000000e+02 3.63209755e+02 1.24367609e+01 6.29103517e+07
  1.99750229e+03 3.75510282e+03]
 [1.39000000e+02 3.65309002e+02 1.23852876e+01 6.34966023e+07
  2.00261283e+03 3.73509694e+03]
 [1.41000000e+02 3.67360282e+02 1.23354959e+01 6.48414811e+07
  1.98856726e+03 3.70608842e+03]
 [1.43000000e+02 3.69394451e+02 1.22865632e+01 6.65028021e+07
  2.09641723e+03 3.68408196e+03]
 [1.45000000e+02 3.71203292e+02 1.22433865e+01 6.72797506e+07
  2.00585004e+03 3.66107520e+03]
 [1.47000000e+02 3.73289455e+02 1.21940655e+01 6.62762961e+07
  1.92376483e+03 3.64006903e+03]
 [1.49000000e+02 3.75324325e+02 1.21464166e+01 6.72314516e+07
  1.95932389e+03 3.61206081e+03]]
> Reading /lustre/fgarcia4/ramses/dwarf/data/cluster_evolution/fs07_refine/output_00151
Copying arrays for 2842260 particles
Calling hop... 2842260 1.600e+02
nSmooth = 65 kd->nActive = 2842260
Building Tree...
Finding Densities...
Finding Densest Neighbors...
Grouping...
Merging Groups...
Writing Output...
Calling regroup...
No minimum group size specified.  Assuming 10 particles.
ngroups = 8321
All Done![[1.13000000e+02 3.40187857e+02 1.30355252e+01 4.16063048e+07
  1.81572653e+03 1.65048472e+03]
 [1.15000000e+02 3.41495061e+02 1.29997865e+01 4.24698586e+07
  1.79640890e+03 1.65048472e+03]
 [1.17000000e+02 3.43498411e+02 1.29453744e+01 3.71977669e+07
  1.19974832e+03 1.64948443e+03]
 [1.19000000e+02 3.45560016e+02 1.28899124e+01 4.75953876e+07
  2.05124711e+03 1.64348267e+03]
 [1.21000000e+02 3.47612188e+02 1.28352368e+01 4.23382853e+07
  1.47075050e+03 1.63448002e+03]
 [1.23000000e+02 3.49647684e+02 1.27815657e+01 4.91068149e+07
  1.85277305e+03 1.62347679e+03]
 [1.25000000e+02 3.51684195e+02 1.27284199e+01 4.57566925e+07
  1.71115974e+03 1.61747503e+03]
 [1.27000000e+02 3.53733196e+02 1.26754240e+01 4.55893113e+07
  1.40302598e+03 1.61047297e+03]
 [1.29000000e+02 3.55820573e+02 1.26219060e+01 5.13144148e+07
  1.85865960e+03 1.59846945e+03]
 [1.31000000e+02 3.57898562e+02 1.25692032e+01 5.88815443e+07
  1.99285004e+03 1.59046710e+03]
 [1.33000000e+02 3.60015247e+02 1.25160371e+01 6.01040100e+07
  1.96143807e+03 3.77410840e+03]
 [1.35000000e+02 3.61121810e+02 1.24884535e+01 5.98425289e+07
  1.94540139e+03 3.77110752e+03]
 [1.37000000e+02 3.63209755e+02 1.24367609e+01 6.29103517e+07
  1.99750229e+03 3.75510282e+03]
 [1.39000000e+02 3.65309002e+02 1.23852876e+01 6.34966023e+07
  2.00261283e+03 3.73509694e+03]
 [1.41000000e+02 3.67360282e+02 1.23354959e+01 6.48414811e+07
  1.98856726e+03 3.70608842e+03]
 [1.43000000e+02 3.69394451e+02 1.22865632e+01 6.65028021e+07
  2.09641723e+03 3.68408196e+03]
 [1.45000000e+02 3.71203292e+02 1.22433865e+01 6.72797506e+07
  2.00585004e+03 3.66107520e+03]
 [1.47000000e+02 3.73289455e+02 1.21940655e+01 6.62762961e+07
  1.92376483e+03 3.64006903e+03]
 [1.49000000e+02 3.75324325e+02 1.21464166e+01 6.72314516e+07
  1.95932389e+03 3.61206081e+03]
 [1.51000000e+02 3.77368900e+02 1.20989005e+01 6.81424717e+07
  2.00522282e+03 5.75969154e+03]]
> Reading /lustre/fgarcia4/ramses/dwarf/data/cluster_evolution/fs07_refine/output_00153
Copying arrays for 2842260 particles
Calling hop... 2842260 1.600e+02
nSmooth = 65 kd->nActive = 2842260
Building Tree...
Finding Densities...
