--------------------------------------------------------------------------
The library attempted to open the following supporting CUDA libraries,
but each of them failed.  CUDA-aware support is disabled.
libcuda.so.1: cannot open shared object file: No such file or directory
libcuda.dylib: cannot open shared object file: No such file or directory
/usr/lib64/libcuda.so.1: cannot open shared object file: No such file or directory
/usr/lib64/libcuda.dylib: cannot open shared object file: No such file or directory
If you are not interested in CUDA-aware support, then run with
--mca mpi_cuda_support 0 to suppress this message.  If you are interested
in CUDA-aware support, then try setting LD_LIBRARY_PATH to the location
of libcuda.so.1 to get passed this issue.
--------------------------------------------------------------------------
=============================================================================
Warning: particle_families are modified at /site-packages/yt/frontends/ramses
=============================================================================
=============================================================================
RUNING DM HALO FINDER
=============================================================================
> Reading /lustre/fgarcia4/ramses/dwarf/data/cluster_evolution/fs07_refine/output_00113
Copying arrays for 2842260 particles
Calling hop... 2842260 1.600e+02
nSmooth = 65 kd->nActive = 2842260
Building Tree...
Finding Densities...
Finding Densest Neighbors...
Grouping...
Merging Groups...
Writing Output...
Calling regroup...
No minimum group size specified.  Assuming 10 particles.
ngroups = 8194
All Done![[1.13000000e+02 3.40187857e+02 1.30355252e+01 4.16063048e+07
  1.81572653e+03 1.65048472e+03]]
> Reading /lustre/fgarcia4/ramses/dwarf/data/cluster_evolution/fs07_refine/output_00114
Copying arrays for 2842260 particles
Calling hop... 2842260 1.600e+02
nSmooth = 65 kd->nActive = 2842260
Building Tree...
Finding Densities...
Finding Densest Neighbors...
Grouping...
Merging Groups...
Writing Output...
Calling regroup...
No minimum group size specified.  Assuming 10 particles.
ngroups = 8190
All Done!slurmstepd: error: *** JOB 18936827 ON compute-b20-4 CANCELLED AT 2022-09-04T16:05:34 ***
