=============================================================================
Warning: particle_families are modified at /site-packages/yt/frontends/ramses
=============================================================================
=============================================================================
Warning: particle_families are modified at /site-packages/yt/frontends/ramses
=============================================================================
=============================================================================
Warning: particle_families are modified at /site-packages/yt/frontends/ramses
=============================================================================
['../particle_data/pop_2_data/fs07_refine/pos_00200_404_91_myr.txt', '../particle_data/pop_2_data/fs07_refine/pos_00225_418_84_myr.txt', '../particle_data/pop_2_data/fs07_refine/pos_00250_427_39_myr.txt', '../particle_data/pop_2_data/fs07_refine/pos_00275_432_66_myr.txt', '../particle_data/pop_2_data/fs07_refine/pos_00300_437_94_myr.txt', '../particle_data/pop_2_data/fs07_refine/pos_00325_443_31_myr.txt', '../particle_data/pop_2_data/fs07_refine/pos_00350_448_79_myr.txt', '../particle_data/pop_2_data/fs07_refine/pos_00375_454_16_myr.txt', '../particle_data/pop_2_data/fs07_refine/pos_00400_459_19_myr.txt', '../particle_data/pop_2_data/fs07_refine/pos_00425_464_42_myr.txt', '../particle_data/pop_2_data/fs07_refine/pos_00450_469_63_myr.txt', '../particle_data/pop_2_data/fs07_refine/pos_00475_474_83_myr.txt', '../particle_data/pop_2_data/fs07_refine/pos_00500_480_04_myr.txt', '../particle_data/pop_2_data/fs07_refine/pos_00525_485_22_myr.txt', '../particle_data/pop_2_data/fs07_refine/pos_00550_490_42_myr.txt', '../particle_data/pop_2_data/fs07_refine/pos_00575_495_41_myr.txt', '../particle_data/pop_2_data/fs07_refine/pos_00600_500_70_myr.txt', '../particle_data/pop_2_data/fs07_refine/pos_00625_506_43_myr.txt', '../particle_data/pop_2_data/fs07_refine/pos_00650_513_32_myr.txt', '../particle_data/pop_2_data/fs07_refine/pos_00675_520_53_myr.txt', '../particle_data/pop_2_data/fs07_refine/pos_00700_526_34_myr.txt', '../particle_data/pop_2_data/fs07_refine/pos_00725_532_81_myr.txt', '../particle_data/pop_2_data/fs07_refine/pos_00750_539_12_myr.txt', '../particle_data/pop_2_data/fs07_refine/pos_00775_545_14_myr.txt', '../particle_data/pop_2_data/fs07_refine/pos_00800_550_35_myr.txt', '../particle_data/pop_2_data/fs07_refine/pos_00825_555_68_myr.txt', '../particle_data/pop_2_data/fs07_refine/pos_00850_560_93_myr.txt', '../particle_data/pop_2_data/fs07_refine/pos_00875_566_11_myr.txt', '../particle_data/pop_2_data/fs07_refine/pos_00900_571_43_myr.txt', '../particle_data/pop_2_data/fs07_refine/pos_00925_576_77_myr.txt', '../particle_data/pop_2_data/fs07_refine/pos_00950_582_10_myr.txt', '../particle_data/pop_2_data/fs07_refine/pos_00975_587_52_myr.txt', '../particle_data/pop_2_data/fs07_refine/pos_01000_592_83_myr.txt']
> Reading /lustre/fgarcia4/ramses/dwarf/data/cluster_evolution/fs07_refine/output_00200
['../particle_data/pop_2_data/fs07_refine/pos_00200_404_91_myr.txt', '../particle_data/pop_2_data/fs07_refine/pos_00225_418_84_myr.txt', '../particle_data/pop_2_data/fs07_refine/pos_00250_427_39_myr.txt', '../particle_data/pop_2_data/fs07_refine/pos_00275_432_66_myr.txt', '../particle_data/pop_2_data/fs07_refine/pos_00300_437_94_myr.txt', '../particle_data/pop_2_data/fs07_refine/pos_00325_443_31_myr.txt', '../particle_data/pop_2_data/fs07_refine/pos_00350_448_79_myr.txt', '../particle_data/pop_2_data/fs07_refine/pos_00375_454_16_myr.txt', '../particle_data/pop_2_data/fs07_refine/pos_00400_459_19_myr.txt', '../particle_data/pop_2_data/fs07_refine/pos_00425_464_42_myr.txt', '../particle_data/pop_2_data/fs07_refine/pos_00450_469_63_myr.txt', '../particle_data/pop_2_data/fs07_refine/pos_00475_474_83_myr.txt', '../particle_data/pop_2_data/fs07_refine/pos_00500_480_04_myr.txt', '../particle_data/pop_2_data/fs07_refine/pos_00525_485_22_myr.txt', '../particle_data/pop_2_data/fs07_refine/pos_00550_490_42_myr.txt', '../particle_data/pop_2_data/fs07_refine/pos_00575_495_41_myr.txt', '../particle_data/pop_2_data/fs07_refine/pos_00600_500_70_myr.txt', '../particle_data/pop_2_data/fs07_refine/pos_00625_506_43_myr.txt', '../particle_data/pop_2_data/fs07_refine/pos_00650_513_32_myr.txt', '../particle_data/pop_2_data/fs07_refine/pos_00675_520_53_myr.txt', '../particle_data/pop_2_data/fs07_refine/pos_00700_526_34_myr.txt', '../particle_data/pop_2_data/fs07_refine/pos_00725_532_81_myr.txt', '../particle_data/pop_2_data/fs07_refine/pos_00750_539_12_myr.txt', '../particle_data/pop_2_data/fs07_refine/pos_00775_545_14_myr.txt', '../particle_data/pop_2_data/fs07_refine/pos_00800_550_35_myr.txt', '../particle_data/pop_2_data/fs07_refine/pos_00825_555_68_myr.txt', '../particle_data/pop_2_data/fs07_refine/pos_00850_560_93_myr.txt', '../particle_data/pop_2_data/fs07_refine/pos_00875_566_11_myr.txt', '../particle_data/pop_2_data/fs07_refine/pos_00900_571_43_myr.txt', '../particle_data/pop_2_data/fs07_refine/pos_00925_576_77_myr.txt', '../particle_data/pop_2_data/fs07_refine/pos_00950_582_10_myr.txt', '../particle_data/pop_2_data/fs07_refine/pos_00975_587_52_myr.txt', '../particle_data/pop_2_data/fs07_refine/pos_01000_592_83_myr.txt']
> Reading /lustre/fgarcia4/ramses/dwarf/data/cluster_evolution/fs07_refine/output_00200
=============================================================================
Warning: particle_families are modified at /site-packages/yt/frontends/ramses
=============================================================================
=============================================================================
Warning: particle_families are modified at /site-packages/yt/frontends/ramses
=============================================================================
['../particle_data/pop_2_data/fs07_refine/pos_00200_404_91_myr.txt', '../particle_data/pop_2_data/fs07_refine/pos_00225_418_84_myr.txt', '../particle_data/pop_2_data/fs07_refine/pos_00250_427_39_myr.txt', '../particle_data/pop_2_data/fs07_refine/pos_00275_432_66_myr.txt', '../particle_data/pop_2_data/fs07_refine/pos_00300_437_94_myr.txt', '../particle_data/pop_2_data/fs07_refine/pos_00325_443_31_myr.txt', '../particle_data/pop_2_data/fs07_refine/pos_00350_448_79_myr.txt', '../particle_data/pop_2_data/fs07_refine/pos_00375_454_16_myr.txt', '../particle_data/pop_2_data/fs07_refine/pos_00400_459_19_myr.txt', '../particle_data/pop_2_data/fs07_refine/pos_00425_464_42_myr.txt', '../particle_data/pop_2_data/fs07_refine/pos_00450_469_63_myr.txt', '../particle_data/pop_2_data/fs07_refine/pos_00475_474_83_myr.txt', '../particle_data/pop_2_data/fs07_refine/pos_00500_480_04_myr.txt', '../particle_data/pop_2_data/fs07_refine/pos_00525_485_22_myr.txt', '../particle_data/pop_2_data/fs07_refine/pos_00550_490_42_myr.txt', '../particle_data/pop_2_data/fs07_refine/pos_00575_495_41_myr.txt', '../particle_data/pop_2_data/fs07_refine/pos_00600_500_70_myr.txt', '../particle_data/pop_2_data/fs07_refine/pos_00625_506_43_myr.txt', '../particle_data/pop_2_data/fs07_refine/pos_00650_513_32_myr.txt', '../particle_data/pop_2_data/fs07_refine/pos_00675_520_53_myr.txt', '../particle_data/pop_2_data/fs07_refine/pos_00700_526_34_myr.txt', '../particle_data/pop_2_data/fs07_refine/pos_00725_532_81_myr.txt', '../particle_data/pop_2_data/fs07_refine/pos_00750_539_12_myr.txt', '../particle_data/pop_2_data/fs07_refine/pos_00775_545_14_myr.txt', '../particle_data/pop_2_data/fs07_refine/pos_00800_550_35_myr.txt', '../particle_data/pop_2_data/fs07_refine/pos_00825_555_68_myr.txt', '../particle_data/pop_2_data/fs07_refine/pos_00850_560_93_myr.txt', '../particle_data/pop_2_data/fs07_refine/pos_00875_566_11_myr.txt', '../particle_data/pop_2_data/fs07_refine/pos_00900_571_43_myr.txt', '../particle_data/pop_2_data/fs07_refine/pos_00925_576_77_myr.txt', '../particle_data/pop_2_data/fs07_refine/pos_00950_582_10_myr.txt', '../particle_data/pop_2_data/fs07_refine/pos_00975_587_52_myr.txt', '../particle_data/pop_2_data/fs07_refine/pos_01000_592_83_myr.txt']
> Reading /lustre/fgarcia4/ramses/dwarf/data/cluster_evolution/fs07_refine/output_00200
['../particle_data/pop_2_data/fs07_refine/pos_00200_404_91_myr.txt', '../particle_data/pop_2_data/fs07_refine/pos_00225_418_84_myr.txt', '../particle_data/pop_2_data/fs07_refine/pos_00250_427_39_myr.txt', '../particle_data/pop_2_data/fs07_refine/pos_00275_432_66_myr.txt', '../particle_data/pop_2_data/fs07_refine/pos_00300_437_94_myr.txt', '../particle_data/pop_2_data/fs07_refine/pos_00325_443_31_myr.txt', '../particle_data/pop_2_data/fs07_refine/pos_00350_448_79_myr.txt', '../particle_data/pop_2_data/fs07_refine/pos_00375_454_16_myr.txt', '../particle_data/pop_2_data/fs07_refine/pos_00400_459_19_myr.txt', '../particle_data/pop_2_data/fs07_refine/pos_00425_464_42_myr.txt', '../particle_data/pop_2_data/fs07_refine/pos_00450_469_63_myr.txt', '../particle_data/pop_2_data/fs07_refine/pos_00475_474_83_myr.txt', '../particle_data/pop_2_data/fs07_refine/pos_00500_480_04_myr.txt', '../particle_data/pop_2_data/fs07_refine/pos_00525_485_22_myr.txt', '../particle_data/pop_2_data/fs07_refine/pos_00550_490_42_myr.txt', '../particle_data/pop_2_data/fs07_refine/pos_00575_495_41_myr.txt', '../particle_data/pop_2_data/fs07_refine/pos_00600_500_70_myr.txt', '../particle_data/pop_2_data/fs07_refine/pos_00625_506_43_myr.txt', '../particle_data/pop_2_data/fs07_refine/pos_00650_513_32_myr.txt', '../particle_data/pop_2_data/fs07_refine/pos_00675_520_53_myr.txt', '../particle_data/pop_2_data/fs07_refine/pos_00700_526_34_myr.txt', '../particle_data/pop_2_data/fs07_refine/pos_00725_532_81_myr.txt', '../particle_data/pop_2_data/fs07_refine/pos_00750_539_12_myr.txt', '../particle_data/pop_2_data/fs07_refine/pos_00775_545_14_myr.txt', '../particle_data/pop_2_data/fs07_refine/pos_00800_550_35_myr.txt', '../particle_data/pop_2_data/fs07_refine/pos_00825_555_68_myr.txt', '../particle_data/pop_2_data/fs07_refine/pos_00850_560_93_myr.txt', '../particle_data/pop_2_data/fs07_refine/pos_00875_566_11_myr.txt', '../particle_data/pop_2_data/fs07_refine/pos_00900_571_43_myr.txt', '../particle_data/pop_2_data/fs07_refine/pos_00925_576_77_myr.txt', '../particle_data/pop_2_data/fs07_refine/pos_00950_582_10_myr.txt', '../particle_data/pop_2_data/fs07_refine/pos_00975_587_52_myr.txt', '../particle_data/pop_2_data/fs07_refine/pos_01000_592_83_myr.txt']
> Reading /lustre/fgarcia4/ramses/dwarf/data/cluster_evolution/fs07_refine/output_00200
['../particle_data/pop_2_data/fs07_refine/pos_00200_404_91_myr.txt', '../particle_data/pop_2_data/fs07_refine/pos_00225_418_84_myr.txt', '../particle_data/pop_2_data/fs07_refine/pos_00250_427_39_myr.txt', '../particle_data/pop_2_data/fs07_refine/pos_00275_432_66_myr.txt', '../particle_data/pop_2_data/fs07_refine/pos_00300_437_94_myr.txt', '../particle_data/pop_2_data/fs07_refine/pos_00325_443_31_myr.txt', '../particle_data/pop_2_data/fs07_refine/pos_00350_448_79_myr.txt', '../particle_data/pop_2_data/fs07_refine/pos_00375_454_16_myr.txt', '../particle_data/pop_2_data/fs07_refine/pos_00400_459_19_myr.txt', '../particle_data/pop_2_data/fs07_refine/pos_00425_464_42_myr.txt', '../particle_data/pop_2_data/fs07_refine/pos_00450_469_63_myr.txt', '../particle_data/pop_2_data/fs07_refine/pos_00475_474_83_myr.txt', '../particle_data/pop_2_data/fs07_refine/pos_00500_480_04_myr.txt', '../particle_data/pop_2_data/fs07_refine/pos_00525_485_22_myr.txt', '../particle_data/pop_2_data/fs07_refine/pos_00550_490_42_myr.txt', '../particle_data/pop_2_data/fs07_refine/pos_00575_495_41_myr.txt', '../particle_data/pop_2_data/fs07_refine/pos_00600_500_70_myr.txt', '../particle_data/pop_2_data/fs07_refine/pos_00625_506_43_myr.txt', '../particle_data/pop_2_data/fs07_refine/pos_00650_513_32_myr.txt', '../particle_data/pop_2_data/fs07_refine/pos_00675_520_53_myr.txt', '../particle_data/pop_2_data/fs07_refine/pos_00700_526_34_myr.txt', '../particle_data/pop_2_data/fs07_refine/pos_00725_532_81_myr.txt', '../particle_data/pop_2_data/fs07_refine/pos_00750_539_12_myr.txt', '../particle_data/pop_2_data/fs07_refine/pos_00775_545_14_myr.txt', '../particle_data/pop_2_data/fs07_refine/pos_00800_550_35_myr.txt', '../particle_data/pop_2_data/fs07_refine/pos_00825_555_68_myr.txt', '../particle_data/pop_2_data/fs07_refine/pos_00850_560_93_myr.txt', '../particle_data/pop_2_data/fs07_refine/pos_00875_566_11_myr.txt', '../particle_data/pop_2_data/fs07_refine/pos_00900_571_43_myr.txt', '../particle_data/pop_2_data/fs07_refine/pos_00925_576_77_myr.txt', '../particle_data/pop_2_data/fs07_refine/pos_00950_582_10_myr.txt', '../particle_data/pop_2_data/fs07_refine/pos_00975_587_52_myr.txt', '../particle_data/pop_2_data/fs07_refine/pos_01000_592_83_myr.txt']
> Reading /lustre/fgarcia4/ramses/dwarf/data/cluster_evolution/fs07_refine/output_00200
Loaded Snapshot Data 00200
Loaded Snapshot Data 00200
  File "/lustre/fgarcia4/glob_clust_evo/gas_data/fs070_get_gas_data.py", line 55, in <module>
    f7_code_ctr = np.loadtxt(f7_pop2, max_rows=5)[2:5, 6]
  File "/software/spack-software/2020.05.14/linux-rhel8-ivybridge/gcc-8.4.0/python-3.7.7-zgcjuclie3fiis4ljkrfp4c4j6fkoa62/lib/python3.7/site-packages/numpy/lib/npyio.py", line 1159, in loadtxt
    for x in read_data(_loadtxt_chunksize):
  File "/software/spack-software/2020.05.14/linux-rhel8-ivybridge/gcc-8.4.0/python-3.7.7-zgcjuclie3fiis4ljkrfp4c4j6fkoa62/lib/python3.7/site-packages/numpy/lib/npyio.py", line 1087, in read_data
    items = [conv(val) for (conv, val) in zip(converters, vals)]
  File "/software/spack-software/2020.05.14/linux-rhel8-ivybridge/gcc-8.4.0/python-3.7.7-zgcjuclie3fiis4ljkrfp4c4j6fkoa62/lib/python3.7/site-packages/numpy/lib/npyio.py", line 1087, in <listcomp>
    items = [conv(val) for (conv, val) in zip(converters, vals)]
  File "/software/spack-software/2020.05.14/linux-rhel8-ivybridge/gcc-8.4.0/python-3.7.7-zgcjuclie3fiis4ljkrfp4c4j6fkoa62/lib/python3.7/site-packages/numpy/lib/npyio.py", line 794, in floatconv
    return float(x)
P000 yt : [ERROR    ] 2022-07-20 22:45:17,858 ValueError: could not convert string to float: '../particle_data/pop_2_data/fs07_refine/pos_00200_404_91_myr.txt'
  File "/lustre/fgarcia4/glob_clust_evo/gas_data/fs070_get_gas_data.py", line 55, in <module>
    f7_code_ctr = np.loadtxt(f7_pop2, max_rows=5)[2:5, 6]
  File "/software/spack-software/2020.05.14/linux-rhel8-ivybridge/gcc-8.4.0/python-3.7.7-zgcjuclie3fiis4ljkrfp4c4j6fkoa62/lib/python3.7/site-packages/numpy/lib/npyio.py", line 1159, in loadtxt
    for x in read_data(_loadtxt_chunksize):
  File "/software/spack-software/2020.05.14/linux-rhel8-ivybridge/gcc-8.4.0/python-3.7.7-zgcjuclie3fiis4ljkrfp4c4j6fkoa62/lib/python3.7/site-packages/numpy/lib/npyio.py", line 1087, in read_data
    items = [conv(val) for (conv, val) in zip(converters, vals)]
  File "/software/spack-software/2020.05.14/linux-rhel8-ivybridge/gcc-8.4.0/python-3.7.7-zgcjuclie3fiis4ljkrfp4c4j6fkoa62/lib/python3.7/site-packages/numpy/lib/npyio.py", line 1087, in <listcomp>
    items = [conv(val) for (conv, val) in zip(converters, vals)]
  File "/software/spack-software/2020.05.14/linux-rhel8-ivybridge/gcc-8.4.0/python-3.7.7-zgcjuclie3fiis4ljkrfp4c4j6fkoa62/lib/python3.7/site-packages/numpy/lib/npyio.py", line 794, in floatconv
    return float(x)
P004 yt : [ERROR    ] 2022-07-20 22:45:17,859 ValueError: could not convert string to float: '../particle_data/pop_2_data/fs07_refine/pos_00200_404_91_myr.txt'
P000 yt : [ERROR    ] 2022-07-20 22:45:17,859 Error occured on rank 0.
P004 yt : [ERROR    ] 2022-07-20 22:45:17,859 Error occured on rank 4.
--------------------------------------------------------------------------
MPI_ABORT was invoked on rank 0 in communicator MPI_COMM_WORLD
with errorcode 1.

NOTE: invoking MPI_ABORT causes Open MPI to kill all MPI processes.
You may or may not see output from other processes, depending on
exactly when Open MPI kills them.
--------------------------------------------------------------------------
Loaded Snapshot Data 00200
Loaded Snapshot Data 00200
Loaded Snapshot Data 00200
  File "/lustre/fgarcia4/glob_clust_evo/gas_data/fs070_get_gas_data.py", line 55, in <module>
    f7_code_ctr = np.loadtxt(f7_pop2, max_rows=5)[2:5, 6]
  File "/software/spack-software/2020.05.14/linux-rhel8-ivybridge/gcc-8.4.0/python-3.7.7-zgcjuclie3fiis4ljkrfp4c4j6fkoa62/lib/python3.7/site-packages/numpy/lib/npyio.py", line 1159, in loadtxt
    for x in read_data(_loadtxt_chunksize):
  File "/software/spack-software/2020.05.14/linux-rhel8-ivybridge/gcc-8.4.0/python-3.7.7-zgcjuclie3fiis4ljkrfp4c4j6fkoa62/lib/python3.7/site-packages/numpy/lib/npyio.py", line 1087, in read_data
    items = [conv(val) for (conv, val) in zip(converters, vals)]
  File "/software/spack-software/2020.05.14/linux-rhel8-ivybridge/gcc-8.4.0/python-3.7.7-zgcjuclie3fiis4ljkrfp4c4j6fkoa62/lib/python3.7/site-packages/numpy/lib/npyio.py", line 1087, in <listcomp>
    items = [conv(val) for (conv, val) in zip(converters, vals)]
  File "/software/spack-software/2020.05.14/linux-rhel8-ivybridge/gcc-8.4.0/python-3.7.7-zgcjuclie3fiis4ljkrfp4c4j6fkoa62/lib/python3.7/site-packages/numpy/lib/npyio.py", line 794, in floatconv
    return float(x)
P003 yt : [ERROR    ] 2022-07-20 22:45:18,183 ValueError: could not convert string to float: '../particle_data/pop_2_data/fs07_refine/pos_00200_404_91_myr.txt'
  File "/lustre/fgarcia4/glob_clust_evo/gas_data/fs070_get_gas_data.py", line 55, in <module>
    f7_code_ctr = np.loadtxt(f7_pop2, max_rows=5)[2:5, 6]
  File "/software/spack-software/2020.05.14/linux-rhel8-ivybridge/gcc-8.4.0/python-3.7.7-zgcjuclie3fiis4ljkrfp4c4j6fkoa62/lib/python3.7/site-packages/numpy/lib/npyio.py", line 1159, in loadtxt
    for x in read_data(_loadtxt_chunksize):
  File "/software/spack-software/2020.05.14/linux-rhel8-ivybridge/gcc-8.4.0/python-3.7.7-zgcjuclie3fiis4ljkrfp4c4j6fkoa62/lib/python3.7/site-packages/numpy/lib/npyio.py", line 1087, in read_data
    items = [conv(val) for (conv, val) in zip(converters, vals)]
  File "/software/spack-software/2020.05.14/linux-rhel8-ivybridge/gcc-8.4.0/python-3.7.7-zgcjuclie3fiis4ljkrfp4c4j6fkoa62/lib/python3.7/site-packages/numpy/lib/npyio.py", line 1087, in <listcomp>
    items = [conv(val) for (conv, val) in zip(converters, vals)]
  File "/software/spack-software/2020.05.14/linux-rhel8-ivybridge/gcc-8.4.0/python-3.7.7-zgcjuclie3fiis4ljkrfp4c4j6fkoa62/lib/python3.7/site-packages/numpy/lib/npyio.py", line 794, in floatconv
    return float(x)
P001 yt : [ERROR    ] 2022-07-20 22:45:18,167 ValueError: could not convert string to float: '../particle_data/pop_2_data/fs07_refine/pos_00200_404_91_myr.txt'
  File "/lustre/fgarcia4/glob_clust_evo/gas_data/fs070_get_gas_data.py", line 55, in <module>
    f7_code_ctr = np.loadtxt(f7_pop2, max_rows=5)[2:5, 6]
  File "/software/spack-software/2020.05.14/linux-rhel8-ivybridge/gcc-8.4.0/python-3.7.7-zgcjuclie3fiis4ljkrfp4c4j6fkoa62/lib/python3.7/site-packages/numpy/lib/npyio.py", line 1159, in loadtxt
    for x in read_data(_loadtxt_chunksize):
  File "/software/spack-software/2020.05.14/linux-rhel8-ivybridge/gcc-8.4.0/python-3.7.7-zgcjuclie3fiis4ljkrfp4c4j6fkoa62/lib/python3.7/site-packages/numpy/lib/npyio.py", line 1087, in read_data
    items = [conv(val) for (conv, val) in zip(converters, vals)]
  File "/software/spack-software/2020.05.14/linux-rhel8-ivybridge/gcc-8.4.0/python-3.7.7-zgcjuclie3fiis4ljkrfp4c4j6fkoa62/lib/python3.7/site-packages/numpy/lib/npyio.py", line 1087, in <listcomp>
    items = [conv(val) for (conv, val) in zip(converters, vals)]
  File "/software/spack-software/2020.05.14/linux-rhel8-ivybridge/gcc-8.4.0/python-3.7.7-zgcjuclie3fiis4ljkrfp4c4j6fkoa62/lib/python3.7/site-packages/numpy/lib/npyio.py", line 794, in floatconv
    return float(x)
P002 yt : [ERROR    ] 2022-07-20 22:45:18,039 ValueError: could not convert string to float: '../particle_data/pop_2_data/fs07_refine/pos_00200_404_91_myr.txt'
P003 yt : [ERROR    ] 2022-07-20 22:45:18,183 Error occured on rank 3.
P001 yt : [ERROR    ] 2022-07-20 22:45:18,167 Error occured on rank 1.
P002 yt : [ERROR    ] 2022-07-20 22:45:18,039 Error occured on rank 2.
[compute-b18-8.deepthought2.umd.edu:2940941] 4 more processes have sent help message help-mpi-api.txt / mpi-abort
[compute-b18-8.deepthought2.umd.edu:2940941] Set MCA parameter "orte_base_help_aggregate" to 0 to see all help / error messages
