--------------------------------------------------------------------------
The library attempted to open the following supporting CUDA libraries,
but each of them failed.  CUDA-aware support is disabled.
libcuda.so.1: cannot open shared object file: No such file or directory
libcuda.dylib: cannot open shared object file: No such file or directory
/usr/lib64/libcuda.so.1: cannot open shared object file: No such file or directory
/usr/lib64/libcuda.dylib: cannot open shared object file: No such file or directory
If you are not interested in CUDA-aware support, then run with
--mca mpi_cuda_support 0 to suppress this message.  If you are interested
in CUDA-aware support, then try setting LD_LIBRARY_PATH to the location
of libcuda.so.1 to get passed this issue.
--------------------------------------------------------------------------
=============================================================================
Warning: particle_families are modified at
/home/fabg/cosmology/lib/python3.8/site-packages/yt/frontends/ramses
=============================================================================
# read in: ../particle_data/pop_2_data/fs035_ms10/pos_00154_344_93_myr.txt
> snapshot time 344.93 Myr
> snapshot number 154
> non-uniform radius, using virial or other
> found 1 good profiles; snapshot 154
> making master plot
> making master plot
# read in: ../particle_data/pop_2_data/fs035_ms10/pos_00155_346_06_myr.txt
> snapshot time 346.06 Myr
> snapshot number 155
> non-uniform radius, using virial or other
> bad alpha for GC #0
> found 0 good profiles; snapshot 155
> making master plot
> not enough good fits to make master plot
# read in: ../particle_data/pop_2_data/fs035_ms10/pos_00156_347_19_myr.txt
> snapshot time 347.19 Myr
> snapshot number 156
> non-uniform radius, using virial or other
> found 1 good profiles; snapshot 156
> making master plot
> making master plot
# read in: ../particle_data/pop_2_data/fs035_ms10/pos_00157_347_76_myr.txt
> snapshot time 347.76 Myr
> snapshot number 157
> non-uniform radius, using virial or other
> bad alpha for GC #0
> found 0 good profiles; snapshot 157
> making master plot
> not enough good fits to make master plot
# read in: ../particle_data/pop_2_data/fs035_ms10/pos_00158_348_33_myr.txt
> snapshot time 348.33 Myr
> snapshot number 158
> non-uniform radius, using virial or other
> bad alpha for GC #0
> found 0 good profiles; snapshot 158
> making master plot
> not enough good fits to make master plot
# read in: ../particle_data/pop_2_data/fs035_ms10/pos_00159_348_86_myr.txt
> snapshot time 348.86 Myr
> snapshot number 159
> non-uniform radius, using virial or other
> bad alpha for GC #0
> found 0 good profiles; snapshot 159
> making master plot
> not enough good fits to make master plot
# read in: ../particle_data/pop_2_data/fs035_ms10/pos_00160_349_42_myr.txt
> snapshot time 349.42 Myr
> snapshot number 160
> non-uniform radius, using virial or other
> bad alpha for GC #0
> found 0 good profiles; snapshot 160
> making master plot
> not enough good fits to make master plot
# read in: ../particle_data/pop_2_data/fs035_ms10/pos_00161_349_99_myr.txt
> snapshot time 349.99 Myr
> snapshot number 161
> non-uniform radius, using virial or other
> bad alpha for GC #0
> found 0 good profiles; snapshot 161
> making master plot
> not enough good fits to make master plot
# read in: ../particle_data/pop_2_data/fs035_ms10/pos_00162_350_50_myr.txt
> snapshot time 350.5 Myr
> snapshot number 162
> non-uniform radius, using virial or other
> bad alpha for GC #0
> found 0 good profiles; snapshot 162
> making master plot
> not enough good fits to make master plot
# read in: ../particle_data/pop_2_data/fs035_ms10/pos_00163_351_07_myr.txt
> snapshot time 351.07 Myr
> snapshot number 163
> non-uniform radius, using virial or other
> bad alpha for GC #0
> found 0 good profiles; snapshot 163
> making master plot
> not enough good fits to make master plot
# read in: ../particle_data/pop_2_data/fs035_ms10/pos_00164_351_62_myr.txt
> snapshot time 351.62 Myr
> snapshot number 164
> non-uniform radius, using virial or other
> bad alpha for GC #0
> found 0 good profiles; snapshot 164
> making master plot
> not enough good fits to make master plot
# read in: ../particle_data/pop_2_data/fs035_ms10/pos_00165_352_13_myr.txt
> snapshot time 352.13 Myr
> snapshot number 165
> non-uniform radius, using virial or other
> bad alpha for GC #0
> found 0 good profiles; snapshot 165
> making master plot
> not enough good fits to make master plot
# read in: ../particle_data/pop_2_data/fs035_ms10/pos_00166_352_68_myr.txt
> snapshot time 352.68 Myr
> snapshot number 166
> non-uniform radius, using virial or other
> bad alpha for GC #0
> found 0 good profiles; snapshot 166
> making master plot
> not enough good fits to make master plot
# read in: ../particle_data/pop_2_data/fs035_ms10/pos_00167_353_27_myr.txt
> snapshot time 353.27 Myr
> snapshot number 167
> non-uniform radius, using virial or other
> bad alpha for GC #0
> found 0 good profiles; snapshot 167
> making master plot
> not enough good fits to make master plot
# read in: ../particle_data/pop_2_data/fs035_ms10/pos_00168_353_78_myr.txt
> snapshot time 353.78 Myr
> snapshot number 168
> non-uniform radius, using virial or other
> bad alpha for GC #0
> found 0 good profiles; snapshot 168
> making master plot
> not enough good fits to make master plot
# read in: ../particle_data/pop_2_data/fs035_ms10/pos_00169_354_31_myr.txt
> snapshot time 354.31 Myr
> snapshot number 169
> non-uniform radius, using virial or other
> bad alpha for GC #0
> found 0 good profiles; snapshot 169
> making master plot
> not enough good fits to make master plot
# read in: ../particle_data/pop_2_data/fs035_ms10/pos_00170_354_81_myr.txt
> snapshot time 354.81 Myr
> snapshot number 170
> non-uniform radius, using virial or other
*  Optimal parameters not found: The maximum number of function evaluations is exceeded.
> trying another fit for GC #0
> bad alpha for GC #0
> found 0 good profiles; snapshot 170
> making master plot
> not enough good fits to make master plot
# read in: ../particle_data/pop_2_data/fs035_ms10/pos_00171_355_40_myr.txt
> snapshot time 355.4 Myr
> snapshot number 171
> non-uniform radius, using virial or other
> bad alpha for GC #0
> found 0 good profiles; snapshot 171
> making master plot
> not enough good fits to make master plot
# read in: ../particle_data/pop_2_data/fs035_ms10/pos_00172_355_97_myr.txt
> snapshot time 355.97 Myr
> snapshot number 172
> non-uniform radius, using virial or other
*  Optimal parameters not found: The maximum number of function evaluations is exceeded.
> trying another fit for GC #0
> bad alpha for GC #0
> found 0 good profiles; snapshot 172
> making master plot
> not enough good fits to make master plot
# read in: ../particle_data/pop_2_data/fs035_ms10/pos_00173_356_54_myr.txt
> snapshot time 356.54 Myr
> snapshot number 173
> non-uniform radius, using virial or other
slurmstepd: error: *** JOB 18716091 ON compute-b25-51 CANCELLED AT 2022-06-12T16:46:32 ***
