--------------------------------------------------------------------------
The library attempted to open the following supporting CUDA libraries,
but each of them failed.  CUDA-aware support is disabled.
libcuda.so.1: cannot open shared object file: No such file or directory
libcuda.dylib: cannot open shared object file: No such file or directory
/usr/lib64/libcuda.so.1: cannot open shared object file: No such file or directory
/usr/lib64/libcuda.dylib: cannot open shared object file: No such file or directory
If you are not interested in CUDA-aware support, then run with
--mca mpi_cuda_support 0 to suppress this message.  If you are interested
in CUDA-aware support, then try setting LD_LIBRARY_PATH to the location
of libcuda.so.1 to get passed this issue.
--------------------------------------------------------------------------
=============================================================================
Warning: particle_families are modified at
/home/fabg/cosmology/lib/python3.8/site-packages/yt/frontends/ramses
=============================================================================
# Creating new profiler run directory ./profile_runs/fs035_ms10/fof_best
# read in: ../particle_data/pop_2_data/fs035_ms10/pos_00154_344_93_myr.txt
# Creating new sequence directory ./profile_runs/fs035_ms10/fof_best/snapshot_00154_t_344_93
> snapshot time 344.93 Myr
> snapshot number 154
> non-uniform radius, using virial or other
> found 1 good profiles; snapshot 154
> making Master Plot
> making Master Plot
# read in: ../particle_data/pop_2_data/fs035_ms10/pos_00155_346_06_myr.txt
# Creating new sequence directory ./profile_runs/fs035_ms10/fof_best/snapshot_00155_t_346_06
> snapshot time 346.06 Myr
> snapshot number 155
> non-uniform radius, using virial or other
> bad alpha for GC #0
> found 0 good profiles; snapshot 155
# read in: ../particle_data/pop_2_data/fs035_ms10/pos_00156_347_19_myr.txt
# Creating new sequence directory ./profile_runs/fs035_ms10/fof_best/snapshot_00156_t_347_19
> snapshot time 347.19 Myr
> snapshot number 156
> non-uniform radius, using virial or other
> found 1 good profiles; snapshot 156
> making Master Plot
> making Master Plot
# read in: ../particle_data/pop_2_data/fs035_ms10/pos_00157_347_76_myr.txt
# Creating new sequence directory ./profile_runs/fs035_ms10/fof_best/snapshot_00157_t_347_76
> snapshot time 347.76 Myr
> snapshot number 157
> non-uniform radius, using virial or other
> bad alpha for GC #0
> found 0 good profiles; snapshot 157
# read in: ../particle_data/pop_2_data/fs035_ms10/pos_00158_348_33_myr.txt
# Creating new sequence directory ./profile_runs/fs035_ms10/fof_best/snapshot_00158_t_348_33
> snapshot time 348.33 Myr
> snapshot number 158
> non-uniform radius, using virial or other
> bad alpha for GC #0
> found 0 good profiles; snapshot 158
# read in: ../particle_data/pop_2_data/fs035_ms10/pos_00159_348_86_myr.txt
# Creating new sequence directory ./profile_runs/fs035_ms10/fof_best/snapshot_00159_t_348_86
> snapshot time 348.86 Myr
> snapshot number 159
> non-uniform radius, using virial or other
> bad alpha for GC #0
> found 0 good profiles; snapshot 159
# read in: ../particle_data/pop_2_data/fs035_ms10/pos_00160_349_42_myr.txt
# Creating new sequence directory ./profile_runs/fs035_ms10/fof_best/snapshot_00160_t_349_42
> snapshot time 349.42 Myr
> snapshot number 160
> non-uniform radius, using virial or other
> bad alpha for GC #0
> found 0 good profiles; snapshot 160
# read in: ../particle_data/pop_2_data/fs035_ms10/pos_00161_349_99_myr.txt
# Creating new sequence directory ./profile_runs/fs035_ms10/fof_best/snapshot_00161_t_349_99
> snapshot time 349.99 Myr
> snapshot number 161
> non-uniform radius, using virial or other
> bad alpha for GC #0
> found 0 good profiles; snapshot 161
# read in: ../particle_data/pop_2_data/fs035_ms10/pos_00162_350_50_myr.txt
# Creating new sequence directory ./profile_runs/fs035_ms10/fof_best/snapshot_00162_t_350_5
> snapshot time 350.5 Myr
> snapshot number 162
> non-uniform radius, using virial or other
> bad alpha for GC #0
> found 0 good profiles; snapshot 162
# read in: ../particle_data/pop_2_data/fs035_ms10/pos_00163_351_07_myr.txt
# Creating new sequence directory ./profile_runs/fs035_ms10/fof_best/snapshot_00163_t_351_07
> snapshot time 351.07 Myr
> snapshot number 163
> non-uniform radius, using virial or other
> bad alpha for GC #0
> found 0 good profiles; snapshot 163
# read in: ../particle_data/pop_2_data/fs035_ms10/pos_00164_351_62_myr.txt
# Creating new sequence directory ./profile_runs/fs035_ms10/fof_best/snapshot_00164_t_351_62
> snapshot time 351.62 Myr
> snapshot number 164
> non-uniform radius, using virial or other
> bad alpha for GC #0
> found 0 good profiles; snapshot 164
# read in: ../particle_data/pop_2_data/fs035_ms10/pos_00165_352_13_myr.txt
# Creating new sequence directory ./profile_runs/fs035_ms10/fof_best/snapshot_00165_t_352_13
> snapshot time 352.13 Myr
> snapshot number 165
> non-uniform radius, using virial or other
> bad alpha for GC #0
> found 0 good profiles; snapshot 165
# read in: ../particle_data/pop_2_data/fs035_ms10/pos_00166_352_68_myr.txt
# Creating new sequence directory ./profile_runs/fs035_ms10/fof_best/snapshot_00166_t_352_68
> snapshot time 352.68 Myr
> snapshot number 166
> non-uniform radius, using virial or other
> bad alpha for GC #0
> found 0 good profiles; snapshot 166
# read in: ../particle_data/pop_2_data/fs035_ms10/pos_00167_353_27_myr.txt
# Creating new sequence directory ./profile_runs/fs035_ms10/fof_best/snapshot_00167_t_353_27
> snapshot time 353.27 Myr
> snapshot number 167
> non-uniform radius, using virial or other
> bad alpha for GC #0
> found 0 good profiles; snapshot 167
# read in: ../particle_data/pop_2_data/fs035_ms10/pos_00168_353_78_myr.txt
# Creating new sequence directory ./profile_runs/fs035_ms10/fof_best/snapshot_00168_t_353_78
> snapshot time 353.78 Myr
> snapshot number 168
> non-uniform radius, using virial or other
> bad alpha for GC #0
> found 0 good profiles; snapshot 168
# read in: ../particle_data/pop_2_data/fs035_ms10/pos_00169_354_31_myr.txt
# Creating new sequence directory ./profile_runs/fs035_ms10/fof_best/snapshot_00169_t_354_31
> snapshot time 354.31 Myr
> snapshot number 169
> non-uniform radius, using virial or other
> bad alpha for GC #0
> found 0 good profiles; snapshot 169
# read in: ../particle_data/pop_2_data/fs035_ms10/pos_00170_354_81_myr.txt
# Creating new sequence directory ./profile_runs/fs035_ms10/fof_best/snapshot_00170_t_354_81
> snapshot time 354.81 Myr
> snapshot number 170
> non-uniform radius, using virial or other
*  Optimal parameters not found: The maximum number of function evaluations is exceeded.
> trying another fit for GC #0
> bad alpha for GC #0
> found 0 good profiles; snapshot 170
# read in: ../particle_data/pop_2_data/fs035_ms10/pos_00171_355_40_myr.txt
# Creating new sequence directory ./profile_runs/fs035_ms10/fof_best/snapshot_00171_t_355_4
> snapshot time 355.4 Myr
> snapshot number 171
> non-uniform radius, using virial or other
> bad alpha for GC #0
> found 0 good profiles; snapshot 171
# read in: ../particle_data/pop_2_data/fs035_ms10/pos_00172_355_97_myr.txt
# Creating new sequence directory ./profile_runs/fs035_ms10/fof_best/snapshot_00172_t_355_97
> snapshot time 355.97 Myr
> snapshot number 172
> non-uniform radius, using virial or other
*  Optimal parameters not found: The maximum number of function evaluations is exceeded.
> trying another fit for GC #0
> bad alpha for GC #0
> found 0 good profiles; snapshot 172
# read in: ../particle_data/pop_2_data/fs035_ms10/pos_00173_356_54_myr.txt
# Creating new sequence directory ./profile_runs/fs035_ms10/fof_best/snapshot_00173_t_356_54
> snapshot time 356.54 Myr
> snapshot number 173
> non-uniform radius, using virial or other
> bad alpha for GC #1
> found 2 good profiles; snapshot 173
> making Master Plot
> making Master Plot
# read in: ../particle_data/pop_2_data/fs035_ms10/pos_00174_357_11_myr.txt
# Creating new sequence directory ./profile_runs/fs035_ms10/fof_best/snapshot_00174_t_357_11
> snapshot time 357.11 Myr
> snapshot number 174
> non-uniform radius, using virial or other
*  Optimal parameters not found: The maximum number of function evaluations is exceeded.
> trying another fit for GC #0
> bad alpha for GC #0
> bad alpha for GC #1
> found 0 good profiles; snapshot 174
# read in: ../particle_data/pop_2_data/fs035_ms10/pos_00175_357_62_myr.txt
# Creating new sequence directory ./profile_runs/fs035_ms10/fof_best/snapshot_00175_t_357_62
> snapshot time 357.62 Myr
> snapshot number 175
> non-uniform radius, using virial or other
> bad alpha for GC #0
> found 1 good profiles; snapshot 175
> making Master Plot
> making Master Plot
# read in: ../particle_data/pop_2_data/fs035_ms10/pos_00176_358_22_myr.txt
# Creating new sequence directory ./profile_runs/fs035_ms10/fof_best/snapshot_00176_t_358_22
> snapshot time 358.22 Myr
> snapshot number 176
> non-uniform radius, using virial or other
> bad alpha for GC #0
> found 1 good profiles; snapshot 176
> making Master Plot
> making Master Plot
# read in: ../particle_data/pop_2_data/fs035_ms10/pos_00177_358_79_myr.txt
# Creating new sequence directory ./profile_runs/fs035_ms10/fof_best/snapshot_00177_t_358_79
> snapshot time 358.79 Myr
> snapshot number 177
> non-uniform radius, using virial or other
> bad alpha for GC #0
> found 2 good profiles; snapshot 177
> making Master Plot
> making Master Plot
# read in: ../particle_data/pop_2_data/fs035_ms10/pos_00178_359_31_myr.txt
# Creating new sequence directory ./profile_runs/fs035_ms10/fof_best/snapshot_00178_t_359_31
> snapshot time 359.31 Myr
> snapshot number 178
> non-uniform radius, using virial or other
> bad alpha for GC #0
> bad alpha for GC #1
> found 1 good profiles; snapshot 178
> making Master Plot
> making Master Plot
# read in: ../particle_data/pop_2_data/fs035_ms10/pos_00179_359_84_myr.txt
# Creating new sequence directory ./profile_runs/fs035_ms10/fof_best/snapshot_00179_t_359_84
> snapshot time 359.84 Myr
> snapshot number 179
> non-uniform radius, using virial or other
> bad alpha for GC #3
> found 3 good profiles; snapshot 179
> making Master Plot
> making Master Plot
# read in: ../particle_data/pop_2_data/fs035_ms10/pos_00180_360_39_myr.txt
# Creating new sequence directory ./profile_runs/fs035_ms10/fof_best/snapshot_00180_t_360_39
> snapshot time 360.39 Myr
> snapshot number 180
> non-uniform radius, using virial or other
> bad alpha for GC #1
> bad alpha for GC #2
> bad alpha for GC #3
> found 1 good profiles; snapshot 180
> making Master Plot
> making Master Plot
# read in: ../particle_data/pop_2_data/fs035_ms10/pos_00181_360_73_myr.txt
# Creating new sequence directory ./profile_runs/fs035_ms10/fof_best/snapshot_00181_t_360_73
> snapshot time 360.73 Myr
> snapshot number 181
> non-uniform radius, using virial or other
> bad alpha for GC #1
> bad alpha for GC #2
> bad alpha for GC #3
> found 1 good profiles; snapshot 181
> making Master Plot
> making Master Plot
# read in: ../particle_data/pop_2_data/fs035_ms10/pos_00182_361_00_myr.txt
# Creating new sequence directory ./profile_runs/fs035_ms10/fof_best/snapshot_00182_t_361_0
> snapshot time 361.0 Myr
> snapshot number 182
> non-uniform radius, using virial or other
> bad alpha for GC #1
> bad alpha for GC #2
> bad alpha for GC #3
> found 1 good profiles; snapshot 182
> making Master Plot
> making Master Plot
# read in: ../particle_data/pop_2_data/fs035_ms10/pos_00183_361_57_myr.txt
# Creating new sequence directory ./profile_runs/fs035_ms10/fof_best/snapshot_00183_t_361_57
> snapshot time 361.57 Myr
> snapshot number 183
> non-uniform radius, using virial or other
> bad alpha for GC #3
> found 3 good profiles; snapshot 183
> making Master Plot
> making Master Plot
# read in: ../particle_data/pop_2_data/fs035_ms10/pos_00184_362_09_myr.txt
# Creating new sequence directory ./profile_runs/fs035_ms10/fof_best/snapshot_00184_t_362_09
> snapshot time 362.09 Myr
> snapshot number 184
> non-uniform radius, using virial or other
> found 4 good profiles; snapshot 184
> making Master Plot
> making Master Plot
# read in: ../particle_data/pop_2_data/fs035_ms10/pos_00185_362_61_myr.txt
# Creating new sequence directory ./profile_runs/fs035_ms10/fof_best/snapshot_00185_t_362_61
> snapshot time 362.61 Myr
> snapshot number 185
> non-uniform radius, using virial or other
> found 4 good profiles; snapshot 185
> making Master Plot
> making Master Plot
# read in: ../particle_data/pop_2_data/fs035_ms10/pos_00186_363_12_myr.txt
# Creating new sequence directory ./profile_runs/fs035_ms10/fof_best/snapshot_00186_t_363_12
> snapshot time 363.12 Myr
> snapshot number 186
> non-uniform radius, using virial or other
> bad alpha for GC #1
> bad alpha for GC #3
> found 3 good profiles; snapshot 186
> making Master Plot
> making Master Plot
# read in: ../particle_data/pop_2_data/fs035_ms10/pos_00187_363_64_myr.txt
# Creating new sequence directory ./profile_runs/fs035_ms10/fof_best/snapshot_00187_t_363_64
> snapshot time 363.64 Myr
> snapshot number 187
> non-uniform radius, using virial or other
> bad alpha for GC #1
> bad alpha for GC #2
*  Optimal parameters not found: The maximum number of function evaluations is exceeded.
> trying another fit for GC #4
> bad alpha for GC #4
> bad alpha for GC #5
> found 2 good profiles; snapshot 187
> making Master Plot
> making Master Plot
# read in: ../particle_data/pop_2_data/fs035_ms10/pos_00188_364_19_myr.txt
# Creating new sequence directory ./profile_runs/fs035_ms10/fof_best/snapshot_00188_t_364_19
> snapshot time 364.19 Myr
> snapshot number 188
> non-uniform radius, using virial or other
> bad alpha for GC #2
> found 5 good profiles; snapshot 188
> making Master Plot
> making Master Plot
# read in: ../particle_data/pop_2_data/fs035_ms10/pos_00189_364_70_myr.txt
# Creating new sequence directory ./profile_runs/fs035_ms10/fof_best/snapshot_00189_t_364_7
> snapshot time 364.7 Myr
> snapshot number 189
> non-uniform radius, using virial or other
*  Optimal parameters not found: The maximum number of function evaluations is exceeded.
> trying another fit for GC #1
> bad alpha for GC #1
> bad alpha for GC #2
> found 4 good profiles; snapshot 189
> making Master Plot
> making Master Plot
# read in: ../particle_data/pop_2_data/fs035_ms10/pos_00190_365_20_myr.txt
# Creating new sequence directory ./profile_runs/fs035_ms10/fof_best/snapshot_00190_t_365_2
> snapshot time 365.2 Myr
> snapshot number 190
> non-uniform radius, using virial or other
> bad alpha for GC #1
> bad alpha for GC #2
> bad alpha for GC #3
> bad alpha for GC #5
> found 3 good profiles; snapshot 190
> making Master Plot
> making Master Plot
# read in: ../particle_data/pop_2_data/fs035_ms10/pos_00191_365_71_myr.txt
# Creating new sequence directory ./profile_runs/fs035_ms10/fof_best/snapshot_00191_t_365_71
> snapshot time 365.71 Myr
> snapshot number 191
> non-uniform radius, using virial or other
> bad alpha for GC #0
> bad alpha for GC #1
> bad alpha for GC #3
> bad alpha for GC #4
> bad alpha for GC #5
> bad alpha for GC #6
> bad alpha for GC #7
> bad alpha for GC #8
> found 1 good profiles; snapshot 191
> making Master Plot
Traceback (most recent call last):
  File "/lustre/fgarcia4/glob_clust_evo/gc_profiles/simulation_profiler.py", line 255, in <module>
    gc_radii="vir_rad",
  File "/lustre/fgarcia4/glob_clust_evo/gc_profiles/simulation_profiler.py", line 110, in fof_profiler
    particle_filter=hc_data,
  File "/lustre/fgarcia4/glob_clust_evo/gc_profiles/snapshot_profiler.py", line 333, in run_profiler
    master_king(master_r, master_rho, master_err, master_age, time)
  File "../modules/profiles/profile_plotting.py", line 55, in master_king
    vmin=np.min(birth_times) - 1, vmax=np.max(birth_times) + 1
  File "<__array_function__ internals>", line 6, in amin
  File "/homes/fgarcia4/py-virtual-envs/clean-install/lib/python3.7/site-packages/numpy/core/fromnumeric.py", line 2880, in amin
    keepdims=keepdims, initial=initial, where=where)
  File "/homes/fgarcia4/py-virtual-envs/clean-install/lib/python3.7/site-packages/numpy/core/fromnumeric.py", line 86, in _wrapreduction
    return ufunc.reduce(obj, axis, dtype, out, **passkwargs)
ValueError: zero-size array to reduction operation minimum which has no identity
--------------------------------------------------------------------------
Primary job  terminated normally, but 1 process returned
a non-zero exit code. Per user-direction, the job has been aborted.
--------------------------------------------------------------------------
--------------------------------------------------------------------------
mpirun detected that one or more processes exited with non-zero status, thus causing
the job to be terminated. The first process to do so was:

  Process name: [[4026,1],0]
  Exit code:    1
--------------------------------------------------------------------------
