--------------------------------------------------------------------------
The library attempted to open the following supporting CUDA libraries,
but each of them failed.  CUDA-aware support is disabled.
libcuda.so.1: cannot open shared object file: No such file or directory
libcuda.dylib: cannot open shared object file: No such file or directory
/usr/lib64/libcuda.so.1: cannot open shared object file: No such file or directory
/usr/lib64/libcuda.dylib: cannot open shared object file: No such file or directory
If you are not interested in CUDA-aware support, then run with
--mca mpi_cuda_support 0 to suppress this message.  If you are interested
in CUDA-aware support, then try setting LD_LIBRARY_PATH to the location
of libcuda.so.1 to get passed this issue.
--------------------------------------------------------------------------
[compute-b24-50.deepthought2.umd.edu:177781] 3 more processes have sent help message help-mpi-common-cuda.txt / dlopen failed
[compute-b24-50.deepthought2.umd.edu:177781] Set MCA parameter "orte_base_help_aggregate" to 0 to see all help / error messages
=============================================================================
Warning: particle_families are modified at /site-packages/yt/frontends/ramses
=============================================================================
=============================================================================
Warning: particle_families are modified at /site-packages/yt/frontends/ramses
=============================================================================
# Creating new sequence directory ../rendering/gas/fs035_ms10/log_gas_projected_density_z
# Creating new sequence directory ../rendering/gas/fs035_ms10/log_gas_projected_density_z
#________________________________________________________________
# reading in /lustre/fgarcia4/ramses/dwarf/data/cluster_evolution/fs035_ms10/output_00154/info_00154.txt
  File "/lustre/fgarcia4/glob_clust_evo/cluster_evolution/fs035_gas_proj_movie.py", line 54, in <module>
    os.makedirs(newpath)
  File "/software/spack-software/2020.05.14/linux-rhel8-ivybridge/gcc-8.4.0/python-3.7.7-zgcjuclie3fiis4ljkrfp4c4j6fkoa62/lib/python3.7/os.py", line 223, in makedirs
    mkdir(name, mode)
P003 yt : [ERROR    ] 2022-07-02 00:30:44,805 FileExistsError: [Errno 17] File exists: '../rendering/gas/fs035_ms10/log_gas_projected_density_z'
P003 yt : [ERROR    ] 2022-07-02 00:30:44,805 Error occured on rank 3.
--------------------------------------------------------------------------
MPI_ABORT was invoked on rank 3 in communicator MPI_COMM_WORLD
with errorcode 1.

NOTE: invoking MPI_ABORT causes Open MPI to kill all MPI processes.
You may or may not see output from other processes, depending on
exactly when Open MPI kills them.
--------------------------------------------------------------------------
=============================================================================
Warning: particle_families are modified at /site-packages/yt/frontends/ramses
=============================================================================
#________________________________________________________________
# reading in /lustre/fgarcia4/ramses/dwarf/data/cluster_evolution/fs035_ms10/output_00154/info_00154.txt
=============================================================================
Warning: particle_families are modified at /site-packages/yt/frontends/ramses
=============================================================================
#________________________________________________________________
# reading in /lustre/fgarcia4/ramses/dwarf/data/cluster_evolution/fs035_ms10/output_00154/info_00154.txt
