+ NPE=16
+ export LANG=en_US
+ LANG=en_US
+ module load gcc
+ unset _mlshdbg
+ '[' 0 = 1 ']'
+ unset _mlre _mlIFS
+ '[' -n x ']'
+ _mlIFS=' 	
'
+ IFS=' '
+ for _mlv in ${MODULES_RUN_QUARANTINE:-}
+ '[' LD_LIBRARY_PATH = LD_LIBRARY_PATH -a LD_LIBRARY_PATH = LD_LIBRARY_PATH ']'
++ eval 'echo ${LD_LIBRARY_PATH+x}'
+++ echo x
+ '[' -n x ']'
++ eval 'echo ${LD_LIBRARY_PATH}'
+++ echo /software/spack-software/2020.05.14/linux-rhel8-x86_64/gcc-rh8-8.3.1/gcc-8.4.0-vblibp6qsuo6rbkdn6femxo5kcfnwvry/lib64:/software/spack-software/2020.05.14/linux-rhel8-x86_64/gcc-rh8-8.3.1/gcc-8.4.0-vblibp6qsuo6rbkdn6femxo5kcfnwvry/lib:/software/spack-software/2020.05.14/linux-rhel8-ivybridge/gcc-8.4.0/py-jupyter-1.0.0-6sdlmkmrerythh5zyl3onqvaeza3lxyf/lib:/software/spack-software/2020.05.14/linux-rhel8-ivybridge/gcc-8.4.0/python-3.7.7-zgcjuclie3fiis4ljkrfp4c4j6fkoa62/lib:/homes/fgarcia4/rockstar-galaxies/librockstar-galaxies.so
+ _mlre='LD_LIBRARY_PATH_modquar='\''/software/spack-software/2020.05.14/linux-rhel8-x86_64/gcc-rh8-8.3.1/gcc-8.4.0-vblibp6qsuo6rbkdn6femxo5kcfnwvry/lib64:/software/spack-software/2020.05.14/linux-rhel8-x86_64/gcc-rh8-8.3.1/gcc-8.4.0-vblibp6qsuo6rbkdn6femxo5kcfnwvry/lib:/software/spack-software/2020.05.14/linux-rhel8-ivybridge/gcc-8.4.0/py-jupyter-1.0.0-6sdlmkmrerythh5zyl3onqvaeza3lxyf/lib:/software/spack-software/2020.05.14/linux-rhel8-ivybridge/gcc-8.4.0/python-3.7.7-zgcjuclie3fiis4ljkrfp4c4j6fkoa62/lib:/homes/fgarcia4/rockstar-galaxies/librockstar-galaxies.so'\'' '
+ _mlrv=MODULES_RUNENV_LD_LIBRARY_PATH
++ eval 'echo ${MODULES_RUNENV_LD_LIBRARY_PATH:-}'
+++ echo
+ _mlre='LD_LIBRARY_PATH_modquar='\''/software/spack-software/2020.05.14/linux-rhel8-x86_64/gcc-rh8-8.3.1/gcc-8.4.0-vblibp6qsuo6rbkdn6femxo5kcfnwvry/lib64:/software/spack-software/2020.05.14/linux-rhel8-x86_64/gcc-rh8-8.3.1/gcc-8.4.0-vblibp6qsuo6rbkdn6femxo5kcfnwvry/lib:/software/spack-software/2020.05.14/linux-rhel8-ivybridge/gcc-8.4.0/py-jupyter-1.0.0-6sdlmkmrerythh5zyl3onqvaeza3lxyf/lib:/software/spack-software/2020.05.14/linux-rhel8-ivybridge/gcc-8.4.0/python-3.7.7-zgcjuclie3fiis4ljkrfp4c4j6fkoa62/lib:/homes/fgarcia4/rockstar-galaxies/librockstar-galaxies.so'\'' LD_LIBRARY_PATH='\'''\'' '
+ for _mlv in ${MODULES_RUN_QUARANTINE:-}
+ '[' LD_PRELOAD = LD_PRELOAD -a LD_PRELOAD = LD_PRELOAD ']'
++ eval 'echo ${LD_PRELOAD+x}'
+++ echo
+ '[' -n '' ']'
+ _mlrv=MODULES_RUNENV_LD_PRELOAD
++ eval 'echo ${MODULES_RUNENV_LD_PRELOAD:-}'
+++ echo
+ _mlre='LD_LIBRARY_PATH_modquar='\''/software/spack-software/2020.05.14/linux-rhel8-x86_64/gcc-rh8-8.3.1/gcc-8.4.0-vblibp6qsuo6rbkdn6femxo5kcfnwvry/lib64:/software/spack-software/2020.05.14/linux-rhel8-x86_64/gcc-rh8-8.3.1/gcc-8.4.0-vblibp6qsuo6rbkdn6femxo5kcfnwvry/lib:/software/spack-software/2020.05.14/linux-rhel8-ivybridge/gcc-8.4.0/py-jupyter-1.0.0-6sdlmkmrerythh5zyl3onqvaeza3lxyf/lib:/software/spack-software/2020.05.14/linux-rhel8-ivybridge/gcc-8.4.0/python-3.7.7-zgcjuclie3fiis4ljkrfp4c4j6fkoa62/lib:/homes/fgarcia4/rockstar-galaxies/librockstar-galaxies.so'\'' LD_LIBRARY_PATH='\'''\'' LD_PRELOAD='\'''\'' '
+ '[' -n 'LD_LIBRARY_PATH_modquar='\''/software/spack-software/2020.05.14/linux-rhel8-x86_64/gcc-rh8-8.3.1/gcc-8.4.0-vblibp6qsuo6rbkdn6femxo5kcfnwvry/lib64:/software/spack-software/2020.05.14/linux-rhel8-x86_64/gcc-rh8-8.3.1/gcc-8.4.0-vblibp6qsuo6rbkdn6femxo5kcfnwvry/lib:/software/spack-software/2020.05.14/linux-rhel8-ivybridge/gcc-8.4.0/py-jupyter-1.0.0-6sdlmkmrerythh5zyl3onqvaeza3lxyf/lib:/software/spack-software/2020.05.14/linux-rhel8-ivybridge/gcc-8.4.0/python-3.7.7-zgcjuclie3fiis4ljkrfp4c4j6fkoa62/lib:/homes/fgarcia4/rockstar-galaxies/librockstar-galaxies.so'\'' LD_LIBRARY_PATH='\'''\'' LD_PRELOAD='\'''\'' ' ']'
++ eval 'LD_LIBRARY_PATH_modquar='\''/software/spack-software/2020.05.14/linux-rhel8-x86_64/gcc-rh8-8.3.1/gcc-8.4.0-vblibp6qsuo6rbkdn6femxo5kcfnwvry/lib64:/software/spack-software/2020.05.14/linux-rhel8-x86_64/gcc-rh8-8.3.1/gcc-8.4.0-vblibp6qsuo6rbkdn6femxo5kcfnwvry/lib:/software/spack-software/2020.05.14/linux-rhel8-ivybridge/gcc-8.4.0/py-jupyter-1.0.0-6sdlmkmrerythh5zyl3onqvaeza3lxyf/lib:/software/spack-software/2020.05.14/linux-rhel8-ivybridge/gcc-8.4.0/python-3.7.7-zgcjuclie3fiis4ljkrfp4c4j6fkoa62/lib:/homes/fgarcia4/rockstar-galaxies/librockstar-galaxies.so'\''' 'LD_LIBRARY_PATH='\'''\''' 'LD_PRELOAD='\'''\''' /usr/bin/tclsh /usr/share/Modules/libexec/modulecmd.tcl bash '"$@"'
+++ LD_LIBRARY_PATH_modquar=/software/spack-software/2020.05.14/linux-rhel8-x86_64/gcc-rh8-8.3.1/gcc-8.4.0-vblibp6qsuo6rbkdn6femxo5kcfnwvry/lib64:/software/spack-software/2020.05.14/linux-rhel8-x86_64/gcc-rh8-8.3.1/gcc-8.4.0-vblibp6qsuo6rbkdn6femxo5kcfnwvry/lib:/software/spack-software/2020.05.14/linux-rhel8-ivybridge/gcc-8.4.0/py-jupyter-1.0.0-6sdlmkmrerythh5zyl3onqvaeza3lxyf/lib:/software/spack-software/2020.05.14/linux-rhel8-ivybridge/gcc-8.4.0/python-3.7.7-zgcjuclie3fiis4ljkrfp4c4j6fkoa62/lib:/homes/fgarcia4/rockstar-galaxies/librockstar-galaxies.so
+++ LD_LIBRARY_PATH=
+++ LD_PRELOAD=
+++ /usr/bin/tclsh /usr/share/Modules/libexec/modulecmd.tcl bash load gcc
+ eval
+ _mlstatus=0
+ '[' -n x ']'
+ IFS=' 	
'
+ unset _mlre _mlv _mlrv _mlIFS
+ '[' -n '' ']'
+ unset _mlshdbg
+ return 0
+ module load openmpi
+ unset _mlshdbg
+ '[' 0 = 1 ']'
+ unset _mlre _mlIFS
+ '[' -n x ']'
+ _mlIFS=' 	
'
+ IFS=' '
+ for _mlv in ${MODULES_RUN_QUARANTINE:-}
+ '[' LD_LIBRARY_PATH = LD_LIBRARY_PATH -a LD_LIBRARY_PATH = LD_LIBRARY_PATH ']'
++ eval 'echo ${LD_LIBRARY_PATH+x}'
+++ echo x
+ '[' -n x ']'
++ eval 'echo ${LD_LIBRARY_PATH}'
+++ echo /software/spack-software/2020.05.14/linux-rhel8-x86_64/gcc-rh8-8.3.1/gcc-8.4.0-vblibp6qsuo6rbkdn6femxo5kcfnwvry/lib64:/software/spack-software/2020.05.14/linux-rhel8-x86_64/gcc-rh8-8.3.1/gcc-8.4.0-vblibp6qsuo6rbkdn6femxo5kcfnwvry/lib:/software/spack-software/2020.05.14/linux-rhel8-ivybridge/gcc-8.4.0/py-jupyter-1.0.0-6sdlmkmrerythh5zyl3onqvaeza3lxyf/lib:/software/spack-software/2020.05.14/linux-rhel8-ivybridge/gcc-8.4.0/python-3.7.7-zgcjuclie3fiis4ljkrfp4c4j6fkoa62/lib:/homes/fgarcia4/rockstar-galaxies/librockstar-galaxies.so
+ _mlre='LD_LIBRARY_PATH_modquar='\''/software/spack-software/2020.05.14/linux-rhel8-x86_64/gcc-rh8-8.3.1/gcc-8.4.0-vblibp6qsuo6rbkdn6femxo5kcfnwvry/lib64:/software/spack-software/2020.05.14/linux-rhel8-x86_64/gcc-rh8-8.3.1/gcc-8.4.0-vblibp6qsuo6rbkdn6femxo5kcfnwvry/lib:/software/spack-software/2020.05.14/linux-rhel8-ivybridge/gcc-8.4.0/py-jupyter-1.0.0-6sdlmkmrerythh5zyl3onqvaeza3lxyf/lib:/software/spack-software/2020.05.14/linux-rhel8-ivybridge/gcc-8.4.0/python-3.7.7-zgcjuclie3fiis4ljkrfp4c4j6fkoa62/lib:/homes/fgarcia4/rockstar-galaxies/librockstar-galaxies.so'\'' '
+ _mlrv=MODULES_RUNENV_LD_LIBRARY_PATH
++ eval 'echo ${MODULES_RUNENV_LD_LIBRARY_PATH:-}'
+++ echo
+ _mlre='LD_LIBRARY_PATH_modquar='\''/software/spack-software/2020.05.14/linux-rhel8-x86_64/gcc-rh8-8.3.1/gcc-8.4.0-vblibp6qsuo6rbkdn6femxo5kcfnwvry/lib64:/software/spack-software/2020.05.14/linux-rhel8-x86_64/gcc-rh8-8.3.1/gcc-8.4.0-vblibp6qsuo6rbkdn6femxo5kcfnwvry/lib:/software/spack-software/2020.05.14/linux-rhel8-ivybridge/gcc-8.4.0/py-jupyter-1.0.0-6sdlmkmrerythh5zyl3onqvaeza3lxyf/lib:/software/spack-software/2020.05.14/linux-rhel8-ivybridge/gcc-8.4.0/python-3.7.7-zgcjuclie3fiis4ljkrfp4c4j6fkoa62/lib:/homes/fgarcia4/rockstar-galaxies/librockstar-galaxies.so'\'' LD_LIBRARY_PATH='\'''\'' '
+ for _mlv in ${MODULES_RUN_QUARANTINE:-}
+ '[' LD_PRELOAD = LD_PRELOAD -a LD_PRELOAD = LD_PRELOAD ']'
++ eval 'echo ${LD_PRELOAD+x}'
+++ echo
+ '[' -n '' ']'
+ _mlrv=MODULES_RUNENV_LD_PRELOAD
++ eval 'echo ${MODULES_RUNENV_LD_PRELOAD:-}'
+++ echo
+ _mlre='LD_LIBRARY_PATH_modquar='\''/software/spack-software/2020.05.14/linux-rhel8-x86_64/gcc-rh8-8.3.1/gcc-8.4.0-vblibp6qsuo6rbkdn6femxo5kcfnwvry/lib64:/software/spack-software/2020.05.14/linux-rhel8-x86_64/gcc-rh8-8.3.1/gcc-8.4.0-vblibp6qsuo6rbkdn6femxo5kcfnwvry/lib:/software/spack-software/2020.05.14/linux-rhel8-ivybridge/gcc-8.4.0/py-jupyter-1.0.0-6sdlmkmrerythh5zyl3onqvaeza3lxyf/lib:/software/spack-software/2020.05.14/linux-rhel8-ivybridge/gcc-8.4.0/python-3.7.7-zgcjuclie3fiis4ljkrfp4c4j6fkoa62/lib:/homes/fgarcia4/rockstar-galaxies/librockstar-galaxies.so'\'' LD_LIBRARY_PATH='\'''\'' LD_PRELOAD='\'''\'' '
+ '[' -n 'LD_LIBRARY_PATH_modquar='\''/software/spack-software/2020.05.14/linux-rhel8-x86_64/gcc-rh8-8.3.1/gcc-8.4.0-vblibp6qsuo6rbkdn6femxo5kcfnwvry/lib64:/software/spack-software/2020.05.14/linux-rhel8-x86_64/gcc-rh8-8.3.1/gcc-8.4.0-vblibp6qsuo6rbkdn6femxo5kcfnwvry/lib:/software/spack-software/2020.05.14/linux-rhel8-ivybridge/gcc-8.4.0/py-jupyter-1.0.0-6sdlmkmrerythh5zyl3onqvaeza3lxyf/lib:/software/spack-software/2020.05.14/linux-rhel8-ivybridge/gcc-8.4.0/python-3.7.7-zgcjuclie3fiis4ljkrfp4c4j6fkoa62/lib:/homes/fgarcia4/rockstar-galaxies/librockstar-galaxies.so'\'' LD_LIBRARY_PATH='\'''\'' LD_PRELOAD='\'''\'' ' ']'
++ eval 'LD_LIBRARY_PATH_modquar='\''/software/spack-software/2020.05.14/linux-rhel8-x86_64/gcc-rh8-8.3.1/gcc-8.4.0-vblibp6qsuo6rbkdn6femxo5kcfnwvry/lib64:/software/spack-software/2020.05.14/linux-rhel8-x86_64/gcc-rh8-8.3.1/gcc-8.4.0-vblibp6qsuo6rbkdn6femxo5kcfnwvry/lib:/software/spack-software/2020.05.14/linux-rhel8-ivybridge/gcc-8.4.0/py-jupyter-1.0.0-6sdlmkmrerythh5zyl3onqvaeza3lxyf/lib:/software/spack-software/2020.05.14/linux-rhel8-ivybridge/gcc-8.4.0/python-3.7.7-zgcjuclie3fiis4ljkrfp4c4j6fkoa62/lib:/homes/fgarcia4/rockstar-galaxies/librockstar-galaxies.so'\''' 'LD_LIBRARY_PATH='\'''\''' 'LD_PRELOAD='\'''\''' /usr/bin/tclsh /usr/share/Modules/libexec/modulecmd.tcl bash '"$@"'
+++ LD_LIBRARY_PATH_modquar=/software/spack-software/2020.05.14/linux-rhel8-x86_64/gcc-rh8-8.3.1/gcc-8.4.0-vblibp6qsuo6rbkdn6femxo5kcfnwvry/lib64:/software/spack-software/2020.05.14/linux-rhel8-x86_64/gcc-rh8-8.3.1/gcc-8.4.0-vblibp6qsuo6rbkdn6femxo5kcfnwvry/lib:/software/spack-software/2020.05.14/linux-rhel8-ivybridge/gcc-8.4.0/py-jupyter-1.0.0-6sdlmkmrerythh5zyl3onqvaeza3lxyf/lib:/software/spack-software/2020.05.14/linux-rhel8-ivybridge/gcc-8.4.0/python-3.7.7-zgcjuclie3fiis4ljkrfp4c4j6fkoa62/lib:/homes/fgarcia4/rockstar-galaxies/librockstar-galaxies.so
+++ LD_LIBRARY_PATH=
+++ LD_PRELOAD=
+++ /usr/bin/tclsh /usr/share/Modules/libexec/modulecmd.tcl bash load openmpi
+ eval 'LD_LIBRARY_PATH=/software/spack-software/2020.05.14/linux-rhel8-ivybridge/gcc-8.4.0/openmpi-3.1.5-e2ui4ckp7p2bs272tcu2wbbqnrye7kdl/lib:/software/spack-software/2020.05.14/linux-rhel8-x86_64/gcc-rh8-8.3.1/gcc-8.4.0-vblibp6qsuo6rbkdn6femxo5kcfnwvry/lib64:/software/spack-software/2020.05.14/linux-rhel8-x86_64/gcc-rh8-8.3.1/gcc-8.4.0-vblibp6qsuo6rbkdn6femxo5kcfnwvry/lib:/software/spack-software/2020.05.14/linux-rhel8-ivybridge/gcc-8.4.0/py-jupyter-1.0.0-6sdlmkmrerythh5zyl3onqvaeza3lxyf/lib:/software/spack-software/2020.05.14/linux-rhel8-ivybridge/gcc-8.4.0/python-3.7.7-zgcjuclie3fiis4ljkrfp4c4j6fkoa62/lib:/homes/fgarcia4/rockstar-galaxies/librockstar-galaxies.so;' export 'LD_LIBRARY_PATH;
CPATH=/software/spack-software/2020.05.14/linux-rhel8-ivybridge/gcc-8.4.0/openmpi-3.1.5-e2ui4ckp7p2bs272tcu2wbbqnrye7kdl/include:/software/spack-software/2020.05.14/linux-rhel8-x86_64/gcc-rh8-8.3.1/gcc-8.4.0-vblibp6qsuo6rbkdn6femxo5kcfnwvry/include:/software/spack-software/2020.05.14/linux-rhel8-ivybridge/gcc-8.4.0/python-3.7.7-zgcjuclie3fiis4ljkrfp4c4j6fkoa62/include;' export 'CPATH;
CPLUS_INCLUDE_PATH_modshare=/software/spack-software/2020.05.14/linux-rhel8-x86_64/gcc-rh8-8.3.1/gcc-8.4.0-vblibp6qsuo6rbkdn6femxo5kcfnwvry/include:1:/software/spack-software/2020.05.14/linux-rhel8-ivybridge/gcc-8.4.0/python-3.7.7-zgcjuclie3fiis4ljkrfp4c4j6fkoa62/include:1:/software/spack-software/2020.05.14/linux-rhel8-ivybridge/gcc-8.4.0/openmpi-3.1.5-e2ui4ckp7p2bs272tcu2wbbqnrye7kdl/include:1;' export 'CPLUS_INCLUDE_PATH_modshare;
MPI_ROOT=/software/spack-software/2020.05.14/linux-rhel8-ivybridge/gcc-8.4.0/openmpi-3.1.5-e2ui4ckp7p2bs272tcu2wbbqnrye7kdl;' export 'MPI_ROOT;
MANPATH=/software/spack-software/2020.05.14/linux-rhel8-ivybridge/gcc-8.4.0/openmpi-3.1.5-e2ui4ckp7p2bs272tcu2wbbqnrye7kdl/share/man:/software/spack-software/2020.05.14/linux-rhel8-x86_64/gcc-rh8-8.3.1/gcc-8.4.0-vblibp6qsuo6rbkdn6femxo5kcfnwvry/share/man:/software/spack-software/2020.05.14/linux-rhel8-ivybridge/gcc-8.4.0/python-3.7.7-zgcjuclie3fiis4ljkrfp4c4j6fkoa62/share/man::;' export 'MANPATH;
LIBRARY_PATH=/software/spack-software/2020.05.14/linux-rhel8-ivybridge/gcc-8.4.0/openmpi-3.1.5-e2ui4ckp7p2bs272tcu2wbbqnrye7kdl/lib:/software/spack-software/2020.05.14/linux-rhel8-x86_64/gcc-rh8-8.3.1/gcc-8.4.0-vblibp6qsuo6rbkdn6femxo5kcfnwvry/lib64:/software/spack-software/2020.05.14/linux-rhel8-x86_64/gcc-rh8-8.3.1/gcc-8.4.0-vblibp6qsuo6rbkdn6femxo5kcfnwvry/lib:/software/spack-software/2020.05.14/linux-rhel8-ivybridge/gcc-8.4.0/py-jupyter-1.0.0-6sdlmkmrerythh5zyl3onqvaeza3lxyf/lib:/software/spack-software/2020.05.14/linux-rhel8-ivybridge/gcc-8.4.0/python-3.7.7-zgcjuclie3fiis4ljkrfp4c4j6fkoa62/lib;' export 'LIBRARY_PATH;
_LMFILES_=/software/modulefiles/modules/rhel8/matplotlib/3.2.1/gcc/8.4.0/ivybridge:/software/modulefiles/modules/rhel8/python/3.7.7/gcc/8.4.0/ivybridge:/software/modulefiles/modules/rhel8/gcc/8.4.0:/software/modulefiles/modules/rhel8/jupyter/python/3.7.7/gcc/8.4.0/ivybridge/1.0.0:/software/modulefiles/modules/rhel8/hpcc/deepthought2/1.0:/software/modulefiles/modules/rhel8/openmpi/gcc/8.4.0/ivybridge/3.1.5;' export '_LMFILES_;
LOADEDMODULES=matplotlib/3.2.1/gcc/8.4.0/ivybridge:python/3.7.7/gcc/8.4.0/ivybridge:gcc/8.4.0:jupyter/python/3.7.7/gcc/8.4.0/ivybridge/1.0.0:hpcc/deepthought2/1.0:openmpi/gcc/8.4.0/ivybridge/3.1.5;' export 'LOADEDMODULES;
MPIF77=/software/spack-software/2020.05.14/linux-rhel8-ivybridge/gcc-8.4.0/openmpi-3.1.5-e2ui4ckp7p2bs272tcu2wbbqnrye7kdl/bin/mpif77;' export 'MPIF77;
UCX_TLS=shm,ib,self;' export 'UCX_TLS;
CMAKE_PREFIX_PATH=/software/spack-software/2020.05.14/linux-rhel8-ivybridge/gcc-8.4.0/openmpi-3.1.5-e2ui4ckp7p2bs272tcu2wbbqnrye7kdl:/software/spack-software/2020.05.14/linux-rhel8-x86_64/gcc-rh8-8.3.1/gcc-8.4.0-vblibp6qsuo6rbkdn6femxo5kcfnwvry:/software/spack-software/2020.05.14/linux-rhel8-ivybridge/gcc-8.4.0/py-jupyter-1.0.0-6sdlmkmrerythh5zyl3onqvaeza3lxyf:/software/spack-software/2020.05.14/linux-rhel8-ivybridge/gcc-8.4.0/python-3.7.7-zgcjuclie3fiis4ljkrfp4c4j6fkoa62;' export 'CMAKE_PREFIX_PATH;
MODULES_LMALTNAME=matplotlib/3.2.1/gcc/8.4.0/ivybridge\&matplotlib/3.2.1/default\&matplotlib/3.2.1\&matplotlib/3.2.1/gcc/8.4.0/default\&matplotlib/3.2.1/gcc/8.4.0:python/3.7.7/gcc/8.4.0/ivybridge\&python/3.7.7/default\&python/3.7.7\&python/3.7.7/gcc/8.4.0/default\&python/3.7.7/gcc/8.4.0:jupyter/python/3.7.7/gcc/8.4.0/ivybridge/1.0.0\&jupyter/python/3.7.7/default\&jupyter/python/3.7.7\&jupyter/python/default\&jupyter/python\&jupyter/default\&jupyter\&jupyter/python/3.7.7/gcc/8.4.0/default\&jupyter/python/3.7.7/gcc/8.4.0:openmpi/gcc/8.4.0/ivybridge/3.1.5\&openmpi/gcc/8.4.0/default\&openmpi/gcc/8.4.0\&openmpi/gcc/default\&openmpi/gcc\&openmpi/default\&openmpi;' export 'MODULES_LMALTNAME;
MODULES_LMCONFLICT=matplotlib/3.2.1/gcc/8.4.0/ivybridge\&matplotlib:python/3.7.7/gcc/8.4.0/ivybridge\&python:gcc/8.4.0\&aocc\&gcc\&intel\&nvhpc\&pgi:jupyter/python/3.7.7/gcc/8.4.0/ivybridge/1.0.0\&jupyter:hpcc/deepthought2/1.0\&hpcc\&hpcc/deepthought2:openmpi/gcc/8.4.0/ivybridge/3.1.5\&openmpi\&intelmpi\&nvmpi;' export 'MODULES_LMCONFLICT;
MANPATH_modshare=:1:/software/spack-software/2020.05.14/linux-rhel8-x86_64/gcc-rh8-8.3.1/gcc-8.4.0-vblibp6qsuo6rbkdn6femxo5kcfnwvry/share/man:1:/software/spack-software/2020.05.14/linux-rhel8-ivybridge/gcc-8.4.0/python-3.7.7-zgcjuclie3fiis4ljkrfp4c4j6fkoa62/share/man:1:/software/spack-software/2020.05.14/linux-rhel8-ivybridge/gcc-8.4.0/openmpi-3.1.5-e2ui4ckp7p2bs272tcu2wbbqnrye7kdl/share/man:1;' export 'MANPATH_modshare;
OPENMPI_ROOT=/software/spack-software/2020.05.14/linux-rhel8-ivybridge/gcc-8.4.0/openmpi-3.1.5-e2ui4ckp7p2bs272tcu2wbbqnrye7kdl;' export 'OPENMPI_ROOT;
PKG_CONFIG_PATH=/software/spack-software/2020.05.14/linux-rhel8-ivybridge/gcc-8.4.0/openmpi-3.1.5-e2ui4ckp7p2bs272tcu2wbbqnrye7kdl/lib/pkgconfig:/software/spack-software/2020.05.14/linux-rhel8-x86_64/gcc-rh8-8.3.1/gcc-8.4.0-vblibp6qsuo6rbkdn6femxo5kcfnwvry/lib/pkgconfig:/software/spack-software/2020.05.14/linux-rhel8-ivybridge/gcc-8.4.0/python-3.7.7-zgcjuclie3fiis4ljkrfp4c4j6fkoa62/lib/pkgconfig;' export 'PKG_CONFIG_PATH;
LIBRARY_PATH_modshare=/software/spack-software/2020.05.14/linux-rhel8-ivybridge/gcc-8.4.0/openmpi-3.1.5-e2ui4ckp7p2bs272tcu2wbbqnrye7kdl/lib:1:/software/spack-software/2020.05.14/linux-rhel8-x86_64/gcc-rh8-8.3.1/gcc-8.4.0-vblibp6qsuo6rbkdn6femxo5kcfnwvry/lib64:1:/software/spack-software/2020.05.14/linux-rhel8-ivybridge/gcc-8.4.0/py-jupyter-1.0.0-6sdlmkmrerythh5zyl3onqvaeza3lxyf/lib:1:/software/spack-software/2020.05.14/linux-rhel8-x86_64/gcc-rh8-8.3.1/gcc-8.4.0-vblibp6qsuo6rbkdn6femxo5kcfnwvry/lib:1:/software/spack-software/2020.05.14/linux-rhel8-ivybridge/gcc-8.4.0/python-3.7.7-zgcjuclie3fiis4ljkrfp4c4j6fkoa62/lib:1;' export 'LIBRARY_PATH_modshare;
MPICC=/software/spack-software/2020.05.14/linux-rhel8-ivybridge/gcc-8.4.0/openmpi-3.1.5-e2ui4ckp7p2bs272tcu2wbbqnrye7kdl/bin/mpicc;' export 'MPICC;
C_INCLUDE_PATH_modshare=/software/spack-software/2020.05.14/linux-rhel8-x86_64/gcc-rh8-8.3.1/gcc-8.4.0-vblibp6qsuo6rbkdn6femxo5kcfnwvry/include:1:/software/spack-software/2020.05.14/linux-rhel8-ivybridge/gcc-8.4.0/python-3.7.7-zgcjuclie3fiis4ljkrfp4c4j6fkoa62/include:1:/software/spack-software/2020.05.14/linux-rhel8-ivybridge/gcc-8.4.0/openmpi-3.1.5-e2ui4ckp7p2bs272tcu2wbbqnrye7kdl/include:1;' export 'C_INCLUDE_PATH_modshare;
INCLUDE=/software/spack-software/2020.05.14/linux-rhel8-ivybridge/gcc-8.4.0/openmpi-3.1.5-e2ui4ckp7p2bs272tcu2wbbqnrye7kdl/include:/software/spack-software/2020.05.14/linux-rhel8-x86_64/gcc-rh8-8.3.1/gcc-8.4.0-vblibp6qsuo6rbkdn6femxo5kcfnwvry/include:/software/spack-software/2020.05.14/linux-rhel8-ivybridge/gcc-8.4.0/python-3.7.7-zgcjuclie3fiis4ljkrfp4c4j6fkoa62/include;' export 'INCLUDE;
MODULES_LMALTNAME_modshare=openmpi/gcc/8.4.0/ivybridge/3.1.5\&openmpi/gcc/8.4.0/default\&openmpi/gcc/8.4.0\&openmpi/gcc/default\&openmpi/gcc\&openmpi/default\&openmpi:1:matplotlib/3.2.1/gcc/8.4.0/ivybridge\&matplotlib/3.2.1/default\&matplotlib/3.2.1\&matplotlib/3.2.1/gcc/8.4.0/default\&matplotlib/3.2.1/gcc/8.4.0:1:python/3.7.7/gcc/8.4.0/ivybridge\&python/3.7.7/default\&python/3.7.7\&python/3.7.7/gcc/8.4.0/default\&python/3.7.7/gcc/8.4.0:1:jupyter/python/3.7.7/gcc/8.4.0/ivybridge/1.0.0\&jupyter/python/3.7.7/default\&jupyter/python/3.7.7\&jupyter/python/default\&jupyter/python\&jupyter/default\&jupyter\&jupyter/python/3.7.7/gcc/8.4.0/default\&jupyter/python/3.7.7/gcc/8.4.0:1;' export 'MODULES_LMALTNAME_modshare;
MODULES_LMCONFLICT_modshare=gcc/8.4.0\&aocc\&gcc\&intel\&nvhpc\&pgi:1:jupyter/python/3.7.7/gcc/8.4.0/ivybridge/1.0.0\&jupyter:1:hpcc/deepthought2/1.0\&hpcc\&hpcc/deepthought2:1:openmpi/gcc/8.4.0/ivybridge/3.1.5\&openmpi\&intelmpi\&nvmpi:1:python/3.7.7/gcc/8.4.0/ivybridge\&python:1:matplotlib/3.2.1/gcc/8.4.0/ivybridge\&matplotlib:1;' export 'MODULES_LMCONFLICT_modshare;
OPENMPI_LIBDIR=/software/spack-software/2020.05.14/linux-rhel8-ivybridge/gcc-8.4.0/openmpi-3.1.5-e2ui4ckp7p2bs272tcu2wbbqnrye7kdl/lib;' export 'OPENMPI_LIBDIR;
PKG_CONFIG_PATH_modshare=/software/spack-software/2020.05.14/linux-rhel8-x86_64/gcc-rh8-8.3.1/gcc-8.4.0-vblibp6qsuo6rbkdn6femxo5kcfnwvry/lib/pkgconfig:1:/software/spack-software/2020.05.14/linux-rhel8-ivybridge/gcc-8.4.0/python-3.7.7-zgcjuclie3fiis4ljkrfp4c4j6fkoa62/lib/pkgconfig:1:/software/spack-software/2020.05.14/linux-rhel8-ivybridge/gcc-8.4.0/openmpi-3.1.5-e2ui4ckp7p2bs272tcu2wbbqnrye7kdl/lib/pkgconfig:1;' export 'PKG_CONFIG_PATH_modshare;
CPLUS_INCLUDE_PATH=/software/spack-software/2020.05.14/linux-rhel8-ivybridge/gcc-8.4.0/openmpi-3.1.5-e2ui4ckp7p2bs272tcu2wbbqnrye7kdl/include:/software/spack-software/2020.05.14/linux-rhel8-x86_64/gcc-rh8-8.3.1/gcc-8.4.0-vblibp6qsuo6rbkdn6femxo5kcfnwvry/include:/software/spack-software/2020.05.14/linux-rhel8-ivybridge/gcc-8.4.0/python-3.7.7-zgcjuclie3fiis4ljkrfp4c4j6fkoa62/include;' export 'CPLUS_INCLUDE_PATH;
MPI_INC=/software/spack-software/2020.05.14/linux-rhel8-ivybridge/gcc-8.4.0/openmpi-3.1.5-e2ui4ckp7p2bs272tcu2wbbqnrye7kdl/include;' export 'MPI_INC;
OPENMPI_INCDIR=/software/spack-software/2020.05.14/linux-rhel8-ivybridge/gcc-8.4.0/openmpi-3.1.5-e2ui4ckp7p2bs272tcu2wbbqnrye7kdl/include;' export 'OPENMPI_INCDIR;
MPICXX=/software/spack-software/2020.05.14/linux-rhel8-ivybridge/gcc-8.4.0/openmpi-3.1.5-e2ui4ckp7p2bs272tcu2wbbqnrye7kdl/bin/mpic++;' export 'MPICXX;
LD_LIBRARY_PATH_modshare=/software/spack-software/2020.05.14/linux-rhel8-ivybridge/gcc-8.4.0/openmpi-3.1.5-e2ui4ckp7p2bs272tcu2wbbqnrye7kdl/lib:1:/homes/fgarcia4/rockstar-galaxies/librockstar-galaxies.so:1:/software/spack-software/2020.05.14/linux-rhel8-x86_64/gcc-rh8-8.3.1/gcc-8.4.0-vblibp6qsuo6rbkdn6femxo5kcfnwvry/lib64:1:/software/spack-software/2020.05.14/linux-rhel8-ivybridge/gcc-8.4.0/py-jupyter-1.0.0-6sdlmkmrerythh5zyl3onqvaeza3lxyf/lib:1:/software/spack-software/2020.05.14/linux-rhel8-x86_64/gcc-rh8-8.3.1/gcc-8.4.0-vblibp6qsuo6rbkdn6femxo5kcfnwvry/lib:1:/software/spack-software/2020.05.14/linux-rhel8-ivybridge/gcc-8.4.0/python-3.7.7-zgcjuclie3fiis4ljkrfp4c4j6fkoa62/lib:1;' export 'LD_LIBRARY_PATH_modshare;
CPATH_modshare=/software/spack-software/2020.05.14/linux-rhel8-x86_64/gcc-rh8-8.3.1/gcc-8.4.0-vblibp6qsuo6rbkdn6femxo5kcfnwvry/include:1:/software/spack-software/2020.05.14/linux-rhel8-ivybridge/gcc-8.4.0/python-3.7.7-zgcjuclie3fiis4ljkrfp4c4j6fkoa62/include:1:/software/spack-software/2020.05.14/linux-rhel8-ivybridge/gcc-8.4.0/openmpi-3.1.5-e2ui4ckp7p2bs272tcu2wbbqnrye7kdl/include:1;' export 'CPATH_modshare;
C_INCLUDE_PATH=/software/spack-software/2020.05.14/linux-rhel8-ivybridge/gcc-8.4.0/openmpi-3.1.5-e2ui4ckp7p2bs272tcu2wbbqnrye7kdl/include:/software/spack-software/2020.05.14/linux-rhel8-x86_64/gcc-rh8-8.3.1/gcc-8.4.0-vblibp6qsuo6rbkdn6femxo5kcfnwvry/include:/software/spack-software/2020.05.14/linux-rhel8-ivybridge/gcc-8.4.0/python-3.7.7-zgcjuclie3fiis4ljkrfp4c4j6fkoa62/include;' export 'C_INCLUDE_PATH;
_LMFILES__modshare=/software/modulefiles/modules/rhel8/python/3.7.7/gcc/8.4.0/ivybridge:1:/software/modulefiles/modules/rhel8/hpcc/deepthought2/1.0:1:/software/modulefiles/modules/rhel8/openmpi/gcc/8.4.0/ivybridge/3.1.5:1:/software/modulefiles/modules/rhel8/jupyter/python/3.7.7/gcc/8.4.0/ivybridge/1.0.0:1:/software/modulefiles/modules/rhel8/matplotlib/3.2.1/gcc/8.4.0/ivybridge:1:/software/modulefiles/modules/rhel8/gcc/8.4.0:1;' export '_LMFILES__modshare;
LOADEDMODULES_modshare=matplotlib/3.2.1/gcc/8.4.0/ivybridge:1:gcc/8.4.0:1:python/3.7.7/gcc/8.4.0/ivybridge:1:hpcc/deepthought2/1.0:1:openmpi/gcc/8.4.0/ivybridge/3.1.5:1:jupyter/python/3.7.7/gcc/8.4.0/ivybridge/1.0.0:1;' export 'LOADEDMODULES_modshare;
MPI_LIB=/software/spack-software/2020.05.14/linux-rhel8-ivybridge/gcc-8.4.0/openmpi-3.1.5-e2ui4ckp7p2bs272tcu2wbbqnrye7kdl/lib;' export 'MPI_LIB;
CMAKE_PREFIX_PATH_modshare=/software/spack-software/2020.05.14/linux-rhel8-x86_64/gcc-rh8-8.3.1/gcc-8.4.0-vblibp6qsuo6rbkdn6femxo5kcfnwvry:1:/software/spack-software/2020.05.14/linux-rhel8-ivybridge/gcc-8.4.0/python-3.7.7-zgcjuclie3fiis4ljkrfp4c4j6fkoa62:1:/software/spack-software/2020.05.14/linux-rhel8-ivybridge/gcc-8.4.0/openmpi-3.1.5-e2ui4ckp7p2bs272tcu2wbbqnrye7kdl:1:/software/spack-software/2020.05.14/linux-rhel8-ivybridge/gcc-8.4.0/py-jupyter-1.0.0-6sdlmkmrerythh5zyl3onqvaeza3lxyf:1;' export 'CMAKE_PREFIX_PATH_modshare;
MPIF90=/software/spack-software/2020.05.14/linux-rhel8-ivybridge/gcc-8.4.0/openmpi-3.1.5-e2ui4ckp7p2bs272tcu2wbbqnrye7kdl/bin/mpif90;' export 'MPIF90;
PATH=/software/spack-software/2020.05.14/linux-rhel8-ivybridge/gcc-8.4.0/openmpi-3.1.5-e2ui4ckp7p2bs272tcu2wbbqnrye7kdl/bin:/software/acigs-utilities/bin:/homes/fgarcia4/py-virtual-envs/master/bin:/software/acigs-utilities/bin:/software/acigs-utilities/bin:/software/spack-software/2020.05.14/linux-rhel8-x86_64/gcc-rh8-8.3.1/gcc-8.4.0-vblibp6qsuo6rbkdn6femxo5kcfnwvry/bin:/software/spack-software/2020.05.14/linux-rhel8-ivybridge/gcc-8.4.0/py-jupyter-1.0.0-6sdlmkmrerythh5zyl3onqvaeza3lxyf/bin:/software/spack-software/2020.05.14/linux-rhel8-ivybridge/gcc-8.4.0/texlive-20190410-h3akxc37zsena7om3idsx3moxsbfekja/bin/x86_64-linux:/software/spack-software/2020.05.14/linux-rhel8-ivybridge/gcc-8.4.0/poppler-0.87.0-c22uylhu5j5yhdnaxb4rdp2xnlzzywuj/bin:/software/spack-software/2020.05.14/linux-rhel8-ivybridge/gcc-8.4.0/ghostscript-9.50-kdjv5xjewqtxudlwejhgndgk4podnjes/bin:/software/spack-software/2020.05.14/linux-rhel8-ivybridge/gcc-8.4.0/imagemagick-7.0.8-7-w5qxsgyi7m2jnf72qvvo22kbi6qshjex/bin:/software/spack-software/2020.05.14/linux-rhel8-ivybridge/gcc-8.4.0/python-3.7.7-zgcjuclie3fiis4ljkrfp4c4j6fkoa62/bin:/homes/fgarcia4/.local/bin:/usr/share/Modules/bin:/usr/lib/heimdal/bin:/usr/local/bin:/usr/bin:/usr/local/sbin:/usr/sbin:/opt/dell/srvadmin/bin;' export 'PATH;
INCLUDE_modshare=/software/spack-software/2020.05.14/linux-rhel8-x86_64/gcc-rh8-8.3.1/gcc-8.4.0-vblibp6qsuo6rbkdn6femxo5kcfnwvry/include:1:/software/spack-software/2020.05.14/linux-rhel8-ivybridge/gcc-8.4.0/python-3.7.7-zgcjuclie3fiis4ljkrfp4c4j6fkoa62/include:1:/software/spack-software/2020.05.14/linux-rhel8-ivybridge/gcc-8.4.0/openmpi-3.1.5-e2ui4ckp7p2bs272tcu2wbbqnrye7kdl/include:1;' export 'INCLUDE_modshare;
MPIFC=/software/spack-software/2020.05.14/linux-rhel8-ivybridge/gcc-8.4.0/openmpi-3.1.5-e2ui4ckp7p2bs272tcu2wbbqnrye7kdl/bin/mpifort;' export 'MPIFC;
PATH_modshare=/usr/bin:1:/software/spack-software/2020.05.14/linux-rhel8-ivybridge/gcc-8.4.0/imagemagick-7.0.8-7-w5qxsgyi7m2jnf72qvvo22kbi6qshjex/bin:1:/usr/local/bin:1:/homes/fgarcia4/py-virtual-envs/master/bin:1:/software/spack-software/2020.05.14/linux-rhel8-ivybridge/gcc-8.4.0/py-jupyter-1.0.0-6sdlmkmrerythh5zyl3onqvaeza3lxyf/bin:1:/usr/share/Modules/bin:1:/software/spack-software/2020.05.14/linux-rhel8-ivybridge/gcc-8.4.0/texlive-20190410-h3akxc37zsena7om3idsx3moxsbfekja/bin/x86_64-linux:1:/opt/dell/srvadmin/bin:1:/software/spack-software/2020.05.14/linux-rhel8-ivybridge/gcc-8.4.0/poppler-0.87.0-c22uylhu5j5yhdnaxb4rdp2xnlzzywuj/bin:1:/software/spack-software/2020.05.14/linux-rhel8-ivybridge/gcc-8.4.0/python-3.7.7-zgcjuclie3fiis4ljkrfp4c4j6fkoa62/bin:1:/software/acigs-utilities/bin:1:/software/spack-software/2020.05.14/linux-rhel8-ivybridge/gcc-8.4.0/ghostscript-9.50-kdjv5xjewqtxudlwejhgndgk4podnjes/bin:1:/usr/lib/heimdal/bin:1:/homes/fgarcia4/.local/bin:1:/usr/sbin:1:/software/spack-software/2020.05.14/linux-rhel8-x86_64/gcc-rh8-8.3.1/gcc-8.4.0-vblibp6qsuo6rbkdn6femxo5kcfnwvry/bin:1:/software/spack-software/2020.05.14/linux-rhel8-ivybridge/gcc-8.4.0/openmpi-3.1.5-e2ui4ckp7p2bs272tcu2wbbqnrye7kdl/bin:1:/usr/local/sbin:1;' export 'PATH_modshare;
test' '0;'
++ LD_LIBRARY_PATH=/software/spack-software/2020.05.14/linux-rhel8-ivybridge/gcc-8.4.0/openmpi-3.1.5-e2ui4ckp7p2bs272tcu2wbbqnrye7kdl/lib:/software/spack-software/2020.05.14/linux-rhel8-x86_64/gcc-rh8-8.3.1/gcc-8.4.0-vblibp6qsuo6rbkdn6femxo5kcfnwvry/lib64:/software/spack-software/2020.05.14/linux-rhel8-x86_64/gcc-rh8-8.3.1/gcc-8.4.0-vblibp6qsuo6rbkdn6femxo5kcfnwvry/lib:/software/spack-software/2020.05.14/linux-rhel8-ivybridge/gcc-8.4.0/py-jupyter-1.0.0-6sdlmkmrerythh5zyl3onqvaeza3lxyf/lib:/software/spack-software/2020.05.14/linux-rhel8-ivybridge/gcc-8.4.0/python-3.7.7-zgcjuclie3fiis4ljkrfp4c4j6fkoa62/lib:/homes/fgarcia4/rockstar-galaxies/librockstar-galaxies.so
++ export LD_LIBRARY_PATH
++ CPATH=/software/spack-software/2020.05.14/linux-rhel8-ivybridge/gcc-8.4.0/openmpi-3.1.5-e2ui4ckp7p2bs272tcu2wbbqnrye7kdl/include:/software/spack-software/2020.05.14/linux-rhel8-x86_64/gcc-rh8-8.3.1/gcc-8.4.0-vblibp6qsuo6rbkdn6femxo5kcfnwvry/include:/software/spack-software/2020.05.14/linux-rhel8-ivybridge/gcc-8.4.0/python-3.7.7-zgcjuclie3fiis4ljkrfp4c4j6fkoa62/include
++ export CPATH
++ CPLUS_INCLUDE_PATH_modshare=/software/spack-software/2020.05.14/linux-rhel8-x86_64/gcc-rh8-8.3.1/gcc-8.4.0-vblibp6qsuo6rbkdn6femxo5kcfnwvry/include:1:/software/spack-software/2020.05.14/linux-rhel8-ivybridge/gcc-8.4.0/python-3.7.7-zgcjuclie3fiis4ljkrfp4c4j6fkoa62/include:1:/software/spack-software/2020.05.14/linux-rhel8-ivybridge/gcc-8.4.0/openmpi-3.1.5-e2ui4ckp7p2bs272tcu2wbbqnrye7kdl/include:1
++ export CPLUS_INCLUDE_PATH_modshare
++ MPI_ROOT=/software/spack-software/2020.05.14/linux-rhel8-ivybridge/gcc-8.4.0/openmpi-3.1.5-e2ui4ckp7p2bs272tcu2wbbqnrye7kdl
++ export MPI_ROOT
++ MANPATH=/software/spack-software/2020.05.14/linux-rhel8-ivybridge/gcc-8.4.0/openmpi-3.1.5-e2ui4ckp7p2bs272tcu2wbbqnrye7kdl/share/man:/software/spack-software/2020.05.14/linux-rhel8-x86_64/gcc-rh8-8.3.1/gcc-8.4.0-vblibp6qsuo6rbkdn6femxo5kcfnwvry/share/man:/software/spack-software/2020.05.14/linux-rhel8-ivybridge/gcc-8.4.0/python-3.7.7-zgcjuclie3fiis4ljkrfp4c4j6fkoa62/share/man::
++ export MANPATH
++ LIBRARY_PATH=/software/spack-software/2020.05.14/linux-rhel8-ivybridge/gcc-8.4.0/openmpi-3.1.5-e2ui4ckp7p2bs272tcu2wbbqnrye7kdl/lib:/software/spack-software/2020.05.14/linux-rhel8-x86_64/gcc-rh8-8.3.1/gcc-8.4.0-vblibp6qsuo6rbkdn6femxo5kcfnwvry/lib64:/software/spack-software/2020.05.14/linux-rhel8-x86_64/gcc-rh8-8.3.1/gcc-8.4.0-vblibp6qsuo6rbkdn6femxo5kcfnwvry/lib:/software/spack-software/2020.05.14/linux-rhel8-ivybridge/gcc-8.4.0/py-jupyter-1.0.0-6sdlmkmrerythh5zyl3onqvaeza3lxyf/lib:/software/spack-software/2020.05.14/linux-rhel8-ivybridge/gcc-8.4.0/python-3.7.7-zgcjuclie3fiis4ljkrfp4c4j6fkoa62/lib
++ export LIBRARY_PATH
++ _LMFILES_=/software/modulefiles/modules/rhel8/matplotlib/3.2.1/gcc/8.4.0/ivybridge:/software/modulefiles/modules/rhel8/python/3.7.7/gcc/8.4.0/ivybridge:/software/modulefiles/modules/rhel8/gcc/8.4.0:/software/modulefiles/modules/rhel8/jupyter/python/3.7.7/gcc/8.4.0/ivybridge/1.0.0:/software/modulefiles/modules/rhel8/hpcc/deepthought2/1.0:/software/modulefiles/modules/rhel8/openmpi/gcc/8.4.0/ivybridge/3.1.5
++ export _LMFILES_
++ LOADEDMODULES=matplotlib/3.2.1/gcc/8.4.0/ivybridge:python/3.7.7/gcc/8.4.0/ivybridge:gcc/8.4.0:jupyter/python/3.7.7/gcc/8.4.0/ivybridge/1.0.0:hpcc/deepthought2/1.0:openmpi/gcc/8.4.0/ivybridge/3.1.5
++ export LOADEDMODULES
++ MPIF77=/software/spack-software/2020.05.14/linux-rhel8-ivybridge/gcc-8.4.0/openmpi-3.1.5-e2ui4ckp7p2bs272tcu2wbbqnrye7kdl/bin/mpif77
++ export MPIF77
++ UCX_TLS=shm,ib,self
++ export UCX_TLS
++ CMAKE_PREFIX_PATH=/software/spack-software/2020.05.14/linux-rhel8-ivybridge/gcc-8.4.0/openmpi-3.1.5-e2ui4ckp7p2bs272tcu2wbbqnrye7kdl:/software/spack-software/2020.05.14/linux-rhel8-x86_64/gcc-rh8-8.3.1/gcc-8.4.0-vblibp6qsuo6rbkdn6femxo5kcfnwvry:/software/spack-software/2020.05.14/linux-rhel8-ivybridge/gcc-8.4.0/py-jupyter-1.0.0-6sdlmkmrerythh5zyl3onqvaeza3lxyf:/software/spack-software/2020.05.14/linux-rhel8-ivybridge/gcc-8.4.0/python-3.7.7-zgcjuclie3fiis4ljkrfp4c4j6fkoa62
++ export CMAKE_PREFIX_PATH
++ MODULES_LMALTNAME='matplotlib/3.2.1/gcc/8.4.0/ivybridge&matplotlib/3.2.1/default&matplotlib/3.2.1&matplotlib/3.2.1/gcc/8.4.0/default&matplotlib/3.2.1/gcc/8.4.0:python/3.7.7/gcc/8.4.0/ivybridge&python/3.7.7/default&python/3.7.7&python/3.7.7/gcc/8.4.0/default&python/3.7.7/gcc/8.4.0:jupyter/python/3.7.7/gcc/8.4.0/ivybridge/1.0.0&jupyter/python/3.7.7/default&jupyter/python/3.7.7&jupyter/python/default&jupyter/python&jupyter/default&jupyter&jupyter/python/3.7.7/gcc/8.4.0/default&jupyter/python/3.7.7/gcc/8.4.0:openmpi/gcc/8.4.0/ivybridge/3.1.5&openmpi/gcc/8.4.0/default&openmpi/gcc/8.4.0&openmpi/gcc/default&openmpi/gcc&openmpi/default&openmpi'
++ export MODULES_LMALTNAME
++ MODULES_LMCONFLICT='matplotlib/3.2.1/gcc/8.4.0/ivybridge&matplotlib:python/3.7.7/gcc/8.4.0/ivybridge&python:gcc/8.4.0&aocc&gcc&intel&nvhpc&pgi:jupyter/python/3.7.7/gcc/8.4.0/ivybridge/1.0.0&jupyter:hpcc/deepthought2/1.0&hpcc&hpcc/deepthought2:openmpi/gcc/8.4.0/ivybridge/3.1.5&openmpi&intelmpi&nvmpi'
++ export MODULES_LMCONFLICT
++ MANPATH_modshare=:1:/software/spack-software/2020.05.14/linux-rhel8-x86_64/gcc-rh8-8.3.1/gcc-8.4.0-vblibp6qsuo6rbkdn6femxo5kcfnwvry/share/man:1:/software/spack-software/2020.05.14/linux-rhel8-ivybridge/gcc-8.4.0/python-3.7.7-zgcjuclie3fiis4ljkrfp4c4j6fkoa62/share/man:1:/software/spack-software/2020.05.14/linux-rhel8-ivybridge/gcc-8.4.0/openmpi-3.1.5-e2ui4ckp7p2bs272tcu2wbbqnrye7kdl/share/man:1
++ export MANPATH_modshare
++ OPENMPI_ROOT=/software/spack-software/2020.05.14/linux-rhel8-ivybridge/gcc-8.4.0/openmpi-3.1.5-e2ui4ckp7p2bs272tcu2wbbqnrye7kdl
++ export OPENMPI_ROOT
++ PKG_CONFIG_PATH=/software/spack-software/2020.05.14/linux-rhel8-ivybridge/gcc-8.4.0/openmpi-3.1.5-e2ui4ckp7p2bs272tcu2wbbqnrye7kdl/lib/pkgconfig:/software/spack-software/2020.05.14/linux-rhel8-x86_64/gcc-rh8-8.3.1/gcc-8.4.0-vblibp6qsuo6rbkdn6femxo5kcfnwvry/lib/pkgconfig:/software/spack-software/2020.05.14/linux-rhel8-ivybridge/gcc-8.4.0/python-3.7.7-zgcjuclie3fiis4ljkrfp4c4j6fkoa62/lib/pkgconfig
++ export PKG_CONFIG_PATH
++ LIBRARY_PATH_modshare=/software/spack-software/2020.05.14/linux-rhel8-ivybridge/gcc-8.4.0/openmpi-3.1.5-e2ui4ckp7p2bs272tcu2wbbqnrye7kdl/lib:1:/software/spack-software/2020.05.14/linux-rhel8-x86_64/gcc-rh8-8.3.1/gcc-8.4.0-vblibp6qsuo6rbkdn6femxo5kcfnwvry/lib64:1:/software/spack-software/2020.05.14/linux-rhel8-ivybridge/gcc-8.4.0/py-jupyter-1.0.0-6sdlmkmrerythh5zyl3onqvaeza3lxyf/lib:1:/software/spack-software/2020.05.14/linux-rhel8-x86_64/gcc-rh8-8.3.1/gcc-8.4.0-vblibp6qsuo6rbkdn6femxo5kcfnwvry/lib:1:/software/spack-software/2020.05.14/linux-rhel8-ivybridge/gcc-8.4.0/python-3.7.7-zgcjuclie3fiis4ljkrfp4c4j6fkoa62/lib:1
++ export LIBRARY_PATH_modshare
++ MPICC=/software/spack-software/2020.05.14/linux-rhel8-ivybridge/gcc-8.4.0/openmpi-3.1.5-e2ui4ckp7p2bs272tcu2wbbqnrye7kdl/bin/mpicc
++ export MPICC
++ C_INCLUDE_PATH_modshare=/software/spack-software/2020.05.14/linux-rhel8-x86_64/gcc-rh8-8.3.1/gcc-8.4.0-vblibp6qsuo6rbkdn6femxo5kcfnwvry/include:1:/software/spack-software/2020.05.14/linux-rhel8-ivybridge/gcc-8.4.0/python-3.7.7-zgcjuclie3fiis4ljkrfp4c4j6fkoa62/include:1:/software/spack-software/2020.05.14/linux-rhel8-ivybridge/gcc-8.4.0/openmpi-3.1.5-e2ui4ckp7p2bs272tcu2wbbqnrye7kdl/include:1
++ export C_INCLUDE_PATH_modshare
++ INCLUDE=/software/spack-software/2020.05.14/linux-rhel8-ivybridge/gcc-8.4.0/openmpi-3.1.5-e2ui4ckp7p2bs272tcu2wbbqnrye7kdl/include:/software/spack-software/2020.05.14/linux-rhel8-x86_64/gcc-rh8-8.3.1/gcc-8.4.0-vblibp6qsuo6rbkdn6femxo5kcfnwvry/include:/software/spack-software/2020.05.14/linux-rhel8-ivybridge/gcc-8.4.0/python-3.7.7-zgcjuclie3fiis4ljkrfp4c4j6fkoa62/include
++ export INCLUDE
++ MODULES_LMALTNAME_modshare='openmpi/gcc/8.4.0/ivybridge/3.1.5&openmpi/gcc/8.4.0/default&openmpi/gcc/8.4.0&openmpi/gcc/default&openmpi/gcc&openmpi/default&openmpi:1:matplotlib/3.2.1/gcc/8.4.0/ivybridge&matplotlib/3.2.1/default&matplotlib/3.2.1&matplotlib/3.2.1/gcc/8.4.0/default&matplotlib/3.2.1/gcc/8.4.0:1:python/3.7.7/gcc/8.4.0/ivybridge&python/3.7.7/default&python/3.7.7&python/3.7.7/gcc/8.4.0/default&python/3.7.7/gcc/8.4.0:1:jupyter/python/3.7.7/gcc/8.4.0/ivybridge/1.0.0&jupyter/python/3.7.7/default&jupyter/python/3.7.7&jupyter/python/default&jupyter/python&jupyter/default&jupyter&jupyter/python/3.7.7/gcc/8.4.0/default&jupyter/python/3.7.7/gcc/8.4.0:1'
++ export MODULES_LMALTNAME_modshare
++ MODULES_LMCONFLICT_modshare='gcc/8.4.0&aocc&gcc&intel&nvhpc&pgi:1:jupyter/python/3.7.7/gcc/8.4.0/ivybridge/1.0.0&jupyter:1:hpcc/deepthought2/1.0&hpcc&hpcc/deepthought2:1:openmpi/gcc/8.4.0/ivybridge/3.1.5&openmpi&intelmpi&nvmpi:1:python/3.7.7/gcc/8.4.0/ivybridge&python:1:matplotlib/3.2.1/gcc/8.4.0/ivybridge&matplotlib:1'
++ export MODULES_LMCONFLICT_modshare
++ OPENMPI_LIBDIR=/software/spack-software/2020.05.14/linux-rhel8-ivybridge/gcc-8.4.0/openmpi-3.1.5-e2ui4ckp7p2bs272tcu2wbbqnrye7kdl/lib
++ export OPENMPI_LIBDIR
++ PKG_CONFIG_PATH_modshare=/software/spack-software/2020.05.14/linux-rhel8-x86_64/gcc-rh8-8.3.1/gcc-8.4.0-vblibp6qsuo6rbkdn6femxo5kcfnwvry/lib/pkgconfig:1:/software/spack-software/2020.05.14/linux-rhel8-ivybridge/gcc-8.4.0/python-3.7.7-zgcjuclie3fiis4ljkrfp4c4j6fkoa62/lib/pkgconfig:1:/software/spack-software/2020.05.14/linux-rhel8-ivybridge/gcc-8.4.0/openmpi-3.1.5-e2ui4ckp7p2bs272tcu2wbbqnrye7kdl/lib/pkgconfig:1
++ export PKG_CONFIG_PATH_modshare
++ CPLUS_INCLUDE_PATH=/software/spack-software/2020.05.14/linux-rhel8-ivybridge/gcc-8.4.0/openmpi-3.1.5-e2ui4ckp7p2bs272tcu2wbbqnrye7kdl/include:/software/spack-software/2020.05.14/linux-rhel8-x86_64/gcc-rh8-8.3.1/gcc-8.4.0-vblibp6qsuo6rbkdn6femxo5kcfnwvry/include:/software/spack-software/2020.05.14/linux-rhel8-ivybridge/gcc-8.4.0/python-3.7.7-zgcjuclie3fiis4ljkrfp4c4j6fkoa62/include
++ export CPLUS_INCLUDE_PATH
++ MPI_INC=/software/spack-software/2020.05.14/linux-rhel8-ivybridge/gcc-8.4.0/openmpi-3.1.5-e2ui4ckp7p2bs272tcu2wbbqnrye7kdl/include
++ export MPI_INC
++ OPENMPI_INCDIR=/software/spack-software/2020.05.14/linux-rhel8-ivybridge/gcc-8.4.0/openmpi-3.1.5-e2ui4ckp7p2bs272tcu2wbbqnrye7kdl/include
++ export OPENMPI_INCDIR
++ MPICXX=/software/spack-software/2020.05.14/linux-rhel8-ivybridge/gcc-8.4.0/openmpi-3.1.5-e2ui4ckp7p2bs272tcu2wbbqnrye7kdl/bin/mpic++
++ export MPICXX
++ LD_LIBRARY_PATH_modshare=/software/spack-software/2020.05.14/linux-rhel8-ivybridge/gcc-8.4.0/openmpi-3.1.5-e2ui4ckp7p2bs272tcu2wbbqnrye7kdl/lib:1:/homes/fgarcia4/rockstar-galaxies/librockstar-galaxies.so:1:/software/spack-software/2020.05.14/linux-rhel8-x86_64/gcc-rh8-8.3.1/gcc-8.4.0-vblibp6qsuo6rbkdn6femxo5kcfnwvry/lib64:1:/software/spack-software/2020.05.14/linux-rhel8-ivybridge/gcc-8.4.0/py-jupyter-1.0.0-6sdlmkmrerythh5zyl3onqvaeza3lxyf/lib:1:/software/spack-software/2020.05.14/linux-rhel8-x86_64/gcc-rh8-8.3.1/gcc-8.4.0-vblibp6qsuo6rbkdn6femxo5kcfnwvry/lib:1:/software/spack-software/2020.05.14/linux-rhel8-ivybridge/gcc-8.4.0/python-3.7.7-zgcjuclie3fiis4ljkrfp4c4j6fkoa62/lib:1
++ export LD_LIBRARY_PATH_modshare
++ CPATH_modshare=/software/spack-software/2020.05.14/linux-rhel8-x86_64/gcc-rh8-8.3.1/gcc-8.4.0-vblibp6qsuo6rbkdn6femxo5kcfnwvry/include:1:/software/spack-software/2020.05.14/linux-rhel8-ivybridge/gcc-8.4.0/python-3.7.7-zgcjuclie3fiis4ljkrfp4c4j6fkoa62/include:1:/software/spack-software/2020.05.14/linux-rhel8-ivybridge/gcc-8.4.0/openmpi-3.1.5-e2ui4ckp7p2bs272tcu2wbbqnrye7kdl/include:1
++ export CPATH_modshare
++ C_INCLUDE_PATH=/software/spack-software/2020.05.14/linux-rhel8-ivybridge/gcc-8.4.0/openmpi-3.1.5-e2ui4ckp7p2bs272tcu2wbbqnrye7kdl/include:/software/spack-software/2020.05.14/linux-rhel8-x86_64/gcc-rh8-8.3.1/gcc-8.4.0-vblibp6qsuo6rbkdn6femxo5kcfnwvry/include:/software/spack-software/2020.05.14/linux-rhel8-ivybridge/gcc-8.4.0/python-3.7.7-zgcjuclie3fiis4ljkrfp4c4j6fkoa62/include
++ export C_INCLUDE_PATH
++ _LMFILES__modshare=/software/modulefiles/modules/rhel8/python/3.7.7/gcc/8.4.0/ivybridge:1:/software/modulefiles/modules/rhel8/hpcc/deepthought2/1.0:1:/software/modulefiles/modules/rhel8/openmpi/gcc/8.4.0/ivybridge/3.1.5:1:/software/modulefiles/modules/rhel8/jupyter/python/3.7.7/gcc/8.4.0/ivybridge/1.0.0:1:/software/modulefiles/modules/rhel8/matplotlib/3.2.1/gcc/8.4.0/ivybridge:1:/software/modulefiles/modules/rhel8/gcc/8.4.0:1
++ export _LMFILES__modshare
++ LOADEDMODULES_modshare=matplotlib/3.2.1/gcc/8.4.0/ivybridge:1:gcc/8.4.0:1:python/3.7.7/gcc/8.4.0/ivybridge:1:hpcc/deepthought2/1.0:1:openmpi/gcc/8.4.0/ivybridge/3.1.5:1:jupyter/python/3.7.7/gcc/8.4.0/ivybridge/1.0.0:1
++ export LOADEDMODULES_modshare
++ MPI_LIB=/software/spack-software/2020.05.14/linux-rhel8-ivybridge/gcc-8.4.0/openmpi-3.1.5-e2ui4ckp7p2bs272tcu2wbbqnrye7kdl/lib
++ export MPI_LIB
++ CMAKE_PREFIX_PATH_modshare=/software/spack-software/2020.05.14/linux-rhel8-x86_64/gcc-rh8-8.3.1/gcc-8.4.0-vblibp6qsuo6rbkdn6femxo5kcfnwvry:1:/software/spack-software/2020.05.14/linux-rhel8-ivybridge/gcc-8.4.0/python-3.7.7-zgcjuclie3fiis4ljkrfp4c4j6fkoa62:1:/software/spack-software/2020.05.14/linux-rhel8-ivybridge/gcc-8.4.0/openmpi-3.1.5-e2ui4ckp7p2bs272tcu2wbbqnrye7kdl:1:/software/spack-software/2020.05.14/linux-rhel8-ivybridge/gcc-8.4.0/py-jupyter-1.0.0-6sdlmkmrerythh5zyl3onqvaeza3lxyf:1
++ export CMAKE_PREFIX_PATH_modshare
++ MPIF90=/software/spack-software/2020.05.14/linux-rhel8-ivybridge/gcc-8.4.0/openmpi-3.1.5-e2ui4ckp7p2bs272tcu2wbbqnrye7kdl/bin/mpif90
++ export MPIF90
++ PATH=/software/spack-software/2020.05.14/linux-rhel8-ivybridge/gcc-8.4.0/openmpi-3.1.5-e2ui4ckp7p2bs272tcu2wbbqnrye7kdl/bin:/software/acigs-utilities/bin:/homes/fgarcia4/py-virtual-envs/master/bin:/software/acigs-utilities/bin:/software/acigs-utilities/bin:/software/spack-software/2020.05.14/linux-rhel8-x86_64/gcc-rh8-8.3.1/gcc-8.4.0-vblibp6qsuo6rbkdn6femxo5kcfnwvry/bin:/software/spack-software/2020.05.14/linux-rhel8-ivybridge/gcc-8.4.0/py-jupyter-1.0.0-6sdlmkmrerythh5zyl3onqvaeza3lxyf/bin:/software/spack-software/2020.05.14/linux-rhel8-ivybridge/gcc-8.4.0/texlive-20190410-h3akxc37zsena7om3idsx3moxsbfekja/bin/x86_64-linux:/software/spack-software/2020.05.14/linux-rhel8-ivybridge/gcc-8.4.0/poppler-0.87.0-c22uylhu5j5yhdnaxb4rdp2xnlzzywuj/bin:/software/spack-software/2020.05.14/linux-rhel8-ivybridge/gcc-8.4.0/ghostscript-9.50-kdjv5xjewqtxudlwejhgndgk4podnjes/bin:/software/spack-software/2020.05.14/linux-rhel8-ivybridge/gcc-8.4.0/imagemagick-7.0.8-7-w5qxsgyi7m2jnf72qvvo22kbi6qshjex/bin:/software/spack-software/2020.05.14/linux-rhel8-ivybridge/gcc-8.4.0/python-3.7.7-zgcjuclie3fiis4ljkrfp4c4j6fkoa62/bin:/homes/fgarcia4/.local/bin:/usr/share/Modules/bin:/usr/lib/heimdal/bin:/usr/local/bin:/usr/bin:/usr/local/sbin:/usr/sbin:/opt/dell/srvadmin/bin
++ export PATH
++ INCLUDE_modshare=/software/spack-software/2020.05.14/linux-rhel8-x86_64/gcc-rh8-8.3.1/gcc-8.4.0-vblibp6qsuo6rbkdn6femxo5kcfnwvry/include:1:/software/spack-software/2020.05.14/linux-rhel8-ivybridge/gcc-8.4.0/python-3.7.7-zgcjuclie3fiis4ljkrfp4c4j6fkoa62/include:1:/software/spack-software/2020.05.14/linux-rhel8-ivybridge/gcc-8.4.0/openmpi-3.1.5-e2ui4ckp7p2bs272tcu2wbbqnrye7kdl/include:1
++ export INCLUDE_modshare
++ MPIFC=/software/spack-software/2020.05.14/linux-rhel8-ivybridge/gcc-8.4.0/openmpi-3.1.5-e2ui4ckp7p2bs272tcu2wbbqnrye7kdl/bin/mpifort
++ export MPIFC
++ PATH_modshare=/usr/bin:1:/software/spack-software/2020.05.14/linux-rhel8-ivybridge/gcc-8.4.0/imagemagick-7.0.8-7-w5qxsgyi7m2jnf72qvvo22kbi6qshjex/bin:1:/usr/local/bin:1:/homes/fgarcia4/py-virtual-envs/master/bin:1:/software/spack-software/2020.05.14/linux-rhel8-ivybridge/gcc-8.4.0/py-jupyter-1.0.0-6sdlmkmrerythh5zyl3onqvaeza3lxyf/bin:1:/usr/share/Modules/bin:1:/software/spack-software/2020.05.14/linux-rhel8-ivybridge/gcc-8.4.0/texlive-20190410-h3akxc37zsena7om3idsx3moxsbfekja/bin/x86_64-linux:1:/opt/dell/srvadmin/bin:1:/software/spack-software/2020.05.14/linux-rhel8-ivybridge/gcc-8.4.0/poppler-0.87.0-c22uylhu5j5yhdnaxb4rdp2xnlzzywuj/bin:1:/software/spack-software/2020.05.14/linux-rhel8-ivybridge/gcc-8.4.0/python-3.7.7-zgcjuclie3fiis4ljkrfp4c4j6fkoa62/bin:1:/software/acigs-utilities/bin:1:/software/spack-software/2020.05.14/linux-rhel8-ivybridge/gcc-8.4.0/ghostscript-9.50-kdjv5xjewqtxudlwejhgndgk4podnjes/bin:1:/usr/lib/heimdal/bin:1:/homes/fgarcia4/.local/bin:1:/usr/sbin:1:/software/spack-software/2020.05.14/linux-rhel8-x86_64/gcc-rh8-8.3.1/gcc-8.4.0-vblibp6qsuo6rbkdn6femxo5kcfnwvry/bin:1:/software/spack-software/2020.05.14/linux-rhel8-ivybridge/gcc-8.4.0/openmpi-3.1.5-e2ui4ckp7p2bs272tcu2wbbqnrye7kdl/bin:1:/usr/local/sbin:1
++ export PATH_modshare
++ test 0
+ _mlstatus=0
+ '[' -n x ']'
+ IFS=' 	
'
+ unset _mlre _mlv _mlrv _mlIFS
+ '[' -n '' ']'
+ unset _mlshdbg
+ return 0
+ STDOUT=sh_log
+ SCRIPT=/lustre/fgarcia4/glob_clust_evo/cluster_evolution/main_movie.py
+ mpirun -np 16 python3 /lustre/fgarcia4/glob_clust_evo/cluster_evolution/main_movie.py
+ tee -a sh_log
--------------------------------------------------------------------------
The library attempted to open the following supporting CUDA libraries,
but each of them failed.  CUDA-aware support is disabled.
libcuda.so.1: cannot open shared object file: No such file or directory
libcuda.dylib: cannot open shared object file: No such file or directory
/usr/lib64/libcuda.so.1: cannot open shared object file: No such file or directory
/usr/lib64/libcuda.dylib: cannot open shared object file: No such file or directory
If you are not interested in CUDA-aware support, then run with
--mca mpi_cuda_support 0 to suppress this message.  If you are interested
in CUDA-aware support, then try setting LD_LIBRARY_PATH to the location
of libcuda.so.1 to get passed this issue.
--------------------------------------------------------------------------
=============================================================================
Warning: particle_families are modified at /site-packages/yt/frontends/ramses
=============================================================================
=============================================================================
Warning: particle_families are modified at /site-packages/yt/frontends/ramses
=============================================================================
=============================================================================
Warning: particle_families are modified at /site-packages/yt/frontends/ramses
=============================================================================
=============================================================================
Warning: particle_families are modified at /site-packages/yt/frontends/ramses
=============================================================================
=============================================================================
Warning: particle_families are modified at /site-packages/yt/frontends/ramses
=============================================================================
=============================================================================
Warning: particle_families are modified at /site-packages/yt/frontends/ramses
=============================================================================
=============================================================================
Warning: particle_families are modified at /site-packages/yt/frontends/ramses
=============================================================================
=============================================================================
Warning: particle_families are modified at /site-packages/yt/frontends/ramses
=============================================================================
=============================================================================
Warning: particle_families are modified at /site-packages/yt/frontends/ramses
=============================================================================
=============================================================================
Warning: particle_families are modified at /site-packages/yt/frontends/ramses
=============================================================================
=============================================================================
Warning: particle_families are modified at /site-packages/yt/frontends/ramses
=============================================================================
=============================================================================
Warning: particle_families are modified at /site-packages/yt/frontends/ramses
=============================================================================
=============================================================================
Warning: particle_families are modified at /site-packages/yt/frontends/ramses
=============================================================================
=============================================================================
Warning: particle_families are modified at /site-packages/yt/frontends/ramses
=============================================================================
=============================================================================
Warning: particle_families are modified at /site-packages/yt/frontends/ramses
=============================================================================
=============================================================================
Warning: particle_families are modified at /site-packages/yt/frontends/ramses
=============================================================================
# Creating new sequence directory ../rendering/gas/fs07_refine/gas_projected_density_z
# Creating new sequence directory ../rendering/gas/fs07_refine/gas_projected_density_z
# Creating new sequence directory ../rendering/gas/fs07_refine/gas_projected_density_z
# Creating new sequence directory ../rendering/gas/fs07_refine/gas_projected_density_z
# Creating new sequence directory ../rendering/gas/fs07_refine/gas_projected_density_z
# Creating new sequence directory ../particle_data/pop_2_data/fs07_refine
# Creating new sequence directory ../particle_data/pop_2_data/fs07_refine
# Creating new sequence directory ../particle_data/pop_2_data/fs07_refine
# Creating new sequence directory ../particle_data/pop_2_data/fs07_refine
# Creating new sequence directory ../particle_data/pop_2_data/fs07_refine
# Creating new sequence directory ../particle_data/pop_2_data/fs07_refine
# Creating new sequence directory ../particle_data/pop_2_data/fs07_refine
# Creating new sequence directory ../particle_data/pop_2_data/fs07_refine
# Creating new sequence directory ../particle_data/pop_2_data/fs07_refine
# Creating new sequence directory ../particle_data/pop_2_data/fs07_refine
#________________________________________________________________
# reading in /lustre/fgarcia4/ramses/dwarf/data/cluster_evolution/fs07_refine/output_00113/info_00113.txt
#________________________________________________________________
# reading in /lustre/fgarcia4/ramses/dwarf/data/cluster_evolution/fs07_refine/output_00113/info_00113.txt
#________________________________________________________________
# reading in /lustre/fgarcia4/ramses/dwarf/data/cluster_evolution/fs07_refine/output_00113/info_00113.txt
  File "/lustre/fgarcia4/glob_clust_evo/cluster_evolution/main_movie.py", line 55, in <module>
    os.makedirs(newpath)
  File "/software/spack-software/2020.05.14/linux-rhel8-ivybridge/gcc-8.4.0/python-3.7.7-zgcjuclie3fiis4ljkrfp4c4j6fkoa62/lib/python3.7/os.py", line 223, in makedirs
    mkdir(name, mode)
P010 yt : [ERROR    ] 2022-05-23 01:14:18,458 FileExistsError: [Errno 17] File exists: '../rendering/gas/fs07_refine/gas_projected_density_z'
  File "/lustre/fgarcia4/glob_clust_evo/cluster_evolution/main_movie.py", line 55, in <module>
    os.makedirs(newpath)
  File "/software/spack-software/2020.05.14/linux-rhel8-ivybridge/gcc-8.4.0/python-3.7.7-zgcjuclie3fiis4ljkrfp4c4j6fkoa62/lib/python3.7/os.py", line 223, in makedirs
    mkdir(name, mode)
P006 yt : [ERROR    ] 2022-05-23 01:14:18,458 FileExistsError: [Errno 17] File exists: '../rendering/gas/fs07_refine/gas_projected_density_z'
  File "/lustre/fgarcia4/glob_clust_evo/cluster_evolution/main_movie.py", line 55, in <module>
    os.makedirs(newpath)
  File "/software/spack-software/2020.05.14/linux-rhel8-ivybridge/gcc-8.4.0/python-3.7.7-zgcjuclie3fiis4ljkrfp4c4j6fkoa62/lib/python3.7/os.py", line 223, in makedirs
    mkdir(name, mode)
P009 yt : [ERROR    ] 2022-05-23 01:14:18,458 FileExistsError: [Errno 17] File exists: '../rendering/gas/fs07_refine/gas_projected_density_z'
P006 yt : [ERROR    ] 2022-05-23 01:14:18,458 Error occured on rank 6.
P010 yt : [ERROR    ] 2022-05-23 01:14:18,458 Error occured on rank 10.
P009 yt : [ERROR    ] 2022-05-23 01:14:18,458 Error occured on rank 9.
  File "/lustre/fgarcia4/glob_clust_evo/cluster_evolution/main_movie.py", line 55, in <module>
    os.makedirs(newpath)
  File "/software/spack-software/2020.05.14/linux-rhel8-ivybridge/gcc-8.4.0/python-3.7.7-zgcjuclie3fiis4ljkrfp4c4j6fkoa62/lib/python3.7/os.py", line 223, in makedirs
    mkdir(name, mode)
P007 yt : [ERROR    ] 2022-05-23 01:14:18,458 FileExistsError: [Errno 17] File exists: '../rendering/gas/fs07_refine/gas_projected_density_z'
  File "/lustre/fgarcia4/glob_clust_evo/cluster_evolution/main_movie.py", line 58, in <module>
    os.makedirs(pop_2_save)
  File "/software/spack-software/2020.05.14/linux-rhel8-ivybridge/gcc-8.4.0/python-3.7.7-zgcjuclie3fiis4ljkrfp4c4j6fkoa62/lib/python3.7/os.py", line 223, in makedirs
    mkdir(name, mode)
P015 yt : [ERROR    ] 2022-05-23 01:14:18,458 FileExistsError: [Errno 17] File exists: '../particle_data/pop_2_data/fs07_refine'
  File "/lustre/fgarcia4/glob_clust_evo/cluster_evolution/main_movie.py", line 58, in <module>
    os.makedirs(pop_2_save)
  File "/software/spack-software/2020.05.14/linux-rhel8-ivybridge/gcc-8.4.0/python-3.7.7-zgcjuclie3fiis4ljkrfp4c4j6fkoa62/lib/python3.7/os.py", line 223, in makedirs
    mkdir(name, mode)
P011 yt : [ERROR    ] 2022-05-23 01:14:18,458 FileExistsError: [Errno 17] File exists: '../particle_data/pop_2_data/fs07_refine'
  File "/lustre/fgarcia4/glob_clust_evo/cluster_evolution/main_movie.py", line 58, in <module>
    os.makedirs(pop_2_save)
  File "/software/spack-software/2020.05.14/linux-rhel8-ivybridge/gcc-8.4.0/python-3.7.7-zgcjuclie3fiis4ljkrfp4c4j6fkoa62/lib/python3.7/os.py", line 223, in makedirs
    mkdir(name, mode)
P012 yt : [ERROR    ] 2022-05-23 01:14:18,458 FileExistsError: [Errno 17] File exists: '../particle_data/pop_2_data/fs07_refine'
P015 yt : [ERROR    ] 2022-05-23 01:14:18,458 Error occured on rank 15.
P007 yt : [ERROR    ] 2022-05-23 01:14:18,458 Error occured on rank 7.
P012 yt : [ERROR    ] 2022-05-23 01:14:18,458 Error occured on rank 12.
P011 yt : [ERROR    ] 2022-05-23 01:14:18,458 Error occured on rank 11.
  File "/lustre/fgarcia4/glob_clust_evo/cluster_evolution/main_movie.py", line 58, in <module>
    os.makedirs(pop_2_save)
  File "/software/spack-software/2020.05.14/linux-rhel8-ivybridge/gcc-8.4.0/python-3.7.7-zgcjuclie3fiis4ljkrfp4c4j6fkoa62/lib/python3.7/os.py", line 223, in makedirs
    mkdir(name, mode)
P013 yt : [ERROR    ] 2022-05-23 01:14:18,459 FileExistsError: [Errno 17] File exists: '../particle_data/pop_2_data/fs07_refine'
P013 yt : [ERROR    ] 2022-05-23 01:14:18,459 Error occured on rank 13.
--------------------------------------------------------------------------
MPI_ABORT was invoked on rank 10 in communicator MPI_COMM_WORLD
with errorcode 1.

NOTE: invoking MPI_ABORT causes Open MPI to kill all MPI processes.
You may or may not see output from other processes, depending on
exactly when Open MPI kills them.
--------------------------------------------------------------------------
  File "/lustre/fgarcia4/glob_clust_evo/cluster_evolution/main_movie.py", line 58, in <module>
    os.makedirs(pop_2_save)
  File "/software/spack-software/2020.05.14/linux-rhel8-ivybridge/gcc-8.4.0/python-3.7.7-zgcjuclie3fiis4ljkrfp4c4j6fkoa62/lib/python3.7/os.py", line 223, in makedirs
    mkdir(name, mode)
P000 yt : [ERROR    ] 2022-05-23 01:14:18,466 FileExistsError: [Errno 17] File exists: '../particle_data/pop_2_data/fs07_refine'
  File "/lustre/fgarcia4/glob_clust_evo/cluster_evolution/main_movie.py", line 58, in <module>
    os.makedirs(pop_2_save)
  File "/software/spack-software/2020.05.14/linux-rhel8-ivybridge/gcc-8.4.0/python-3.7.7-zgcjuclie3fiis4ljkrfp4c4j6fkoa62/lib/python3.7/os.py", line 223, in makedirs
    mkdir(name, mode)
P002 yt : [ERROR    ] 2022-05-23 01:14:18,466 FileExistsError: [Errno 17] File exists: '../particle_data/pop_2_data/fs07_refine'
  File "/lustre/fgarcia4/glob_clust_evo/cluster_evolution/main_movie.py", line 58, in <module>
    os.makedirs(pop_2_save)
  File "/software/spack-software/2020.05.14/linux-rhel8-ivybridge/gcc-8.4.0/python-3.7.7-zgcjuclie3fiis4ljkrfp4c4j6fkoa62/lib/python3.7/os.py", line 223, in makedirs
    mkdir(name, mode)
P003 yt : [ERROR    ] 2022-05-23 01:14:18,466 FileExistsError: [Errno 17] File exists: '../particle_data/pop_2_data/fs07_refine'
  File "/lustre/fgarcia4/glob_clust_evo/cluster_evolution/main_movie.py", line 58, in <module>
    os.makedirs(pop_2_save)
  File "/software/spack-software/2020.05.14/linux-rhel8-ivybridge/gcc-8.4.0/python-3.7.7-zgcjuclie3fiis4ljkrfp4c4j6fkoa62/lib/python3.7/os.py", line 223, in makedirs
    mkdir(name, mode)
P004 yt : [ERROR    ] 2022-05-23 01:14:18,466 FileExistsError: [Errno 17] File exists: '../particle_data/pop_2_data/fs07_refine'
P003 yt : [ERROR    ] 2022-05-23 01:14:18,466 Error occured on rank 3.
P004 yt : [ERROR    ] 2022-05-23 01:14:18,466 Error occured on rank 4.
P002 yt : [ERROR    ] 2022-05-23 01:14:18,467 Error occured on rank 2.
P000 yt : [ERROR    ] 2022-05-23 01:14:18,467 Error occured on rank 0.
  File "/lustre/fgarcia4/glob_clust_evo/cluster_evolution/main_movie.py", line 58, in <module>
    os.makedirs(pop_2_save)
  File "/software/spack-software/2020.05.14/linux-rhel8-ivybridge/gcc-8.4.0/python-3.7.7-zgcjuclie3fiis4ljkrfp4c4j6fkoa62/lib/python3.7/os.py", line 223, in makedirs
    mkdir(name, mode)
P005 yt : [ERROR    ] 2022-05-23 01:14:18,467 FileExistsError: [Errno 17] File exists: '../particle_data/pop_2_data/fs07_refine'
[compute-b19-24.deepthought2.umd.edu:3031147] PMIX ERROR: UNREACHABLE in file server/pmix_server.c at line 1741
[compute-b19-24.deepthought2.umd.edu:3031147] PMIX ERROR: UNREACHABLE in file server/pmix_server.c at line 1741
[compute-b19-24.deepthought2.umd.edu:3031147] PMIX ERROR: UNREACHABLE in file server/pmix_server.c at line 1741
[compute-b19-24.deepthought2.umd.edu:3031147] PMIX ERROR: UNREACHABLE in file server/pmix_server.c at line 1741
P005 yt : [ERROR    ] 2022-05-23 01:14:18,467 Error occured on rank 5.
[compute-b19-24.deepthought2.umd.edu:3031147] 15 more processes have sent help message help-mpi-common-cuda.txt / dlopen failed
[compute-b19-24.deepthought2.umd.edu:3031147] Set MCA parameter "orte_base_help_aggregate" to 0 to see all help / error messages
[compute-b19-24.deepthought2.umd.edu:3031147] 12 more processes have sent help message help-mpi-api.txt / mpi-abort
