--------------------------------------------------------------------------
The library attempted to open the following supporting CUDA libraries,
but each of them failed.  CUDA-aware support is disabled.
libcuda.so.1: cannot open shared object file: No such file or directory
libcuda.dylib: cannot open shared object file: No such file or directory
/usr/lib64/libcuda.so.1: cannot open shared object file: No such file or directory
/usr/lib64/libcuda.dylib: cannot open shared object file: No such file or directory
If you are not interested in CUDA-aware support, then run with
--mca mpi_cuda_support 0 to suppress this message.  If you are interested
in CUDA-aware support, then try setting LD_LIBRARY_PATH to the location
of libcuda.so.1 to get passed this issue.
--------------------------------------------------------------------------
=============================================================================
Warning: particle_families are modified at /site-packages/yt/frontends/ramses
=============================================================================
  File "/lustre/fgarcia4/glob_clust_evo/cluster_evolution/fs035_get_gas_data.py", line 41, in <module>
    if output_num in skip_frames:
P000 yt : [ERROR    ] 2022-07-19 00:07:24,271 NameError: name 'output_num' is not defined
P000 yt : [ERROR    ] 2022-07-19 00:07:24,271 Error occured on rank 0.
--------------------------------------------------------------------------
MPI_ABORT was invoked on rank 0 in communicator MPI_COMM_WORLD
with errorcode 1.

NOTE: invoking MPI_ABORT causes Open MPI to kill all MPI processes.
You may or may not see output from other processes, depending on
exactly when Open MPI kills them.
--------------------------------------------------------------------------
=============================================================================
Warning: particle_families are modified at /site-packages/yt/frontends/ramses
=============================================================================
  File "/lustre/fgarcia4/glob_clust_evo/cluster_evolution/fs035_get_gas_data.py", line 41, in <module>
    if output_num in skip_frames:
P001 yt : [ERROR    ] 2022-07-19 00:07:24,725 NameError: name 'output_num' is not defined
P001 yt : [ERROR    ] 2022-07-19 00:07:24,726 Error occured on rank 1.
[compute-b19-26.deepthought2.umd.edu:1189890] 1 more process has sent help message help-mpi-common-cuda.txt / dlopen failed
[compute-b19-26.deepthought2.umd.edu:1189890] Set MCA parameter "orte_base_help_aggregate" to 0 to see all help / error messages
[compute-b19-26.deepthought2.umd.edu:1189890] 1 more process has sent help message help-mpi-api.txt / mpi-abort
